Using pre-set license
Built from '2021.2/staging' branch; Version is '2021.2.7f1 (6bd9e232123f) revision 7068130'; Using compiler version '192829333'; Build Type 'Release'
OS: 'Windows 10  (10.0.19042) 64bit CoreSingleLanguage' Language: 'en' Physical Memory: 15741 MB
BatchMode: 1, IsHumanControllingUs: 0, StartBugReporterOnCrash: 0, Is64bit: 1, IsPro: 0

COMMAND LINE ARGUMENTS:
C:\Program Files\Unity\Hub\Editor\2021.2.7f1\Editor\Unity.exe
-adb2
-batchMode
-noUpm
-name
AssetImportWorker4
-projectPath
C:/Unity/LogisticsVR
-logFile
Logs/AssetImportWorker4.log
-srvPort
49583
Successfully changed project path to: C:/Unity/LogisticsVR
C:/Unity/LogisticsVR
[UnityMemory] Configuration Parameters - Can be set up in boot.config
    "memorysetup-bucket-allocator-granularity=16"
    "memorysetup-bucket-allocator-bucket-count=8"
    "memorysetup-bucket-allocator-block-size=33554432"
    "memorysetup-bucket-allocator-block-count=8"
    "memorysetup-main-allocator-block-size=16777216"
    "memorysetup-thread-allocator-block-size=16777216"
    "memorysetup-gfx-main-allocator-block-size=16777216"
    "memorysetup-gfx-thread-allocator-block-size=16777216"
    "memorysetup-cache-allocator-block-size=4194304"
    "memorysetup-typetree-allocator-block-size=2097152"
    "memorysetup-profiler-bucket-allocator-granularity=16"
    "memorysetup-profiler-bucket-allocator-bucket-count=8"
    "memorysetup-profiler-bucket-allocator-block-size=33554432"
    "memorysetup-profiler-bucket-allocator-block-count=8"
    "memorysetup-profiler-allocator-block-size=16777216"
    "memorysetup-profiler-editor-allocator-block-size=1048576"
    "memorysetup-temp-allocator-size-main=16777216"
    "memorysetup-job-temp-allocator-block-size=2097152"
    "memorysetup-job-temp-allocator-block-size-background=1048576"
    "memorysetup-job-temp-allocator-reduction-small-platforms=262144"
    "memorysetup-temp-allocator-size-background-worker=32768"
    "memorysetup-temp-allocator-size-job-worker=262144"
    "memorysetup-temp-allocator-size-preload-manager=33554432"
    "memorysetup-temp-allocator-size-nav-mesh-worker=65536"
    "memorysetup-temp-allocator-size-audio-worker=65536"
    "memorysetup-temp-allocator-size-cloud-worker=32768"
    "memorysetup-temp-allocator-size-gi-baking-worker=262144"
    "memorysetup-temp-allocator-size-gfx=262144"
Refreshing native plugins compatible for Editor in 94.60 ms, found 3 plugins.
Preloading 0 native plugins for Editor in 0.00 ms.
Initialize engine version: 2021.2.7f1 (6bd9e232123f)
[Subsystems] Discovering subsystems at path C:/Program Files/Unity/Hub/Editor/2021.2.7f1/Editor/Data/Resources/UnitySubsystems
[Subsystems] Discovering subsystems at path C:/Unity/LogisticsVR/Assets
GfxDevice: creating device client; threaded=0; jobified=0
Direct3D:
    Version:  Direct3D 11.0 [level 11.1]
    Renderer: AMD Radeon(TM) Graphics (ID=0x1636)
    Vendor:   ATI
    VRAM:     7870 MB
    Driver:   30.0.13025.5005
Initialize mono
Mono path[0] = 'C:/Program Files/Unity/Hub/Editor/2021.2.7f1/Editor/Data/Managed'
Mono path[1] = 'C:/Program Files/Unity/Hub/Editor/2021.2.7f1/Editor/Data/MonoBleedingEdge/lib/mono/unityjit-win32'
Mono config path = 'C:/Program Files/Unity/Hub/Editor/2021.2.7f1/Editor/Data/MonoBleedingEdge/etc'
Using monoOptions --debugger-agent=transport=dt_socket,embedding=1,server=y,suspend=n,address=127.0.0.1:56828
Begin MonoManager ReloadAssembly
Registering precompiled unity dll's ...
Register platform support module: C:/Program Files/Unity/Hub/Editor/2021.2.7f1/Editor/Data/PlaybackEngines/WindowsStandaloneSupport/UnityEditor.WindowsStandalone.Extensions.dll
Registered in 0.006211 seconds.
Native extension for WindowsStandalone target not found
Refreshing native plugins compatible for Editor in 84.99 ms, found 3 plugins.
Preloading 0 native plugins for Editor in 0.00 ms.
Mono: successfully reloaded assembly
- Completed reload, in  0.596 seconds
Domain Reload Profiling:
	ReloadAssembly (596ms)
		BeginReloadAssembly (71ms)
			ExecutionOrderSort (0ms)
			DisableScriptedObjects (0ms)
			BackupInstance (0ms)
			ReleaseScriptingObjects (0ms)
			CreateAndSetChildDomain (1ms)
		EndReloadAssembly (448ms)
			LoadAssemblies (69ms)
			RebuildTransferFunctionScriptingTraits (0ms)
			SetupTypeCache (96ms)
			ReleaseScriptCaches (0ms)
			RebuildScriptCaches (29ms)
			SetupLoadedEditorAssemblies (272ms)
				LogAssemblyErrors (0ms)
				InitializePlatformSupportModulesInManaged (16ms)
				SetLoadedEditorAssemblies (0ms)
				RefreshPlugins (85ms)
				BeforeProcessingInitializeOnLoad (1ms)
				ProcessInitializeOnLoadAttributes (124ms)
				ProcessInitializeOnLoadMethodAttributes (46ms)
				AfterProcessingInitializeOnLoad (0ms)
				EditorAssembliesLoaded (0ms)
			ExecutionOrderSort2 (0ms)
			AwakeInstancesAfterBackupRestoration (0ms)
Platform modules already initialized, skipping
Registering precompiled user dll's ...
Registered in 0.005032 seconds.
Begin MonoManager ReloadAssembly
Symbol file LoadedFromMemory doesn't match image C:\Unity\LogisticsVR\Library\PackageCache\com.unity.visualscripting@1.7.6\Editor\VisualScripting.Core\Dependencies\YamlDotNet\Unity.VisualScripting.YamlDotNet.dll
Symbol file LoadedFromMemory doesn't match image C:\Unity\LogisticsVR\Library\PackageCache\com.unity.visualscripting@1.7.6\Editor\VisualScripting.Core\Dependencies\DotNetZip\Unity.VisualScripting.IonicZip.dll
Native extension for WindowsStandalone target not found
Refreshing native plugins compatible for Editor in 0.66 ms, found 3 plugins.
Preloading 0 native plugins for Editor in 0.00 ms.
Mono: successfully reloaded assembly
- Completed reload, in  0.950 seconds
Domain Reload Profiling:
	ReloadAssembly (951ms)
		BeginReloadAssembly (105ms)
			ExecutionOrderSort (0ms)
			DisableScriptedObjects (5ms)
			BackupInstance (0ms)
			ReleaseScriptingObjects (0ms)
			CreateAndSetChildDomain (22ms)
		EndReloadAssembly (739ms)
			LoadAssemblies (73ms)
			RebuildTransferFunctionScriptingTraits (0ms)
			SetupTypeCache (240ms)
			ReleaseScriptCaches (1ms)
			RebuildScriptCaches (49ms)
			SetupLoadedEditorAssemblies (337ms)
				LogAssemblyErrors (0ms)
				InitializePlatformSupportModulesInManaged (12ms)
				SetLoadedEditorAssemblies (0ms)
				RefreshPlugins (1ms)
				BeforeProcessingInitializeOnLoad (80ms)
				ProcessInitializeOnLoadAttributes (215ms)
				ProcessInitializeOnLoadMethodAttributes (21ms)
				AfterProcessingInitializeOnLoad (7ms)
				EditorAssembliesLoaded (0ms)
			ExecutionOrderSort2 (0ms)
			AwakeInstancesAfterBackupRestoration (6ms)
Platform modules already initialized, skipping
========================================================================
Worker process is ready to serve import requests
Launched and connected shader compiler UnityShaderCompiler.exe after 0.05 seconds
Refreshing native plugins compatible for Editor in 0.67 ms, found 3 plugins.
Preloading 0 native plugins for Editor in 0.00 ms.
Unloading 3213 Unused Serialized files (Serialized files now loaded: 0)
Unloading 26 unused Assets / (112.5 KB). Loaded Objects now: 3674.
Memory consumption went from 115.3 MB to 115.1 MB.
Total: 3.648500 ms (FindLiveObjects: 0.386900 ms CreateObjectMapping: 0.169500 ms MarkObjects: 2.929800 ms  DeleteObjects: 0.160400 ms)

AssetImportParameters requested are different than current active one (requested -> active):
  custom:video-decoder-ogg-theora: a1e56fd34408186e4bbccfd4996cb3dc -> 
  custom:container-muxer-webm: aa71ff27fc2769a1b78a27578f13a17b -> 
  custom:container-demuxer-webm: 4f35f7cbe854078d1ac9338744f61a02 -> 
  custom:video-encoder-webm-vp8: eb34c28f22e8b96e1ab97ce403110664 -> 
  custom:video-codec-MediaFoundation-h265: 746d11721c4dcdbdad8f713fa42b33f4 -> 
  custom:audio-encoder-webm-vorbis: bf7c407c2cedff20999df2af8eb42d56 -> 
  custom:framework-win-MediaFoundation: 216162199b28c13a410421893ffa2e32 -> 
  custom:container-demuxer-ogg: 62fdf1f143b41e24485cea50d1cbac27 -> 
  custom:video-decoder-webm-vp8: 9c59270c3fd7afecdb556c50c9e8de78 -> 
  custom:audio-decoder-ogg-vorbis: bf7c407c2cedff20999df2af8eb42d56 -> 
========================================================================
Received Import Request.
  Time since last request: 9569.198134 seconds.
  path: Assets/Industrial building/Garage/Models/fence_len.fbx
  artifactKey: Guid(e253e5caf701fd84d84f850bc071621a) Importer(815301076,1909f56bfc062723c751e8b465ee728b)
Start importing Assets/Industrial building/Garage/Models/fence_len.fbx using Guid(e253e5caf701fd84d84f850bc071621a) Importer(815301076,1909f56bfc062723c751e8b465ee728b)  -> (artifact id: '702b3ad4bebd25c885f20310115b9e0e') in 0.146160 seconds 
========================================================================
Received Import Request.
  Time since last request: 342.428165 seconds.
  path: Assets/Fork Loader/_PREFABS/Fork Loader.prefab
  artifactKey: Guid(e73975ca1b6db314d93b6b73fa35905d) Importer(815301076,1909f56bfc062723c751e8b465ee728b)
Start importing Assets/Fork Loader/_PREFABS/Fork Loader.prefab using Guid(e73975ca1b6db314d93b6b73fa35905d) Importer(815301076,1909f56bfc062723c751e8b465ee728b)  -> (artifact id: '5a37b506bc75d49867dce223c9d409ea') in 0.245115 seconds 
========================================================================
Received Import Request.
  Time since last request: 283.424975 seconds.
  path: Assets/sample_racer/entities/garage/garage.fbx
  artifactKey: Guid(410f79ea038b44596abde7838300a120) Importer(815301076,1909f56bfc062723c751e8b465ee728b)
Start importing Assets/sample_racer/entities/garage/garage.fbx using Guid(410f79ea038b44596abde7838300a120) Importer(815301076,1909f56bfc062723c751e8b465ee728b)  -> (artifact id: '074b7dd9909ed8869988191767f8ebfe') in 0.417335 seconds 
========================================================================
Received Import Request.
  Time since last request: 1.913740 seconds.
  path: Assets/sample_racer/entities/garage/Materials/misc_asphalt_45d.mat
  artifactKey: Guid(528b10df9b647954c85f15b16fbd130d) Importer(815301076,1909f56bfc062723c751e8b465ee728b)
Start importing Assets/sample_racer/entities/garage/Materials/misc_asphalt_45d.mat using Guid(528b10df9b647954c85f15b16fbd130d) Importer(815301076,1909f56bfc062723c751e8b465ee728b)  -> (artifact id: '57541b5bfce5427cd882ac7b182610f4') in 0.033837 seconds 
========================================================================
Received Import Request.
  Time since last request: 0.000028 seconds.
  path: Assets/sample_racer/entities/garage/Materials/warehouse_pinboard.mat
  artifactKey: Guid(e5a84a3ad70a93b4db32cc88ff9fc3a7) Importer(815301076,1909f56bfc062723c751e8b465ee728b)
Start importing Assets/sample_racer/entities/garage/Materials/warehouse_pinboard.mat using Guid(e5a84a3ad70a93b4db32cc88ff9fc3a7) Importer(815301076,1909f56bfc062723c751e8b465ee728b)  -> (artifact id: '3090eda012eceb9a456f6cbf02b5dc69') in 0.015045 seconds 
========================================================================
Received Import Request.
  Time since last request: 0.000029 seconds.
  path: Assets/sample_racer/entities/garage/Materials/warehouse_beam_a.mat
  artifactKey: Guid(ff1aacdc4da5c794f8f6b894cfe765cd) Importer(815301076,1909f56bfc062723c751e8b465ee728b)
Start importing Assets/sample_racer/entities/garage/Materials/warehouse_beam_a.mat using Guid(ff1aacdc4da5c794f8f6b894cfe765cd) Importer(815301076,1909f56bfc062723c751e8b465ee728b)  -> (artifact id: 'ef01805fc87f8d98a9948cd54223b219') in 0.013563 seconds 
========================================================================
Received Import Request.
  Time since last request: 0.000030 seconds.
  path: Assets/sample_racer/entities/garage/Materials/warehouse_atlas_a.mat
  artifactKey: Guid(f403032e0a72b784a89e49e20acb4ec1) Importer(815301076,1909f56bfc062723c751e8b465ee728b)
Start importing Assets/sample_racer/entities/garage/Materials/warehouse_atlas_a.mat using Guid(f403032e0a72b784a89e49e20acb4ec1) Importer(815301076,1909f56bfc062723c751e8b465ee728b)  -> (artifact id: '0f5e11b38cc329b5dc632c38a1bea2ae') in 0.014303 seconds 
========================================================================
Received Import Request.
  Time since last request: 0.000030 seconds.
  path: Assets/sample_racer/entities/garage/Materials/warehouse_oilshelfs_wood.mat
  artifactKey: Guid(bd1a9be1b64059d4bab79264fa0e40e8) Importer(815301076,1909f56bfc062723c751e8b465ee728b)
Start importing Assets/sample_racer/entities/garage/Materials/warehouse_oilshelfs_wood.mat using Guid(bd1a9be1b64059d4bab79264fa0e40e8) Importer(815301076,1909f56bfc062723c751e8b465ee728b)  -> (artifact id: '1a251fd50fb8d9034797afabebd59a26') in 0.015664 seconds 
========================================================================
Received Import Request.
  Time since last request: 0.000028 seconds.
  path: Assets/sample_racer/entities/garage/Materials/warehouse_shelfswheel.mat
  artifactKey: Guid(11badc8179b000042bbc3eb4575757ea) Importer(815301076,1909f56bfc062723c751e8b465ee728b)
Start importing Assets/sample_racer/entities/garage/Materials/warehouse_shelfswheel.mat using Guid(11badc8179b000042bbc3eb4575757ea) Importer(815301076,1909f56bfc062723c751e8b465ee728b)  -> (artifact id: 'a25852d2defbf2d2362f36a329eeadff') in 0.017040 seconds 
========================================================================
Received Import Request.
  Time since last request: 0.000033 seconds.
  path: Assets/sample_racer/entities/garage/Materials/warehouse_floor_metal_frame_a.mat
  artifactKey: Guid(be1d8fdcaae8f1747a722513182aa3c4) Importer(815301076,1909f56bfc062723c751e8b465ee728b)
Start importing Assets/sample_racer/entities/garage/Materials/warehouse_floor_metal_frame_a.mat using Guid(be1d8fdcaae8f1747a722513182aa3c4) Importer(815301076,1909f56bfc062723c751e8b465ee728b)  -> (artifact id: '8c1f7f82cc5a526a4142df6cd5d55246') in 0.017271 seconds 
========================================================================
Received Import Request.
  Time since last request: 0.000031 seconds.
  path: Assets/sample_racer/entities/garage/Materials/warehouse_cardbox.mat
  artifactKey: Guid(d8be06db331eeff468384033e2341126) Importer(815301076,1909f56bfc062723c751e8b465ee728b)
Start importing Assets/sample_racer/entities/garage/Materials/warehouse_cardbox.mat using Guid(d8be06db331eeff468384033e2341126) Importer(815301076,1909f56bfc062723c751e8b465ee728b)  -> (artifact id: 'c51472681a6203f0c20b69073a305103') in 0.015045 seconds 
========================================================================
Received Import Request.
  Time since last request: 0.000039 seconds.
  path: Assets/sample_racer/entities/garage/Materials/warehouse_ceiling_conc.mat
  artifactKey: Guid(74bc8b63c8b6497429f09cb0bfb5542d) Importer(815301076,1909f56bfc062723c751e8b465ee728b)
Start importing Assets/sample_racer/entities/garage/Materials/warehouse_ceiling_conc.mat using Guid(74bc8b63c8b6497429f09cb0bfb5542d) Importer(815301076,1909f56bfc062723c751e8b465ee728b)  -> (artifact id: 'fdcae95714635785f60d3dbd4c979d0d') in 0.021669 seconds 
========================================================================
Received Import Request.
  Time since last request: 0.000034 seconds.
  path: Assets/sample_racer/entities/garage/Materials/warehouse_oilshelfs.mat
  artifactKey: Guid(a0ef24cd7720d6742a761963fd351d73) Importer(815301076,1909f56bfc062723c751e8b465ee728b)
Start importing Assets/sample_racer/entities/garage/Materials/warehouse_oilshelfs.mat using Guid(a0ef24cd7720d6742a761963fd351d73) Importer(815301076,1909f56bfc062723c751e8b465ee728b)  -> (artifact id: 'c24367911d78e6cd0e885521b54a1bef') in 0.019113 seconds 
========================================================================
Received Import Request.
  Time since last request: 0.000024 seconds.
  path: Assets/sample_racer/entities/garage/Materials/warehouse_rollupdoor.mat
  artifactKey: Guid(05215235b888d8b47bcd076fa4e58c6e) Importer(815301076,1909f56bfc062723c751e8b465ee728b)
Start importing Assets/sample_racer/entities/garage/Materials/warehouse_rollupdoor.mat using Guid(05215235b888d8b47bcd076fa4e58c6e) Importer(815301076,1909f56bfc062723c751e8b465ee728b)  -> (artifact id: '1e815df79879b83e544b518318efd3f4') in 0.016939 seconds 
========================================================================
Received Import Request.
  Time since last request: 0.533117 seconds.
  path: Assets/sample_racer/entities/garage/warehouse_textures/warehouse_atlas_a.png
  artifactKey: Guid(8f382cb3ffc224b49bb3f05cdb45dece) Importer(815301076,1909f56bfc062723c751e8b465ee728b)
Start importing Assets/sample_racer/entities/garage/warehouse_textures/warehouse_atlas_a.png using Guid(8f382cb3ffc224b49bb3f05cdb45dece) Importer(815301076,1909f56bfc062723c751e8b465ee728b)  -> (artifact id: '5eb10a7a8bb5043171c868831ff1214a') in 0.023418 seconds 
========================================================================
Received Import Request.
  Time since last request: 0.000024 seconds.
  path: Assets/sample_racer/entities/garage/warehouse_textures/warehouse_ceiling_conc.png
  artifactKey: Guid(29111dc8aa6814472a76c297d714f08f) Importer(815301076,1909f56bfc062723c751e8b465ee728b)
Start importing Assets/sample_racer/entities/garage/warehouse_textures/warehouse_ceiling_conc.png using Guid(29111dc8aa6814472a76c297d714f08f) Importer(815301076,1909f56bfc062723c751e8b465ee728b)  -> (artifact id: 'd005b1fe7ba7357129abe303ed732670') in 0.014778 seconds 
========================================================================
Received Import Request.
  Time since last request: 0.000044 seconds.
  path: Assets/sample_racer/entities/garage/warehouse_textures/warehouse_floor_metal_frame_b.png
  artifactKey: Guid(0a264d9e49654465881e77e27ee8aa4a) Importer(815301076,1909f56bfc062723c751e8b465ee728b)
Start importing Assets/sample_racer/entities/garage/warehouse_textures/warehouse_floor_metal_frame_b.png using Guid(0a264d9e49654465881e77e27ee8aa4a) Importer(815301076,1909f56bfc062723c751e8b465ee728b)  -> (artifact id: '7ade894acd1c780b1a798637600176a4') in 0.015024 seconds 
========================================================================
Received Import Request.
  Time since last request: 0.000042 seconds.
  path: Assets/sample_racer/entities/garage/warehouse_textures/warehouse_rollupdoor.png
  artifactKey: Guid(0accaf162c0894776b20b78e4239ec65) Importer(815301076,1909f56bfc062723c751e8b465ee728b)
Start importing Assets/sample_racer/entities/garage/warehouse_textures/warehouse_rollupdoor.png using Guid(0accaf162c0894776b20b78e4239ec65) Importer(815301076,1909f56bfc062723c751e8b465ee728b)  -> (artifact id: '899faa1e4287e76d744ef01c96e035e1') in 0.014441 seconds 
========================================================================
Received Import Request.
  Time since last request: 0.000027 seconds.
  path: Assets/sample_racer/entities/garage/warehouse_textures/warehouse_floor_metal.png
  artifactKey: Guid(555921188362a4a91badb2542418a7a9) Importer(815301076,1909f56bfc062723c751e8b465ee728b)
Start importing Assets/sample_racer/entities/garage/warehouse_textures/warehouse_floor_metal.png using Guid(555921188362a4a91badb2542418a7a9) Importer(815301076,1909f56bfc062723c751e8b465ee728b)  -> (artifact id: 'c456e7aa3f98d70527b0306933dc690e') in 0.015618 seconds 
========================================================================
Received Import Request.
  Time since last request: 0.000030 seconds.
  path: Assets/sample_racer/entities/garage/warehouse_textures/warehouse_cardbox.png
  artifactKey: Guid(2b64f0ccd2eac4a76bbcb301ef39a8ec) Importer(815301076,1909f56bfc062723c751e8b465ee728b)
Start importing Assets/sample_racer/entities/garage/warehouse_textures/warehouse_cardbox.png using Guid(2b64f0ccd2eac4a76bbcb301ef39a8ec) Importer(815301076,1909f56bfc062723c751e8b465ee728b)  -> (artifact id: '00c28d890f2a6d275cb6292687f59240') in 0.014665 seconds 
========================================================================
Received Import Request.
  Time since last request: 0.000049 seconds.
  path: Assets/sample_racer/entities/garage/warehouse_textures/warehouse_pinboard.png
  artifactKey: Guid(048ed1ccaab6e445492a4cd12c0119c9) Importer(815301076,1909f56bfc062723c751e8b465ee728b)
Start importing Assets/sample_racer/entities/garage/warehouse_textures/warehouse_pinboard.png using Guid(048ed1ccaab6e445492a4cd12c0119c9) Importer(815301076,1909f56bfc062723c751e8b465ee728b)  -> (artifact id: '934653749cce0c7c90e2dfb0e5f9d35b') in 0.013487 seconds 
========================================================================
Received Import Request.
  Time since last request: 0.000049 seconds.
  path: Assets/sample_racer/entities/garage/warehouse_textures/warehouse_beam_b.png
  artifactKey: Guid(e8116532fd31e49c5a923154052517f3) Importer(815301076,1909f56bfc062723c751e8b465ee728b)
Start importing Assets/sample_racer/entities/garage/warehouse_textures/warehouse_beam_b.png using Guid(e8116532fd31e49c5a923154052517f3) Importer(815301076,1909f56bfc062723c751e8b465ee728b)  -> (artifact id: 'c31309e12139757a3314e5fc5277bbc5') in 0.015726 seconds 
========================================================================
Received Import Request.
  Time since last request: 0.000089 seconds.
  path: Assets/sample_racer/entities/garage/warehouse_textures/warehouse_toolshelf_orgenizer.png
  artifactKey: Guid(cfe21a013fa6044c4a0a5dda756c651f) Importer(815301076,1909f56bfc062723c751e8b465ee728b)
Start importing Assets/sample_racer/entities/garage/warehouse_textures/warehouse_toolshelf_orgenizer.png using Guid(cfe21a013fa6044c4a0a5dda756c651f) Importer(815301076,1909f56bfc062723c751e8b465ee728b)  -> (artifact id: '1844c8fb0bfaeee91bd43c67bf9777f7') in 0.013700 seconds 
========================================================================
Received Import Request.
  Time since last request: 103.453887 seconds.
  path: Assets/sample_racer/entities/garage/garage.fbx
  artifactKey: Guid(410f79ea038b44596abde7838300a120) Importer(815301076,1909f56bfc062723c751e8b465ee728b)
Start importing Assets/sample_racer/entities/garage/garage.fbx using Guid(410f79ea038b44596abde7838300a120) Importer(815301076,1909f56bfc062723c751e8b465ee728b)  -> (artifact id: '2b1c3b52b68cbe792d775a26cdccd3d0') in 0.302883 seconds 
========================================================================
Received Import Request.
  Time since last request: 9.630631 seconds.
  path: Assets/sample_racer/JF Flat regular.ttf
  artifactKey: Guid(b62ad06a4db9a9b4f94ce009f8f4b961) Importer(815301076,1909f56bfc062723c751e8b465ee728b)
Start importing Assets/sample_racer/JF Flat regular.ttf using Guid(b62ad06a4db9a9b4f94ce009f8f4b961) Importer(815301076,1909f56bfc062723c751e8b465ee728b)  -> (artifact id: '5fbfb20d340826d6874f2278239c4eab') in 0.054333 seconds 
========================================================================
Received Import Request.
  Time since last request: 1.921779 seconds.
  path: Assets/sample_racer/levels
  artifactKey: Guid(c558ab4518f1d4a55887c6bf0256a7d4) Importer(815301076,1909f56bfc062723c751e8b465ee728b)
Start importing Assets/sample_racer/levels using Guid(c558ab4518f1d4a55887c6bf0256a7d4) Importer(815301076,1909f56bfc062723c751e8b465ee728b)  -> (artifact id: '063f2ee570400d6204e888dd1dbc5ea7') in 0.006510 seconds 
========================================================================
Received Import Request.
  Time since last request: 2.440280 seconds.
  path: Assets/sample_racer/levels/garage.unity
  artifactKey: Guid(ba4079f050246d64ea46cf66b4cf5357) Importer(815301076,1909f56bfc062723c751e8b465ee728b)
Start importing Assets/sample_racer/levels/garage.unity using Guid(ba4079f050246d64ea46cf66b4cf5357) Importer(815301076,1909f56bfc062723c751e8b465ee728b)  -> (artifact id: 'ed74ea531e1a5c3407daf720f5aa5027') in 0.006738 seconds 
========================================================================
Received Import Request.
  Time since last request: 85.945238 seconds.
  path: Assets/Scenes/Main.unity
  artifactKey: Guid(13c98d03f15a3e847bce94b35d0dca7b) Importer(815301076,1909f56bfc062723c751e8b465ee728b)
Start importing Assets/Scenes/Main.unity using Guid(13c98d03f15a3e847bce94b35d0dca7b) Importer(815301076,1909f56bfc062723c751e8b465ee728b)  -> (artifact id: 'c452324a10469bebfc22986e6af8ac68') in 0.007844 seconds 
========================================================================
Received Import Request.
  Time since last request: 56.989742 seconds.
  path: Assets/sample_racer/entities/drift_arena/drift_arena.fbx
  artifactKey: Guid(c82187346467d4679828ecfabb00755f) Importer(815301076,1909f56bfc062723c751e8b465ee728b)
Start importing Assets/sample_racer/entities/drift_arena/drift_arena.fbx using Guid(c82187346467d4679828ecfabb00755f) Importer(815301076,1909f56bfc062723c751e8b465ee728b)  -> (artifact id: 'd9b83fbe65444210bdcff359fb699a37') in 0.149702 seconds 
========================================================================
Received Import Request.
  Time since last request: 11.507406 seconds.
  path: Assets/sample_racer/entities/desert/desert.asset
  artifactKey: Guid(b4c4b0905d6423c43a88d284c15728c7) Importer(815301076,1909f56bfc062723c751e8b465ee728b)
Start importing Assets/sample_racer/entities/desert/desert.asset using Guid(b4c4b0905d6423c43a88d284c15728c7) Importer(815301076,1909f56bfc062723c751e8b465ee728b)  -> (artifact id: 'c100ce72224a65b61187e9f2603f53f6') in 0.185881 seconds 
========================================================================
Received Import Request.
  Time since last request: 8.527532 seconds.
  path: Assets/sample_racer/entities/desert/desert_textures
  artifactKey: Guid(5c82b5770497a4420ae65f1234efe58f) Importer(815301076,1909f56bfc062723c751e8b465ee728b)
Start importing Assets/sample_racer/entities/desert/desert_textures using Guid(5c82b5770497a4420ae65f1234efe58f) Importer(815301076,1909f56bfc062723c751e8b465ee728b)  -> (artifact id: '7364fd57c19d787ebd70a21929affb8e') in 0.007670 seconds 
========================================================================
Received Import Request.
  Time since last request: 0.074267 seconds.
  path: Assets/sample_racer/entities/desert/desert_textures/clay_new1.png
  artifactKey: Guid(d8829813e808b405087cc51758ef9da5) Importer(815301076,1909f56bfc062723c751e8b465ee728b)
Start importing Assets/sample_racer/entities/desert/desert_textures/clay_new1.png using Guid(d8829813e808b405087cc51758ef9da5) Importer(815301076,1909f56bfc062723c751e8b465ee728b)  -> (artifact id: '7c4e8aae879d6137381b1c0f9c774016') in 0.019486 seconds 
========================================================================
Received Import Request.
  Time since last request: 0.000036 seconds.
  path: Assets/sample_racer/entities/desert/desert_textures/sand_pebble2.png
  artifactKey: Guid(7bcbb701d300741f2bc006d6e2a0ce09) Importer(815301076,1909f56bfc062723c751e8b465ee728b)
Start importing Assets/sample_racer/entities/desert/desert_textures/sand_pebble2.png using Guid(7bcbb701d300741f2bc006d6e2a0ce09) Importer(815301076,1909f56bfc062723c751e8b465ee728b)  -> (artifact id: 'd36f5e4a7f1680eff19308df3825b4c7') in 0.017476 seconds 
========================================================================
Received Import Request.
  Time since last request: 0.000030 seconds.
  path: Assets/sample_racer/entities/desert/desert_textures/waves_a.png
  artifactKey: Guid(9c4053047417e494cb693bd36a01e61f) Importer(815301076,1909f56bfc062723c751e8b465ee728b)
Start importing Assets/sample_racer/entities/desert/desert_textures/waves_a.png using Guid(9c4053047417e494cb693bd36a01e61f) Importer(815301076,1909f56bfc062723c751e8b465ee728b)  -> (artifact id: '345d547ef92ed93c3b6aee09ceb62ecb') in 0.017607 seconds 
========================================================================
Received Import Request.
  Time since last request: 0.000034 seconds.
  path: Assets/sample_racer/entities/desert/desert_textures/stone_02_grey.png
  artifactKey: Guid(5c84f28f9c23f41eca89b7f4844bad9b) Importer(815301076,1909f56bfc062723c751e8b465ee728b)
Start importing Assets/sample_racer/entities/desert/desert_textures/stone_02_grey.png using Guid(5c84f28f9c23f41eca89b7f4844bad9b) Importer(815301076,1909f56bfc062723c751e8b465ee728b)  -> (artifact id: 'ab845901cec9eb52f4f7191d4c4e9ecc') in 0.017375 seconds 
========================================================================
Received Import Request.
  Time since last request: 0.000045 seconds.
  path: Assets/sample_racer/entities/desert/desert_textures/waves3a1.png
  artifactKey: Guid(d2f31f000914e49768b41b2a430e6ac0) Importer(815301076,1909f56bfc062723c751e8b465ee728b)
Start importing Assets/sample_racer/entities/desert/desert_textures/waves3a1.png using Guid(d2f31f000914e49768b41b2a430e6ac0) Importer(815301076,1909f56bfc062723c751e8b465ee728b)  -> (artifact id: 'fb25902629053d577c41b14185106519') in 0.017124 seconds 
========================================================================
Received Import Request.
  Time since last request: 4.425885 seconds.
  path: Assets/sample_racer/entities/airport/airport.fbx
  artifactKey: Guid(4797dea4ed1f241bdbab27b29e8013a4) Importer(815301076,1909f56bfc062723c751e8b465ee728b)
Start importing Assets/sample_racer/entities/airport/airport.fbx using Guid(4797dea4ed1f241bdbab27b29e8013a4) Importer(815301076,1909f56bfc062723c751e8b465ee728b)  -> (artifact id: 'd0f7367a9ed0b2c1704ddd9765b5917d') in 0.183063 seconds 
========================================================================
Received Import Request.
  Time since last request: 13.183072 seconds.
  path: Assets/sample_racer/entities/highway/highway.fbx
  artifactKey: Guid(97eef11bd0860470787399ad825fae58) Importer(815301076,1909f56bfc062723c751e8b465ee728b)
Start importing Assets/sample_racer/entities/highway/highway.fbx using Guid(97eef11bd0860470787399ad825fae58) Importer(815301076,1909f56bfc062723c751e8b465ee728b)  -> (artifact id: 'a3e56340030db6040efe8b1812a99688') in 0.155435 seconds 
========================================================================
Received Import Request.
  Time since last request: 3.779655 seconds.
  path: Assets/sample_racer/entities/misc/misc_antina.png
  artifactKey: Guid(626e378aa46d74c21a8560292ceabe16) Importer(815301076,1909f56bfc062723c751e8b465ee728b)
Start importing Assets/sample_racer/entities/misc/misc_antina.png using Guid(626e378aa46d74c21a8560292ceabe16) Importer(815301076,1909f56bfc062723c751e8b465ee728b)  -> (artifact id: '588551128adf475f32402061f53d9f1a') in 0.020952 seconds 
========================================================================
Received Import Request.
  Time since last request: 0.000031 seconds.
  path: Assets/sample_racer/entities/misc/misc_drain.png
  artifactKey: Guid(c55b0f3a38a9f4ba59cfafe21ecee147) Importer(815301076,1909f56bfc062723c751e8b465ee728b)
Start importing Assets/sample_racer/entities/misc/misc_drain.png using Guid(c55b0f3a38a9f4ba59cfafe21ecee147) Importer(815301076,1909f56bfc062723c751e8b465ee728b)  -> (artifact id: '21c898dd35d3632bb3a5cf8a7ff76e6a') in 0.020077 seconds 
========================================================================
Received Import Request.
  Time since last request: 0.000041 seconds.
  path: Assets/sample_racer/entities/misc/misc_fance_wire_horiz.png
  artifactKey: Guid(3c646c3fdad694b57accb2ee91162b43) Importer(815301076,1909f56bfc062723c751e8b465ee728b)
Start importing Assets/sample_racer/entities/misc/misc_fance_wire_horiz.png using Guid(3c646c3fdad694b57accb2ee91162b43) Importer(815301076,1909f56bfc062723c751e8b465ee728b)  -> (artifact id: 'e4dcc0f9da9baeb880b87522856092dd') in 0.018545 seconds 
========================================================================
Received Import Request.
  Time since last request: 0.000026 seconds.
  path: Assets/sample_racer/entities/misc/misc_roadblock.png
  artifactKey: Guid(71618e60885d54dcc88a3b438c090842) Importer(815301076,1909f56bfc062723c751e8b465ee728b)
Start importing Assets/sample_racer/entities/misc/misc_roadblock.png using Guid(71618e60885d54dcc88a3b438c090842) Importer(815301076,1909f56bfc062723c751e8b465ee728b)  -> (artifact id: 'bfd5d9ec8e99b6d8957e8476f6edebb0') in 0.026290 seconds 
========================================================================
Received Import Request.
  Time since last request: 0.000036 seconds.
  path: Assets/sample_racer/entities/misc/misc_road_toasphalt.png
  artifactKey: Guid(635a21e64874a4790afc5f8b1716da8a) Importer(815301076,1909f56bfc062723c751e8b465ee728b)
Start importing Assets/sample_racer/entities/misc/misc_road_toasphalt.png using Guid(635a21e64874a4790afc5f8b1716da8a) Importer(815301076,1909f56bfc062723c751e8b465ee728b)  -> (artifact id: '1749e9b4ad55fabc8448b486758f4807') in 0.022921 seconds 
========================================================================
Received Import Request.
  Time since last request: 0.000035 seconds.
  path: Assets/sample_racer/entities/misc/misc_sand_a.png
  artifactKey: Guid(c5c7cf21fad5645d69167c4840b9b540) Importer(815301076,1909f56bfc062723c751e8b465ee728b)
Start importing Assets/sample_racer/entities/misc/misc_sand_a.png using Guid(c5c7cf21fad5645d69167c4840b9b540) Importer(815301076,1909f56bfc062723c751e8b465ee728b)  -> (artifact id: 'dda0890d47dd96bbf9ca834efa4847c0') in 0.019357 seconds 
========================================================================
Received Import Request.
  Time since last request: 0.000029 seconds.
  path: Assets/sample_racer/entities/misc/misc_road_edge.png
  artifactKey: Guid(3a23cfcf4434a49948913735f1de58ca) Importer(815301076,1909f56bfc062723c751e8b465ee728b)
Start importing Assets/sample_racer/entities/misc/misc_road_edge.png using Guid(3a23cfcf4434a49948913735f1de58ca) Importer(815301076,1909f56bfc062723c751e8b465ee728b)  -> (artifact id: '8a06fa8d0bbed4ea628f894c257ec8a8') in 0.015614 seconds 
========================================================================
Received Import Request.
  Time since last request: 1.441829 seconds.
  path: Assets/sample_racer/entities/skyboxes/skyDesert.mat
  artifactKey: Guid(2066515a15bfcb44cb9efe4165c804b4) Importer(815301076,1909f56bfc062723c751e8b465ee728b)
Start importing Assets/sample_racer/entities/skyboxes/skyDesert.mat using Guid(2066515a15bfcb44cb9efe4165c804b4) Importer(815301076,1909f56bfc062723c751e8b465ee728b)  -> (artifact id: '30ebe51719fdd349f4c1d5ba1823c489') in 0.044055 seconds 
========================================================================
Received Import Request.
  Time since last request: 0.000034 seconds.
  path: Assets/sample_racer/entities/skyboxes/skyWaterfront.png
  artifactKey: Guid(98e6be8368c114523b1d24a2110e16d3) Importer(815301076,1909f56bfc062723c751e8b465ee728b)
Start importing Assets/sample_racer/entities/skyboxes/skyWaterfront.png using Guid(98e6be8368c114523b1d24a2110e16d3) Importer(815301076,1909f56bfc062723c751e8b465ee728b)  -> (artifact id: 'bcb572766b598cf9602347ced4e50cc7') in 0.024181 seconds 
========================================================================
Received Import Request.
  Time since last request: 0.000051 seconds.
  path: Assets/sample_racer/entities/skyboxes/skyStadium.png
  artifactKey: Guid(230abd213eb064bfdaa7cff36f288b30) Importer(815301076,1909f56bfc062723c751e8b465ee728b)
Start importing Assets/sample_racer/entities/skyboxes/skyStadium.png using Guid(230abd213eb064bfdaa7cff36f288b30) Importer(815301076,1909f56bfc062723c751e8b465ee728b)  -> (artifact id: '4f600bb92886659c4a129cbeadebfc9b') in 0.019331 seconds 
Editor requested this worker to shutdown with reason: Scaling down because of idle timeout
AssetImportWorker is now disconnected from the server
Process exiting
Exiting without the bug reporter. Application will terminate with return code 0