Using pre-set license
Built from '2021.2/staging' branch; Version is '2021.2.7f1 (6bd9e232123f) revision 7068130'; Using compiler version '192829333'; Build Type 'Release'
OS: 'Windows 10  (10.0.19042) 64bit CoreSingleLanguage' Language: 'en' Physical Memory: 15741 MB
BatchMode: 1, IsHumanControllingUs: 0, StartBugReporterOnCrash: 0, Is64bit: 1, IsPro: 0

COMMAND LINE ARGUMENTS:
C:\Program Files\Unity\Hub\Editor\2021.2.7f1\Editor\Unity.exe
-adb2
-batchMode
-noUpm
-name
AssetImportWorker6
-projectPath
C:/Unity/LogisticsVR
-logFile
Logs/AssetImportWorker6.log
-srvPort
49583
Successfully changed project path to: C:/Unity/LogisticsVR
C:/Unity/LogisticsVR
[UnityMemory] Configuration Parameters - Can be set up in boot.config
    "memorysetup-bucket-allocator-granularity=16"
    "memorysetup-bucket-allocator-bucket-count=8"
    "memorysetup-bucket-allocator-block-size=33554432"
    "memorysetup-bucket-allocator-block-count=8"
    "memorysetup-main-allocator-block-size=16777216"
    "memorysetup-thread-allocator-block-size=16777216"
    "memorysetup-gfx-main-allocator-block-size=16777216"
    "memorysetup-gfx-thread-allocator-block-size=16777216"
    "memorysetup-cache-allocator-block-size=4194304"
    "memorysetup-typetree-allocator-block-size=2097152"
    "memorysetup-profiler-bucket-allocator-granularity=16"
    "memorysetup-profiler-bucket-allocator-bucket-count=8"
    "memorysetup-profiler-bucket-allocator-block-size=33554432"
    "memorysetup-profiler-bucket-allocator-block-count=8"
    "memorysetup-profiler-allocator-block-size=16777216"
    "memorysetup-profiler-editor-allocator-block-size=1048576"
    "memorysetup-temp-allocator-size-main=16777216"
    "memorysetup-job-temp-allocator-block-size=2097152"
    "memorysetup-job-temp-allocator-block-size-background=1048576"
    "memorysetup-job-temp-allocator-reduction-small-platforms=262144"
    "memorysetup-temp-allocator-size-background-worker=32768"
    "memorysetup-temp-allocator-size-job-worker=262144"
    "memorysetup-temp-allocator-size-preload-manager=33554432"
    "memorysetup-temp-allocator-size-nav-mesh-worker=65536"
    "memorysetup-temp-allocator-size-audio-worker=65536"
    "memorysetup-temp-allocator-size-cloud-worker=32768"
    "memorysetup-temp-allocator-size-gi-baking-worker=262144"
    "memorysetup-temp-allocator-size-gfx=262144"
Refreshing native plugins compatible for Editor in 87.79 ms, found 3 plugins.
Preloading 0 native plugins for Editor in 0.00 ms.
Initialize engine version: 2021.2.7f1 (6bd9e232123f)
[Subsystems] Discovering subsystems at path C:/Program Files/Unity/Hub/Editor/2021.2.7f1/Editor/Data/Resources/UnitySubsystems
[Subsystems] Discovering subsystems at path C:/Unity/LogisticsVR/Assets
GfxDevice: creating device client; threaded=0; jobified=0
Direct3D:
    Version:  Direct3D 11.0 [level 11.1]
    Renderer: AMD Radeon(TM) Graphics (ID=0x1636)
    Vendor:   ATI
    VRAM:     7870 MB
    Driver:   30.0.13025.5005
Initialize mono
Mono path[0] = 'C:/Program Files/Unity/Hub/Editor/2021.2.7f1/Editor/Data/Managed'
Mono path[1] = 'C:/Program Files/Unity/Hub/Editor/2021.2.7f1/Editor/Data/MonoBleedingEdge/lib/mono/unityjit-win32'
Mono config path = 'C:/Program Files/Unity/Hub/Editor/2021.2.7f1/Editor/Data/MonoBleedingEdge/etc'
Using monoOptions --debugger-agent=transport=dt_socket,embedding=1,server=y,suspend=n,address=127.0.0.1:56284
Begin MonoManager ReloadAssembly
Registering precompiled unity dll's ...
Register platform support module: C:/Program Files/Unity/Hub/Editor/2021.2.7f1/Editor/Data/PlaybackEngines/WindowsStandaloneSupport/UnityEditor.WindowsStandalone.Extensions.dll
Registered in 0.006162 seconds.
Native extension for WindowsStandalone target not found
Refreshing native plugins compatible for Editor in 86.23 ms, found 3 plugins.
Preloading 0 native plugins for Editor in 0.00 ms.
Mono: successfully reloaded assembly
- Completed reload, in  0.616 seconds
Domain Reload Profiling:
	ReloadAssembly (616ms)
		BeginReloadAssembly (67ms)
			ExecutionOrderSort (0ms)
			DisableScriptedObjects (0ms)
			BackupInstance (0ms)
			ReleaseScriptingObjects (0ms)
			CreateAndSetChildDomain (1ms)
		EndReloadAssembly (471ms)
			LoadAssemblies (65ms)
			RebuildTransferFunctionScriptingTraits (0ms)
			SetupTypeCache (118ms)
			ReleaseScriptCaches (0ms)
			RebuildScriptCaches (34ms)
			SetupLoadedEditorAssemblies (268ms)
				LogAssemblyErrors (0ms)
				InitializePlatformSupportModulesInManaged (15ms)
				SetLoadedEditorAssemblies (0ms)
				RefreshPlugins (86ms)
				BeforeProcessingInitializeOnLoad (1ms)
				ProcessInitializeOnLoadAttributes (121ms)
				ProcessInitializeOnLoadMethodAttributes (45ms)
				AfterProcessingInitializeOnLoad (0ms)
				EditorAssembliesLoaded (0ms)
			ExecutionOrderSort2 (0ms)
			AwakeInstancesAfterBackupRestoration (0ms)
Platform modules already initialized, skipping
Registering precompiled user dll's ...
Registered in 0.006019 seconds.
Begin MonoManager ReloadAssembly
Symbol file LoadedFromMemory doesn't match image C:\Unity\LogisticsVR\Library\PackageCache\com.unity.visualscripting@1.7.6\Editor\VisualScripting.Core\Dependencies\YamlDotNet\Unity.VisualScripting.YamlDotNet.dll
Symbol file LoadedFromMemory doesn't match image C:\Unity\LogisticsVR\Library\PackageCache\com.unity.visualscripting@1.7.6\Editor\VisualScripting.Core\Dependencies\DotNetZip\Unity.VisualScripting.IonicZip.dll
Native extension for WindowsStandalone target not found
Refreshing native plugins compatible for Editor in 0.69 ms, found 3 plugins.
Preloading 0 native plugins for Editor in 0.00 ms.
Mono: successfully reloaded assembly
- Completed reload, in  0.925 seconds
Domain Reload Profiling:
	ReloadAssembly (926ms)
		BeginReloadAssembly (99ms)
			ExecutionOrderSort (0ms)
			DisableScriptedObjects (5ms)
			BackupInstance (0ms)
			ReleaseScriptingObjects (0ms)
			CreateAndSetChildDomain (20ms)
		EndReloadAssembly (736ms)
			LoadAssemblies (66ms)
			RebuildTransferFunctionScriptingTraits (0ms)
			SetupTypeCache (237ms)
			ReleaseScriptCaches (1ms)
			RebuildScriptCaches (46ms)
			SetupLoadedEditorAssemblies (335ms)
				LogAssemblyErrors (0ms)
				InitializePlatformSupportModulesInManaged (11ms)
				SetLoadedEditorAssemblies (0ms)
				RefreshPlugins (1ms)
				BeforeProcessingInitializeOnLoad (80ms)
				ProcessInitializeOnLoadAttributes (214ms)
				ProcessInitializeOnLoadMethodAttributes (21ms)
				AfterProcessingInitializeOnLoad (8ms)
				EditorAssembliesLoaded (0ms)
			ExecutionOrderSort2 (0ms)
			AwakeInstancesAfterBackupRestoration (6ms)
Platform modules already initialized, skipping
========================================================================
Worker process is ready to serve import requests
Launched and connected shader compiler UnityShaderCompiler.exe after 0.06 seconds
Refreshing native plugins compatible for Editor in 0.97 ms, found 3 plugins.
Preloading 0 native plugins for Editor in 0.00 ms.
Unloading 3216 Unused Serialized files (Serialized files now loaded: 0)
Unloading 26 unused Assets / (112.3 KB). Loaded Objects now: 3696.
Memory consumption went from 127.8 MB to 127.7 MB.
Total: 3.865900 ms (FindLiveObjects: 0.515700 ms CreateObjectMapping: 0.227500 ms MarkObjects: 3.012700 ms  DeleteObjects: 0.107800 ms)

AssetImportParameters requested are different than current active one (requested -> active):
  custom:video-decoder-ogg-theora: a1e56fd34408186e4bbccfd4996cb3dc -> 
  custom:container-muxer-webm: aa71ff27fc2769a1b78a27578f13a17b -> 
  custom:container-demuxer-webm: 4f35f7cbe854078d1ac9338744f61a02 -> 
  custom:video-encoder-webm-vp8: eb34c28f22e8b96e1ab97ce403110664 -> 
  custom:video-codec-MediaFoundation-h265: 746d11721c4dcdbdad8f713fa42b33f4 -> 
  custom:audio-encoder-webm-vorbis: bf7c407c2cedff20999df2af8eb42d56 -> 
  custom:framework-win-MediaFoundation: 216162199b28c13a410421893ffa2e32 -> 
  custom:container-demuxer-ogg: 62fdf1f143b41e24485cea50d1cbac27 -> 
  custom:video-decoder-webm-vp8: 9c59270c3fd7afecdb556c50c9e8de78 -> 
  custom:audio-decoder-ogg-vorbis: bf7c407c2cedff20999df2af8eb42d56 -> 
========================================================================
Received Import Request.
  Time since last request: 10501.925304 seconds.
  path: Assets/sample_racer/entities/misc/misc_asphalt.png
  artifactKey: Guid(9012de8cec3a54da4a98eb6db4f30702) Importer(815301076,1909f56bfc062723c751e8b465ee728b)
Start importing Assets/sample_racer/entities/misc/misc_asphalt.png using Guid(9012de8cec3a54da4a98eb6db4f30702) Importer(815301076,1909f56bfc062723c751e8b465ee728b)  -> (artifact id: 'a4e4b3635cc04e41ac507f9403ab0514') in 0.102836 seconds 
========================================================================
Received Import Request.
  Time since last request: 0.000044 seconds.
  path: Assets/sample_racer/entities/misc/misc_road_onesided.png
  artifactKey: Guid(45c01f54ed58c4c04aeeb5d988b5c569) Importer(815301076,1909f56bfc062723c751e8b465ee728b)
Start importing Assets/sample_racer/entities/misc/misc_road_onesided.png using Guid(45c01f54ed58c4c04aeeb5d988b5c569) Importer(815301076,1909f56bfc062723c751e8b465ee728b)  -> (artifact id: 'c07bac14094278273e5de9a1185e27aa') in 0.024016 seconds 
========================================================================
Received Import Request.
  Time since last request: 0.000029 seconds.
  path: Assets/sample_racer/entities/misc/misc_fance.fbx
  artifactKey: Guid(45b73f0350363416688c2094e68bcd97) Importer(815301076,1909f56bfc062723c751e8b465ee728b)
Start importing Assets/sample_racer/entities/misc/misc_fance.fbx using Guid(45b73f0350363416688c2094e68bcd97) Importer(815301076,1909f56bfc062723c751e8b465ee728b)  -> (artifact id: 'c5f1006f4ea7b9370bda87b910a4835b') in 0.120096 seconds 
========================================================================
Received Import Request.
  Time since last request: 1.372296 seconds.
  path: Assets/sample_racer/entities/skyboxes/skyDesert.png
  artifactKey: Guid(e9ea00ab63f4c4aaa9cb5d1b1a37507c) Importer(815301076,1909f56bfc062723c751e8b465ee728b)
Start importing Assets/sample_racer/entities/skyboxes/skyDesert.png using Guid(e9ea00ab63f4c4aaa9cb5d1b1a37507c) Importer(815301076,1909f56bfc062723c751e8b465ee728b)  -> (artifact id: 'd2eb21ca8a9c26183db05093a9683343') in 0.022890 seconds 
========================================================================
Received Import Request.
  Time since last request: 0.000034 seconds.
  path: Assets/sample_racer/entities/skyboxes/skyHighway.png
  artifactKey: Guid(a5ff03b2e904b4317b73e8632c190cf3) Importer(815301076,1909f56bfc062723c751e8b465ee728b)
Start importing Assets/sample_racer/entities/skyboxes/skyHighway.png using Guid(a5ff03b2e904b4317b73e8632c190cf3) Importer(815301076,1909f56bfc062723c751e8b465ee728b)  -> (artifact id: '489a793010e6daeb4ae3ba3bab8db042') in 0.018603 seconds 
========================================================================
Received Import Request.
  Time since last request: 0.000054 seconds.
  path: Assets/sample_racer/entities/skyboxes/skyStadium.mat
  artifactKey: Guid(5ca9c2b135500514092da889baaee88b) Importer(815301076,1909f56bfc062723c751e8b465ee728b)
Start importing Assets/sample_racer/entities/skyboxes/skyStadium.mat using Guid(5ca9c2b135500514092da889baaee88b) Importer(815301076,1909f56bfc062723c751e8b465ee728b)  -> (artifact id: '3cc08cb24aed898e3c0dccd8b2ee4f08') in 0.060996 seconds 
========================================================================
Received Import Request.
  Time since last request: 69.817009 seconds.
  path: Assets/sample_racer/entities/stadium/stadium.fbx
  artifactKey: Guid(10bf48ac20bb9403c999fd27807daa54) Importer(815301076,1909f56bfc062723c751e8b465ee728b)
Start importing Assets/sample_racer/entities/stadium/stadium.fbx using Guid(10bf48ac20bb9403c999fd27807daa54) Importer(815301076,1909f56bfc062723c751e8b465ee728b)  -> (artifact id: 'b3acdd2f06b1532e028f84a52ea37b4f') in 0.146194 seconds 
========================================================================
Received Import Request.
  Time since last request: 14.457362 seconds.
  path: Assets/sample_racer/entities/ui/ui_atlas_01.bmp
  artifactKey: Guid(a76b481fa37db7c40a6b6b020d7a32a5) Importer(815301076,1909f56bfc062723c751e8b465ee728b)
Start importing Assets/sample_racer/entities/ui/ui_atlas_01.bmp using Guid(a76b481fa37db7c40a6b6b020d7a32a5) Importer(815301076,1909f56bfc062723c751e8b465ee728b)  -> (artifact id: 'a7f867b34b8a81d77d1de0d2b9fccf33') in 0.107176 seconds 
========================================================================
Received Import Request.
  Time since last request: 6.805782 seconds.
  path: Assets/sample_racer/entities/vehicle_misc/car_inside.fbx
  artifactKey: Guid(917faa034e90d4b74a06d9ddb68e022f) Importer(815301076,1909f56bfc062723c751e8b465ee728b)
Start importing Assets/sample_racer/entities/vehicle_misc/car_inside.fbx using Guid(917faa034e90d4b74a06d9ddb68e022f) Importer(815301076,1909f56bfc062723c751e8b465ee728b)  -> (artifact id: 'b6d2bba2006c0d7512e54e936653bc6a') in 0.173859 seconds 
========================================================================
Received Import Request.
  Time since last request: 4.614492 seconds.
  path: Assets/sample_racer/entities/waterfront/waterfront.fbx
  artifactKey: Guid(85a4112bbf320491fba417c3c27f0367) Importer(815301076,1909f56bfc062723c751e8b465ee728b)
Start importing Assets/sample_racer/entities/waterfront/waterfront.fbx using Guid(85a4112bbf320491fba417c3c27f0367) Importer(815301076,1909f56bfc062723c751e8b465ee728b)  -> (artifact id: '1720bf5394cafacc7d5ee8ef982870a8') in 0.173534 seconds 
========================================================================
Received Import Request.
  Time since last request: 76.257941 seconds.
  path: Assets/sample_racer/levels/garage
  artifactKey: Guid(9c8f93b5742ba4f7aae345c0b9f8cc33) Importer(815301076,1909f56bfc062723c751e8b465ee728b)
Start importing Assets/sample_racer/levels/garage using Guid(9c8f93b5742ba4f7aae345c0b9f8cc33) Importer(815301076,1909f56bfc062723c751e8b465ee728b)  -> (artifact id: 'e8ef0d25e57d79601728f979d10e1fdc') in 0.002317 seconds 
========================================================================
Received Import Request.
  Time since last request: 0.055491 seconds.
  path: Assets/sample_racer/levels/garage/LightingData.asset
  artifactKey: Guid(8a03692d30d044e19aa61c0d96ea0d51) Importer(815301076,1909f56bfc062723c751e8b465ee728b)
Start importing Assets/sample_racer/levels/garage/LightingData.asset using Guid(8a03692d30d044e19aa61c0d96ea0d51) Importer(815301076,1909f56bfc062723c751e8b465ee728b) Lighting data asset ‘LightingData’ is incompatible with the current Unity version. Please use Generate Lighting to rebuild the lighting data. Realtime Global Illumination cannot be used until the lighting data is rebuilt.
Lighting data asset ‘LightingData’ is incompatible with the current Unity version because the scene it was baked for was not serialized. Please use Generate Lighting to rebuild the lighting data, or assign the target scene to the Lighting Data Asset in the inspector.
 -> (artifact id: 'cb79a4661fd9252ac90d78d828b856f7') in 0.010987 seconds 
========================================================================
Received Import Request.
  Time since last request: 0.000037 seconds.
  path: Assets/sample_racer/levels/garage/LightmapFar-1.exr
  artifactKey: Guid(8b1fc44036f403a4c88c34aa745571c5) Importer(815301076,1909f56bfc062723c751e8b465ee728b)
Start importing Assets/sample_racer/levels/garage/LightmapFar-1.exr using Guid(8b1fc44036f403a4c88c34aa745571c5) Importer(815301076,1909f56bfc062723c751e8b465ee728b)  -> (artifact id: '90a1005d8ba37a9bc6eaebd4f4f52812') in 0.035338 seconds 
========================================================================
Received Import Request.
  Time since last request: 0.000042 seconds.
  path: Assets/sample_racer/levels/garage/LightmapFar-2.exr
  artifactKey: Guid(23369f83f08042b46bbf51da4933c483) Importer(815301076,1909f56bfc062723c751e8b465ee728b)
Start importing Assets/sample_racer/levels/garage/LightmapFar-2.exr using Guid(23369f83f08042b46bbf51da4933c483) Importer(815301076,1909f56bfc062723c751e8b465ee728b)  -> (artifact id: '01ab08e9a220e46c22ea2ddb37ce2a67') in 0.014361 seconds 
========================================================================
Received Import Request.
  Time since last request: 0.000093 seconds.
  path: Assets/sample_racer/levels/garage/Lightmap-1_comp_light.exr
  artifactKey: Guid(af9c33fd766014e62a6528a078687698) Importer(815301076,1909f56bfc062723c751e8b465ee728b)
Start importing Assets/sample_racer/levels/garage/Lightmap-1_comp_light.exr using Guid(af9c33fd766014e62a6528a078687698) Importer(815301076,1909f56bfc062723c751e8b465ee728b)  -> (artifact id: '6b72bed5e05e66615b68d0dfb2282349') in 0.034986 seconds 
========================================================================
Received Import Request.
  Time since last request: 0.000036 seconds.
  path: Assets/sample_racer/levels/garage/LightmapFar-0.exr
  artifactKey: Guid(a747212eba6c07544935e5756968fece) Importer(815301076,1909f56bfc062723c751e8b465ee728b)
Start importing Assets/sample_racer/levels/garage/LightmapFar-0.exr using Guid(a747212eba6c07544935e5756968fece) Importer(815301076,1909f56bfc062723c751e8b465ee728b)  -> (artifact id: 'c60b630d42a206d323e1532040ae339a') in 0.016357 seconds 
========================================================================
Received Prepare
Registering precompiled user dll's ...
Registered in 0.006648 seconds.
Begin MonoManager ReloadAssembly
Symbol file LoadedFromMemory doesn't match image C:\Unity\LogisticsVR\Library\PackageCache\com.unity.visualscripting@1.7.6\Editor\VisualScripting.Core\Dependencies\YamlDotNet\Unity.VisualScripting.YamlDotNet.dll
Symbol file LoadedFromMemory doesn't match image C:\Unity\LogisticsVR\Library\PackageCache\com.unity.visualscripting@1.7.6\Editor\VisualScripting.Core\Dependencies\DotNetZip\Unity.VisualScripting.IonicZip.dll
Native extension for WindowsStandalone target not found
Refreshing native plugins compatible for Editor in 0.72 ms, found 3 plugins.
Preloading 0 native plugins for Editor in 0.00 ms.
Mono: successfully reloaded assembly
- Completed reload, in  1.093 seconds
Domain Reload Profiling:
	ReloadAssembly (1094ms)
		BeginReloadAssembly (146ms)
			ExecutionOrderSort (0ms)
			DisableScriptedObjects (4ms)
			BackupInstance (0ms)
			ReleaseScriptingObjects (0ms)
			CreateAndSetChildDomain (44ms)
		EndReloadAssembly (848ms)
			LoadAssemblies (82ms)
			RebuildTransferFunctionScriptingTraits (0ms)
			SetupTypeCache (276ms)
			ReleaseScriptCaches (1ms)
			RebuildScriptCaches (44ms)
			SetupLoadedEditorAssemblies (375ms)
				LogAssemblyErrors (0ms)
				InitializePlatformSupportModulesInManaged (12ms)
				SetLoadedEditorAssemblies (0ms)
				RefreshPlugins (1ms)
				BeforeProcessingInitializeOnLoad (71ms)
				ProcessInitializeOnLoadAttributes (247ms)
				ProcessInitializeOnLoadMethodAttributes (34ms)
				AfterProcessingInitializeOnLoad (10ms)
				EditorAssembliesLoaded (0ms)
			ExecutionOrderSort2 (0ms)
			AwakeInstancesAfterBackupRestoration (23ms)
Platform modules already initialized, skipping
Refreshing native plugins compatible for Editor in 0.82 ms, found 3 plugins.
Preloading 0 native plugins for Editor in 0.00 ms.
Unloading 3212 Unused Serialized files (Serialized files now loaded: 0)
Unloading 24 unused Assets / (79.0 KB). Loaded Objects now: 3919.
Memory consumption went from 138.6 MB to 138.6 MB.
Total: 3.178900 ms (FindLiveObjects: 0.421900 ms CreateObjectMapping: 0.122500 ms MarkObjects: 2.534400 ms  DeleteObjects: 0.098100 ms)

AssetImportParameters requested are different than current active one (requested -> active):
  custom:video-decoder-ogg-theora: a1e56fd34408186e4bbccfd4996cb3dc -> 
  custom:container-muxer-webm: aa71ff27fc2769a1b78a27578f13a17b -> 
  custom:container-demuxer-webm: 4f35f7cbe854078d1ac9338744f61a02 -> 
  custom:video-encoder-webm-vp8: eb34c28f22e8b96e1ab97ce403110664 -> 
  custom:video-codec-MediaFoundation-h265: 746d11721c4dcdbdad8f713fa42b33f4 -> 
  custom:audio-encoder-webm-vorbis: bf7c407c2cedff20999df2af8eb42d56 -> 
  custom:framework-win-MediaFoundation: 216162199b28c13a410421893ffa2e32 -> 
  custom:container-demuxer-ogg: 62fdf1f143b41e24485cea50d1cbac27 -> 
  custom:video-decoder-webm-vp8: 9c59270c3fd7afecdb556c50c9e8de78 -> 
  custom:audio-decoder-ogg-vorbis: bf7c407c2cedff20999df2af8eb42d56 -> 
Editor requested this worker to shutdown with reason: Scaling down because of idle timeout
AssetImportWorker is now disconnected from the server
Process exiting
Exiting without the bug reporter. Application will terminate with return code 0