Using pre-set license
Built from '2021.2/staging' branch; Version is '2021.2.7f1 (6bd9e232123f) revision 7068130'; Using compiler version '192829333'; Build Type 'Release'
OS: 'Windows 10  (10.0.19042) 64bit CoreSingleLanguage' Language: 'en' Physical Memory: 15741 MB
BatchMode: 1, IsHumanControllingUs: 0, StartBugReporterOnCrash: 0, Is64bit: 1, IsPro: 0

COMMAND LINE ARGUMENTS:
C:\Program Files\Unity\Hub\Editor\2021.2.7f1\Editor\Unity.exe
-adb2
-batchMode
-noUpm
-name
AssetImportWorker9
-projectPath
C:/Unity/LogisticsVR
-logFile
Logs/AssetImportWorker9.log
-srvPort
49583
Successfully changed project path to: C:/Unity/LogisticsVR
C:/Unity/LogisticsVR
[UnityMemory] Configuration Parameters - Can be set up in boot.config
    "memorysetup-bucket-allocator-granularity=16"
    "memorysetup-bucket-allocator-bucket-count=8"
    "memorysetup-bucket-allocator-block-size=33554432"
    "memorysetup-bucket-allocator-block-count=8"
    "memorysetup-main-allocator-block-size=16777216"
    "memorysetup-thread-allocator-block-size=16777216"
    "memorysetup-gfx-main-allocator-block-size=16777216"
    "memorysetup-gfx-thread-allocator-block-size=16777216"
    "memorysetup-cache-allocator-block-size=4194304"
    "memorysetup-typetree-allocator-block-size=2097152"
    "memorysetup-profiler-bucket-allocator-granularity=16"
    "memorysetup-profiler-bucket-allocator-bucket-count=8"
    "memorysetup-profiler-bucket-allocator-block-size=33554432"
    "memorysetup-profiler-bucket-allocator-block-count=8"
    "memorysetup-profiler-allocator-block-size=16777216"
    "memorysetup-profiler-editor-allocator-block-size=1048576"
    "memorysetup-temp-allocator-size-main=16777216"
    "memorysetup-job-temp-allocator-block-size=2097152"
    "memorysetup-job-temp-allocator-block-size-background=1048576"
    "memorysetup-job-temp-allocator-reduction-small-platforms=262144"
    "memorysetup-temp-allocator-size-background-worker=32768"
    "memorysetup-temp-allocator-size-job-worker=262144"
    "memorysetup-temp-allocator-size-preload-manager=33554432"
    "memorysetup-temp-allocator-size-nav-mesh-worker=65536"
    "memorysetup-temp-allocator-size-audio-worker=65536"
    "memorysetup-temp-allocator-size-cloud-worker=32768"
    "memorysetup-temp-allocator-size-gi-baking-worker=262144"
    "memorysetup-temp-allocator-size-gfx=262144"
Refreshing native plugins compatible for Editor in 86.89 ms, found 3 plugins.
Preloading 0 native plugins for Editor in 0.00 ms.
Initialize engine version: 2021.2.7f1 (6bd9e232123f)
[Subsystems] Discovering subsystems at path C:/Program Files/Unity/Hub/Editor/2021.2.7f1/Editor/Data/Resources/UnitySubsystems
[Subsystems] Discovering subsystems at path C:/Unity/LogisticsVR/Assets
GfxDevice: creating device client; threaded=0; jobified=0
Direct3D:
    Version:  Direct3D 11.0 [level 11.1]
    Renderer: AMD Radeon(TM) Graphics (ID=0x1636)
    Vendor:   ATI
    VRAM:     7870 MB
    Driver:   30.0.13025.5005
Initialize mono
Mono path[0] = 'C:/Program Files/Unity/Hub/Editor/2021.2.7f1/Editor/Data/Managed'
Mono path[1] = 'C:/Program Files/Unity/Hub/Editor/2021.2.7f1/Editor/Data/MonoBleedingEdge/lib/mono/unityjit-win32'
Mono config path = 'C:/Program Files/Unity/Hub/Editor/2021.2.7f1/Editor/Data/MonoBleedingEdge/etc'
Using monoOptions --debugger-agent=transport=dt_socket,embedding=1,server=y,suspend=n,address=127.0.0.1:56476
Begin MonoManager ReloadAssembly
Registering precompiled unity dll's ...
Register platform support module: C:/Program Files/Unity/Hub/Editor/2021.2.7f1/Editor/Data/PlaybackEngines/WindowsStandaloneSupport/UnityEditor.WindowsStandalone.Extensions.dll
Registered in 0.006269 seconds.
Native extension for WindowsStandalone target not found
Refreshing native plugins compatible for Editor in 86.50 ms, found 3 plugins.
Preloading 0 native plugins for Editor in 0.00 ms.
Mono: successfully reloaded assembly
- Completed reload, in  0.608 seconds
Domain Reload Profiling:
	ReloadAssembly (608ms)
		BeginReloadAssembly (74ms)
			ExecutionOrderSort (0ms)
			DisableScriptedObjects (0ms)
			BackupInstance (0ms)
			ReleaseScriptingObjects (0ms)
			CreateAndSetChildDomain (1ms)
		EndReloadAssembly (452ms)
			LoadAssemblies (72ms)
			RebuildTransferFunctionScriptingTraits (0ms)
			SetupTypeCache (100ms)
			ReleaseScriptCaches (0ms)
			RebuildScriptCaches (31ms)
			SetupLoadedEditorAssemblies (270ms)
				LogAssemblyErrors (0ms)
				InitializePlatformSupportModulesInManaged (16ms)
				SetLoadedEditorAssemblies (0ms)
				RefreshPlugins (87ms)
				BeforeProcessingInitializeOnLoad (1ms)
				ProcessInitializeOnLoadAttributes (122ms)
				ProcessInitializeOnLoadMethodAttributes (44ms)
				AfterProcessingInitializeOnLoad (0ms)
				EditorAssembliesLoaded (0ms)
			ExecutionOrderSort2 (0ms)
			AwakeInstancesAfterBackupRestoration (0ms)
Platform modules already initialized, skipping
Registering precompiled user dll's ...
Registered in 0.005165 seconds.
Begin MonoManager ReloadAssembly
Symbol file LoadedFromMemory doesn't match image C:\Unity\LogisticsVR\Library\PackageCache\com.unity.visualscripting@1.7.6\Editor\VisualScripting.Core\Dependencies\YamlDotNet\Unity.VisualScripting.YamlDotNet.dll
Symbol file LoadedFromMemory doesn't match image C:\Unity\LogisticsVR\Library\PackageCache\com.unity.visualscripting@1.7.6\Editor\VisualScripting.Core\Dependencies\DotNetZip\Unity.VisualScripting.IonicZip.dll
Native extension for WindowsStandalone target not found
Refreshing native plugins compatible for Editor in 0.79 ms, found 3 plugins.
Preloading 0 native plugins for Editor in 0.00 ms.
Mono: successfully reloaded assembly
- Completed reload, in  1.031 seconds
Domain Reload Profiling:
	ReloadAssembly (1032ms)
		BeginReloadAssembly (114ms)
			ExecutionOrderSort (0ms)
			DisableScriptedObjects (5ms)
			BackupInstance (0ms)
			ReleaseScriptingObjects (0ms)
			CreateAndSetChildDomain (21ms)
		EndReloadAssembly (821ms)
			LoadAssemblies (81ms)
			RebuildTransferFunctionScriptingTraits (0ms)
			SetupTypeCache (284ms)
			ReleaseScriptCaches (1ms)
			RebuildScriptCaches (51ms)
			SetupLoadedEditorAssemblies (365ms)
				LogAssemblyErrors (0ms)
				InitializePlatformSupportModulesInManaged (11ms)
				SetLoadedEditorAssemblies (0ms)
				RefreshPlugins (1ms)
				BeforeProcessingInitializeOnLoad (79ms)
				ProcessInitializeOnLoadAttributes (231ms)
				ProcessInitializeOnLoadMethodAttributes (34ms)
				AfterProcessingInitializeOnLoad (9ms)
				EditorAssembliesLoaded (0ms)
			ExecutionOrderSort2 (0ms)
			AwakeInstancesAfterBackupRestoration (8ms)
Platform modules already initialized, skipping
========================================================================
Worker process is ready to serve import requests
Launched and connected shader compiler UnityShaderCompiler.exe after 0.07 seconds
Refreshing native plugins compatible for Editor in 0.71 ms, found 3 plugins.
Preloading 0 native plugins for Editor in 0.00 ms.
Unloading 3215 Unused Serialized files (Serialized files now loaded: 0)
Unloading 26 unused Assets / (112.6 KB). Loaded Objects now: 3699.
Memory consumption went from 129.0 MB to 128.9 MB.
Total: 3.684500 ms (FindLiveObjects: 0.392300 ms CreateObjectMapping: 0.170600 ms MarkObjects: 3.002600 ms  DeleteObjects: 0.117200 ms)

AssetImportParameters requested are different than current active one (requested -> active):
  custom:video-decoder-ogg-theora: a1e56fd34408186e4bbccfd4996cb3dc -> 
  custom:container-muxer-webm: aa71ff27fc2769a1b78a27578f13a17b -> 
  custom:container-demuxer-webm: 4f35f7cbe854078d1ac9338744f61a02 -> 
  custom:video-encoder-webm-vp8: eb34c28f22e8b96e1ab97ce403110664 -> 
  custom:video-codec-MediaFoundation-h265: 746d11721c4dcdbdad8f713fa42b33f4 -> 
  custom:audio-encoder-webm-vorbis: bf7c407c2cedff20999df2af8eb42d56 -> 
  custom:framework-win-MediaFoundation: 216162199b28c13a410421893ffa2e32 -> 
  custom:container-demuxer-ogg: 62fdf1f143b41e24485cea50d1cbac27 -> 
  custom:video-decoder-webm-vp8: 9c59270c3fd7afecdb556c50c9e8de78 -> 
  custom:audio-decoder-ogg-vorbis: bf7c407c2cedff20999df2af8eb42d56 -> 
========================================================================
Received Import Request.
  Time since last request: 11100.886071 seconds.
  path: Assets/BrokenVector/LowPolyStoragePack/Prefabs/Garbage_Can_Red.prefab
  artifactKey: Guid(6092d1bb5a4a3074a88aa2f310c42bcb) Importer(815301076,1909f56bfc062723c751e8b465ee728b)
Start importing Assets/BrokenVector/LowPolyStoragePack/Prefabs/Garbage_Can_Red.prefab using Guid(6092d1bb5a4a3074a88aa2f310c42bcb) Importer(815301076,1909f56bfc062723c751e8b465ee728b)  -> (artifact id: '3350d46fd958fde7308a01fe666663fe') in 0.144380 seconds 
========================================================================
Received Import Request.
  Time since last request: 0.645600 seconds.
  path: Assets/BrokenVector/LowPolyStoragePack/Prefabs/Giftbox_03_Blue.prefab
  artifactKey: Guid(640a1b7507862ff4aaabf7e8ed0517fa) Importer(815301076,1909f56bfc062723c751e8b465ee728b)
Start importing Assets/BrokenVector/LowPolyStoragePack/Prefabs/Giftbox_03_Blue.prefab using Guid(640a1b7507862ff4aaabf7e8ed0517fa) Importer(815301076,1909f56bfc062723c751e8b465ee728b)  -> (artifact id: 'a7e9c5a4d44deff44b0acbc6e08b66f4') in 0.019252 seconds 
========================================================================
Received Import Request.
  Time since last request: 0.000023 seconds.
  path: Assets/BrokenVector/LowPolyStoragePack/Prefabs/Giftbox_03_Purple.prefab
  artifactKey: Guid(392154adf107eaf47b51a9416a75bcee) Importer(815301076,1909f56bfc062723c751e8b465ee728b)
Start importing Assets/BrokenVector/LowPolyStoragePack/Prefabs/Giftbox_03_Purple.prefab using Guid(392154adf107eaf47b51a9416a75bcee) Importer(815301076,1909f56bfc062723c751e8b465ee728b)  -> (artifact id: 'ba9ecc8374e518fa0b66510c0a088934') in 0.019787 seconds 
========================================================================
Received Import Request.
  Time since last request: 0.000036 seconds.
  path: Assets/BrokenVector/LowPolyStoragePack/Prefabs/Locker.prefab
  artifactKey: Guid(5ac3edd53f963024ebc36254c7e55dee) Importer(815301076,1909f56bfc062723c751e8b465ee728b)
Start importing Assets/BrokenVector/LowPolyStoragePack/Prefabs/Locker.prefab using Guid(5ac3edd53f963024ebc36254c7e55dee) Importer(815301076,1909f56bfc062723c751e8b465ee728b)  -> (artifact id: '67802262f36d432ff85a937a7ffbf65c') in 0.016114 seconds 
========================================================================
Received Import Request.
  Time since last request: 0.095300 seconds.
  path: Assets/BrokenVector/LowPolyStoragePack/Prefabs/Suitcase_01_Blue.prefab
  artifactKey: Guid(049a31b928db0684c80f2fa76838f5f7) Importer(815301076,1909f56bfc062723c751e8b465ee728b)
Start importing Assets/BrokenVector/LowPolyStoragePack/Prefabs/Suitcase_01_Blue.prefab using Guid(049a31b928db0684c80f2fa76838f5f7) Importer(815301076,1909f56bfc062723c751e8b465ee728b)  -> (artifact id: 'dda9685d4ec0e6d66f69ce17fe9491fd') in 0.015248 seconds 
========================================================================
Received Import Request.
  Time since last request: 0.000026 seconds.
  path: Assets/BrokenVector/LowPolyStoragePack/Prefabs/Suitcase_01_Purple.prefab
  artifactKey: Guid(19f4c7cc361201e4586f726d42b19251) Importer(815301076,1909f56bfc062723c751e8b465ee728b)
Start importing Assets/BrokenVector/LowPolyStoragePack/Prefabs/Suitcase_01_Purple.prefab using Guid(19f4c7cc361201e4586f726d42b19251) Importer(815301076,1909f56bfc062723c751e8b465ee728b)  -> (artifact id: '334b530b64bdf9729ce4f546f4027d8b') in 0.015893 seconds 
========================================================================
Received Import Request.
  Time since last request: 0.047742 seconds.
  path: Assets/BrokenVector/LowPolyStoragePack/Prefabs/Suitcase_01_Yellow.prefab
  artifactKey: Guid(98ebe5a4263656e4cb208604d93a4636) Importer(815301076,1909f56bfc062723c751e8b465ee728b)
Start importing Assets/BrokenVector/LowPolyStoragePack/Prefabs/Suitcase_01_Yellow.prefab using Guid(98ebe5a4263656e4cb208604d93a4636) Importer(815301076,1909f56bfc062723c751e8b465ee728b)  -> (artifact id: 'ae9e769aa883c13d43a612bca6d2e654') in 0.015229 seconds 
========================================================================
Received Import Request.
  Time since last request: 0.000023 seconds.
  path: Assets/BrokenVector/LowPolyStoragePack/Prefabs/Suitcase_02_Green.prefab
  artifactKey: Guid(c134220877dc86841963c96f50f810c3) Importer(815301076,1909f56bfc062723c751e8b465ee728b)
Start importing Assets/BrokenVector/LowPolyStoragePack/Prefabs/Suitcase_02_Green.prefab using Guid(c134220877dc86841963c96f50f810c3) Importer(815301076,1909f56bfc062723c751e8b465ee728b)  -> (artifact id: '73e3660e58aaa2ddfdb49f87fe28d1cc') in 0.015532 seconds 
========================================================================
Received Import Request.
  Time since last request: 0.151366 seconds.
  path: Assets/BrokenVector/LowPolyStoragePack/Prefabs/Suitcase_02_Red.prefab
  artifactKey: Guid(e1cac1d627db5b34fa00d9a05bfa4729) Importer(815301076,1909f56bfc062723c751e8b465ee728b)
Start importing Assets/BrokenVector/LowPolyStoragePack/Prefabs/Suitcase_02_Red.prefab using Guid(e1cac1d627db5b34fa00d9a05bfa4729) Importer(815301076,1909f56bfc062723c751e8b465ee728b)  -> (artifact id: '093c81903eb680f9ca7fd7b1eee991ab') in 0.017156 seconds 
========================================================================
Received Import Request.
  Time since last request: 0.000022 seconds.
  path: Assets/BrokenVector/LowPolyStoragePack/Prefabs/Trashcan_01.prefab
  artifactKey: Guid(1d9a68b5f87cd504692964e0e0184301) Importer(815301076,1909f56bfc062723c751e8b465ee728b)
Start importing Assets/BrokenVector/LowPolyStoragePack/Prefabs/Trashcan_01.prefab using Guid(1d9a68b5f87cd504692964e0e0184301) Importer(815301076,1909f56bfc062723c751e8b465ee728b)  -> (artifact id: '7717ef339608fb160eb646bfe9b39561') in 0.016456 seconds 
========================================================================
Received Import Request.
  Time since last request: 0.008901 seconds.
  path: Assets/BrokenVector/LowPolyStoragePack/Prefabs/Treasure_Chest.prefab
  artifactKey: Guid(7508a35910e500841aa2d8ae33c44512) Importer(815301076,1909f56bfc062723c751e8b465ee728b)
Start importing Assets/BrokenVector/LowPolyStoragePack/Prefabs/Treasure_Chest.prefab using Guid(7508a35910e500841aa2d8ae33c44512) Importer(815301076,1909f56bfc062723c751e8b465ee728b)  -> (artifact id: 'ed05bd05a9e3f007ab30ff5fb1322b7a') in 0.015824 seconds 
========================================================================
Received Import Request.
  Time since last request: 26.677797 seconds.
  path: Assets/sample_racer/entities/misc/Materials/misc_fance_wire.mat
  artifactKey: Guid(4ef13e7d9ec67ea42aabd5e13e3ea132) Importer(815301076,1909f56bfc062723c751e8b465ee728b)
Start importing Assets/sample_racer/entities/misc/Materials/misc_fance_wire.mat using Guid(4ef13e7d9ec67ea42aabd5e13e3ea132) Importer(815301076,1909f56bfc062723c751e8b465ee728b)  -> (artifact id: '332f774254cbfc6c91fe9a3032d31d36') in 0.036617 seconds 
========================================================================
Received Import Request.
  Time since last request: 5.963829 seconds.
  path: Assets/sample_racer/entities/misc/misc_sand_b2a.png
  artifactKey: Guid(0f7c9727936844182824db0ea30633d3) Importer(815301076,1909f56bfc062723c751e8b465ee728b)
Start importing Assets/sample_racer/entities/misc/misc_sand_b2a.png using Guid(0f7c9727936844182824db0ea30633d3) Importer(815301076,1909f56bfc062723c751e8b465ee728b)  -> (artifact id: '5c8e1f1e2d7540e9839197f4d8add4ff') in 0.031215 seconds 
========================================================================
Received Import Request.
  Time since last request: 0.051998 seconds.
  path: Assets/sample_racer/entities/misc/misc_wall_a.png
  artifactKey: Guid(e18de6b71f83e41d4a0ef48ebd5e4f78) Importer(815301076,1909f56bfc062723c751e8b465ee728b)
Start importing Assets/sample_racer/entities/misc/misc_wall_a.png using Guid(e18de6b71f83e41d4a0ef48ebd5e4f78) Importer(815301076,1909f56bfc062723c751e8b465ee728b)  -> (artifact id: '97f8d4fb299e907d2ee9fe828009648e') in 0.014510 seconds 
========================================================================
Received Import Request.
  Time since last request: 0.000031 seconds.
  path: Assets/sample_racer/entities/misc/misc_wall_c.png
  artifactKey: Guid(ddabb1ce3b1274f9b8cb721bca22cddf) Importer(815301076,1909f56bfc062723c751e8b465ee728b)
Start importing Assets/sample_racer/entities/misc/misc_wall_c.png using Guid(ddabb1ce3b1274f9b8cb721bca22cddf) Importer(815301076,1909f56bfc062723c751e8b465ee728b)  -> (artifact id: '44bf72a83da1b36a31cd64f8e490d0f9') in 0.012870 seconds 
========================================================================
Received Import Request.
  Time since last request: 7.686494 seconds.
  path: Assets/sample_racer/entities/skyboxes/skyHighway.mat
  artifactKey: Guid(8e8e6353088b99a42981414986f4527b) Importer(815301076,1909f56bfc062723c751e8b465ee728b)
Start importing Assets/sample_racer/entities/skyboxes/skyHighway.mat using Guid(8e8e6353088b99a42981414986f4527b) Importer(815301076,1909f56bfc062723c751e8b465ee728b)  -> (artifact id: '6bcc732dfe116fd61123bed6f51643e4') in 0.017235 seconds 
========================================================================
Received Import Request.
  Time since last request: 4.492715 seconds.
  path: Assets/sample_racer/entities/waterfront/waterfront_textures/waterfront_atlas_b.png
  artifactKey: Guid(03f1b789a7e824427970137d0ae1fc73) Importer(815301076,1909f56bfc062723c751e8b465ee728b)
Start importing Assets/sample_racer/entities/waterfront/waterfront_textures/waterfront_atlas_b.png using Guid(03f1b789a7e824427970137d0ae1fc73) Importer(815301076,1909f56bfc062723c751e8b465ee728b)  -> (artifact id: 'f59e845f02abd41b379d044c027d1241') in 0.017178 seconds 
========================================================================
Received Import Request.
  Time since last request: 0.000020 seconds.
  path: Assets/sample_racer/entities/waterfront/waterfront_textures/waterfront_warehouse_roof_sides.png
  artifactKey: Guid(e592b04ee879f40bbbd5681e75cc361c) Importer(815301076,1909f56bfc062723c751e8b465ee728b)
Start importing Assets/sample_racer/entities/waterfront/waterfront_textures/waterfront_warehouse_roof_sides.png using Guid(e592b04ee879f40bbbd5681e75cc361c) Importer(815301076,1909f56bfc062723c751e8b465ee728b)  -> (artifact id: '4677e3927809f6fe89af7a48e33c257b') in 0.016789 seconds 
========================================================================
Received Import Request.
  Time since last request: 0.000021 seconds.
  path: Assets/sample_racer/entities/waterfront/waterfront_textures/waterfront_warehouse_roof_frame.png
  artifactKey: Guid(2c68d7fc54eb442f0850e4cffdebac54) Importer(815301076,1909f56bfc062723c751e8b465ee728b)
Start importing Assets/sample_racer/entities/waterfront/waterfront_textures/waterfront_warehouse_roof_frame.png using Guid(2c68d7fc54eb442f0850e4cffdebac54) Importer(815301076,1909f56bfc062723c751e8b465ee728b)  -> (artifact id: '106e83622279fbf30dee2bde156afb58') in 0.015153 seconds 
========================================================================
Received Import Request.
  Time since last request: 0.000030 seconds.
  path: Assets/sample_racer/entities/waterfront/waterfront_textures/waterfront_warehouse_wall.png
  artifactKey: Guid(2febb356970574d47a878ce5908b526a) Importer(815301076,1909f56bfc062723c751e8b465ee728b)
Start importing Assets/sample_racer/entities/waterfront/waterfront_textures/waterfront_warehouse_wall.png using Guid(2febb356970574d47a878ce5908b526a) Importer(815301076,1909f56bfc062723c751e8b465ee728b)  -> (artifact id: '8d0561bd6a00d37d816d4f1f1fd2e249') in 0.016264 seconds 
========================================================================
Received Import Request.
  Time since last request: 0.000060 seconds.
  path: Assets/sample_racer/entities/waterfront/waterfront_textures/waterfront_warehouse_concrete_e.png
  artifactKey: Guid(462e44473c7e84964971ea826217b840) Importer(815301076,1909f56bfc062723c751e8b465ee728b)
Start importing Assets/sample_racer/entities/waterfront/waterfront_textures/waterfront_warehouse_concrete_e.png using Guid(462e44473c7e84964971ea826217b840) Importer(815301076,1909f56bfc062723c751e8b465ee728b)  -> (artifact id: 'b3cae7f171b8e669d520dbfc9768ee20') in 0.023045 seconds 
========================================================================
Received Import Request.
  Time since last request: 4.211841 seconds.
  path: Assets/sample_racer/entities/garage/Materials/misc_concrete_new.mat
  artifactKey: Guid(e766f06d412c0ac4dbb6e74bf4c1e591) Importer(815301076,1909f56bfc062723c751e8b465ee728b)
Start importing Assets/sample_racer/entities/garage/Materials/misc_concrete_new.mat using Guid(e766f06d412c0ac4dbb6e74bf4c1e591) Importer(815301076,1909f56bfc062723c751e8b465ee728b)  -> (artifact id: '46659fb71f51518e44cef5f76ad68d3d') in 0.017012 seconds 
========================================================================
Received Import Request.
  Time since last request: 0.000035 seconds.
  path: Assets/sample_racer/entities/garage/Materials/warehouse_beam_a.mat
  artifactKey: Guid(ff1aacdc4da5c794f8f6b894cfe765cd) Importer(815301076,1909f56bfc062723c751e8b465ee728b)
Start importing Assets/sample_racer/entities/garage/Materials/warehouse_beam_a.mat using Guid(ff1aacdc4da5c794f8f6b894cfe765cd) Importer(815301076,1909f56bfc062723c751e8b465ee728b)  -> (artifact id: 'a74ff2ea5aa18aa155860bded8f233e2') in 0.015269 seconds 
========================================================================
Received Import Request.
  Time since last request: 0.000036 seconds.
  path: Assets/sample_racer/entities/garage/Materials/warehouse_shelfswheel.mat
  artifactKey: Guid(11badc8179b000042bbc3eb4575757ea) Importer(815301076,1909f56bfc062723c751e8b465ee728b)
Start importing Assets/sample_racer/entities/garage/Materials/warehouse_shelfswheel.mat using Guid(11badc8179b000042bbc3eb4575757ea) Importer(815301076,1909f56bfc062723c751e8b465ee728b)  -> (artifact id: 'df38dad207dcaeed86767ed87174b90d') in 0.016446 seconds 
========================================================================
Received Import Request.
  Time since last request: 0.000046 seconds.
  path: Assets/sample_racer/entities/garage/Materials/warehouse_ceiling_conc.mat
  artifactKey: Guid(74bc8b63c8b6497429f09cb0bfb5542d) Importer(815301076,1909f56bfc062723c751e8b465ee728b)
Start importing Assets/sample_racer/entities/garage/Materials/warehouse_ceiling_conc.mat using Guid(74bc8b63c8b6497429f09cb0bfb5542d) Importer(815301076,1909f56bfc062723c751e8b465ee728b)  -> (artifact id: '22c2fb00e2766ea7b2ff1ccf871d050b') in 0.014836 seconds 
========================================================================
Received Import Request.
  Time since last request: 0.000021 seconds.
  path: Assets/sample_racer/entities/garage/Materials/warehouse_oilshelfs.mat
  artifactKey: Guid(a0ef24cd7720d6742a761963fd351d73) Importer(815301076,1909f56bfc062723c751e8b465ee728b)
Start importing Assets/sample_racer/entities/garage/Materials/warehouse_oilshelfs.mat using Guid(a0ef24cd7720d6742a761963fd351d73) Importer(815301076,1909f56bfc062723c751e8b465ee728b)  -> (artifact id: '3b81cd7d9c9d2f2d3045880ac3ef7a86') in 0.017665 seconds 
========================================================================
Received Import Request.
  Time since last request: 3.343450 seconds.
  path: Assets/sample_racer/entities/garage/warehouse_textures/warehouse_topdoors_a.png
  artifactKey: Guid(3bd85c666135f4480849cd11069f9905) Importer(815301076,1909f56bfc062723c751e8b465ee728b)
Start importing Assets/sample_racer/entities/garage/warehouse_textures/warehouse_topdoors_a.png using Guid(3bd85c666135f4480849cd11069f9905) Importer(815301076,1909f56bfc062723c751e8b465ee728b)  -> (artifact id: '90e2af41ea7cea308ba88d64a246fb55') in 0.016756 seconds 
========================================================================
Received Import Request.
  Time since last request: 0.011616 seconds.
  path: Assets/sample_racer/entities/garage/warehouse_textures/warehouse_wall_brick_b.png
  artifactKey: Guid(852715e15bfa74dc0a4ec79e79340b86) Importer(815301076,1909f56bfc062723c751e8b465ee728b)
Start importing Assets/sample_racer/entities/garage/warehouse_textures/warehouse_wall_brick_b.png using Guid(852715e15bfa74dc0a4ec79e79340b86) Importer(815301076,1909f56bfc062723c751e8b465ee728b)  -> (artifact id: 'ed54272c955be796661e1f1397be2542') in 0.015662 seconds 
========================================================================
Received Import Request.
  Time since last request: 0.000044 seconds.
  path: Assets/sample_racer/entities/garage/warehouse_textures/warehouse_wheel_b.png
  artifactKey: Guid(fcda446cc0534471789123fe7743524d) Importer(815301076,1909f56bfc062723c751e8b465ee728b)
Start importing Assets/sample_racer/entities/garage/warehouse_textures/warehouse_wheel_b.png using Guid(fcda446cc0534471789123fe7743524d) Importer(815301076,1909f56bfc062723c751e8b465ee728b)  -> (artifact id: '493cebecc25002fda40eef64410cb709') in 0.016882 seconds 
========================================================================
Received Import Request.
  Time since last request: 0.000027 seconds.
  path: Assets/sample_racer/entities/garage/warehouse_textures/warehouse_wheel_loop.png
  artifactKey: Guid(a68b3ce7461a64737a77b3e3a8b0194f) Importer(815301076,1909f56bfc062723c751e8b465ee728b)
Start importing Assets/sample_racer/entities/garage/warehouse_textures/warehouse_wheel_loop.png using Guid(a68b3ce7461a64737a77b3e3a8b0194f) Importer(815301076,1909f56bfc062723c751e8b465ee728b)  -> (artifact id: '1b035a1080e9c78bfd371056213f1d84') in 0.016656 seconds 
========================================================================
Received Import Request.
  Time since last request: 0.000029 seconds.
  path: Assets/sample_racer/entities/garage/warehouse_textures/warehouse_window.png
  artifactKey: Guid(1300b806e217e4458ab11fb59cf6f2ca) Importer(815301076,1909f56bfc062723c751e8b465ee728b)
Start importing Assets/sample_racer/entities/garage/warehouse_textures/warehouse_window.png using Guid(1300b806e217e4458ab11fb59cf6f2ca) Importer(815301076,1909f56bfc062723c751e8b465ee728b)  -> (artifact id: '9ef4f899e6ca76e660de4ba2369963b4') in 0.014666 seconds 
========================================================================
Received Import Request.
  Time since last request: 49.992095 seconds.
  path: Assets/BrokenVector/LowPolyStoragePack/Materials/Storage_Diffuse_Green.mat
  artifactKey: Guid(72b60f1b3e5a4b94f88154af53968158) Importer(815301076,1909f56bfc062723c751e8b465ee728b)
Start importing Assets/BrokenVector/LowPolyStoragePack/Materials/Storage_Diffuse_Green.mat using Guid(72b60f1b3e5a4b94f88154af53968158) Importer(815301076,1909f56bfc062723c751e8b465ee728b)  -> (artifact id: '9d61296c1d4aa7feeb830434bcdc9b89') in 0.015603 seconds 
========================================================================
Received Import Request.
  Time since last request: 0.000019 seconds.
  path: Assets/BrokenVector/LowPolyStoragePack/Materials/Storage_Metal_Purple.mat
  artifactKey: Guid(19f1aca6176a7614f899e6d504abc147) Importer(815301076,1909f56bfc062723c751e8b465ee728b)
Start importing Assets/BrokenVector/LowPolyStoragePack/Materials/Storage_Metal_Purple.mat using Guid(19f1aca6176a7614f899e6d504abc147) Importer(815301076,1909f56bfc062723c751e8b465ee728b)  -> (artifact id: '8836d9c5c66bd46d4bde5e91b424705c') in 0.015573 seconds 
========================================================================
Received Import Request.
  Time since last request: 0.000023 seconds.
  path: Assets/BrokenVector/LowPolyStoragePack/Materials/Storage_Diffuse_Red.mat
  artifactKey: Guid(c7d4d55229668c54c9ce656beb9a14a1) Importer(815301076,1909f56bfc062723c751e8b465ee728b)
Start importing Assets/BrokenVector/LowPolyStoragePack/Materials/Storage_Diffuse_Red.mat using Guid(c7d4d55229668c54c9ce656beb9a14a1) Importer(815301076,1909f56bfc062723c751e8b465ee728b)  -> (artifact id: '070b2630f4c982c4304f5c5b2bd66148') in 0.013810 seconds 
========================================================================
Received Import Request.
  Time since last request: 0.000069 seconds.
  path: Assets/BrokenVector/LowPolyStoragePack/Materials/Storage_Metal_Yellow.mat
  artifactKey: Guid(42b72ec56c0ab8047879964b928f6fe9) Importer(815301076,1909f56bfc062723c751e8b465ee728b)
Start importing Assets/BrokenVector/LowPolyStoragePack/Materials/Storage_Metal_Yellow.mat using Guid(42b72ec56c0ab8047879964b928f6fe9) Importer(815301076,1909f56bfc062723c751e8b465ee728b)  -> (artifact id: '9850e5a4a286b5eb6eb301224e569b82') in 0.018404 seconds 
========================================================================
Received Import Request.
  Time since last request: 0.000037 seconds.
  path: Assets/BrokenVector/LowPolyStoragePack/Materials/Storage_Metal_Green.mat
  artifactKey: Guid(5aca6693610276c4190f5740d1183bcc) Importer(815301076,1909f56bfc062723c751e8b465ee728b)
Start importing Assets/BrokenVector/LowPolyStoragePack/Materials/Storage_Metal_Green.mat using Guid(5aca6693610276c4190f5740d1183bcc) Importer(815301076,1909f56bfc062723c751e8b465ee728b)  -> (artifact id: 'c0f94d13773e32e780f62a8e421974ae') in 0.017713 seconds 
========================================================================
Received Import Request.
  Time since last request: 0.000045 seconds.
  path: Assets/BrokenVector/LowPolyStoragePack/Materials/Storage_Diffuse_Yellow.mat
  artifactKey: Guid(527353d9e6270254680287bb2593d299) Importer(815301076,1909f56bfc062723c751e8b465ee728b)
Start importing Assets/BrokenVector/LowPolyStoragePack/Materials/Storage_Diffuse_Yellow.mat using Guid(527353d9e6270254680287bb2593d299) Importer(815301076,1909f56bfc062723c751e8b465ee728b)  -> (artifact id: '2fe087705401323935751d5ee9fc08a8') in 0.017858 seconds 
========================================================================
Received Import Request.
  Time since last request: 0.000030 seconds.
  path: Assets/BrokenVector/LowPolyStoragePack/Materials/Storage_Metal_Red.mat
  artifactKey: Guid(974e4860cba7dbd478b90327dbc32482) Importer(815301076,1909f56bfc062723c751e8b465ee728b)
Start importing Assets/BrokenVector/LowPolyStoragePack/Materials/Storage_Metal_Red.mat using Guid(974e4860cba7dbd478b90327dbc32482) Importer(815301076,1909f56bfc062723c751e8b465ee728b)  -> (artifact id: '658df980ef1ccc34ef65f41a86e22ab2') in 0.014559 seconds 
========================================================================
Received Import Request.
  Time since last request: 0.599752 seconds.
  path: Assets/BrokenVector/LowPolyStoragePack/Models/AmpRack_02.dae
  artifactKey: Guid(d31353d1f3002254bb9c6dccb795b548) Importer(815301076,1909f56bfc062723c751e8b465ee728b)
Start importing Assets/BrokenVector/LowPolyStoragePack/Models/AmpRack_02.dae using Guid(d31353d1f3002254bb9c6dccb795b548) Importer(815301076,1909f56bfc062723c751e8b465ee728b)  -> (artifact id: '34f6c1046dc394948b9d76aca22c1e72') in 0.048181 seconds 
========================================================================
Received Import Request.
  Time since last request: 0.000043 seconds.
  path: Assets/BrokenVector/LowPolyStoragePack/Models/Bag_02.dae
  artifactKey: Guid(32b26dc006e7b5d45a08ff5c9c89ab4f) Importer(815301076,1909f56bfc062723c751e8b465ee728b)
Start importing Assets/BrokenVector/LowPolyStoragePack/Models/Bag_02.dae using Guid(32b26dc006e7b5d45a08ff5c9c89ab4f) Importer(815301076,1909f56bfc062723c751e8b465ee728b)  -> (artifact id: '6a54a26e695871e7afd85e2279072c26') in 0.023300 seconds 
========================================================================
Received Import Request.
  Time since last request: 0.000044 seconds.
  path: Assets/BrokenVector/LowPolyStoragePack/Models/Box_02.dae
  artifactKey: Guid(7fe7437dc8388e2409a2bdce2c2d1c3c) Importer(815301076,1909f56bfc062723c751e8b465ee728b)
Start importing Assets/BrokenVector/LowPolyStoragePack/Models/Box_02.dae using Guid(7fe7437dc8388e2409a2bdce2c2d1c3c) Importer(815301076,1909f56bfc062723c751e8b465ee728b)  -> (artifact id: '30c109fffebbdf42fadf6d92cf775cd4') in 0.024740 seconds 
========================================================================
Received Import Request.
  Time since last request: 0.000029 seconds.
  path: Assets/BrokenVector/LowPolyStoragePack/Models/Box_01.dae
  artifactKey: Guid(92e94bedf87decc4bab0193195407561) Importer(815301076,1909f56bfc062723c751e8b465ee728b)
Start importing Assets/BrokenVector/LowPolyStoragePack/Models/Box_01.dae using Guid(92e94bedf87decc4bab0193195407561) Importer(815301076,1909f56bfc062723c751e8b465ee728b)  -> (artifact id: '6915b080d9d9a917d0fecad623f05dbb') in 0.023379 seconds 
========================================================================
Received Import Request.
  Time since last request: 0.000026 seconds.
  path: Assets/BrokenVector/LowPolyStoragePack/Models/Barrel_04.dae
  artifactKey: Guid(bd4f279f6db85dd4a912b3cde7c0efd7) Importer(815301076,1909f56bfc062723c751e8b465ee728b)
Start importing Assets/BrokenVector/LowPolyStoragePack/Models/Barrel_04.dae using Guid(bd4f279f6db85dd4a912b3cde7c0efd7) Importer(815301076,1909f56bfc062723c751e8b465ee728b)  -> (artifact id: '15d23a195620f04cf646a46dc42b2b87') in 0.023127 seconds 
========================================================================
Received Import Request.
  Time since last request: 2.785686 seconds.
  path: Assets/BrokenVector/LowPolyStoragePack/Models/Crate_01.dae
  artifactKey: Guid(37af191fce887fc4fa10ccff84e57459) Importer(815301076,1909f56bfc062723c751e8b465ee728b)
Start importing Assets/BrokenVector/LowPolyStoragePack/Models/Crate_01.dae using Guid(37af191fce887fc4fa10ccff84e57459) Importer(815301076,1909f56bfc062723c751e8b465ee728b)  -> (artifact id: '707968132ae198484eaa02b0aeb8a755') in 0.020722 seconds 
========================================================================
Received Import Request.
  Time since last request: 0.214037 seconds.
  path: Assets/BrokenVector/LowPolyStoragePack/Models/EUR-Pallet.dae
  artifactKey: Guid(23015706c0129d644952c2df64fe52ef) Importer(815301076,1909f56bfc062723c751e8b465ee728b)
Start importing Assets/BrokenVector/LowPolyStoragePack/Models/EUR-Pallet.dae using Guid(23015706c0129d644952c2df64fe52ef) Importer(815301076,1909f56bfc062723c751e8b465ee728b)  -> (artifact id: '8a35261e44a0943a2601bcb17c48a6dd') in 0.018180 seconds 
========================================================================
Received Import Request.
  Time since last request: 0.000022 seconds.
  path: Assets/BrokenVector/LowPolyStoragePack/Models/Giftbox_01.dae
  artifactKey: Guid(601dc9ecbb324ed488aeceaf99509326) Importer(815301076,1909f56bfc062723c751e8b465ee728b)
Start importing Assets/BrokenVector/LowPolyStoragePack/Models/Giftbox_01.dae using Guid(601dc9ecbb324ed488aeceaf99509326) Importer(815301076,1909f56bfc062723c751e8b465ee728b)  -> (artifact id: 'b9dda217c5cd2295223c480a862d594c') in 0.019986 seconds 
========================================================================
Received Import Request.
  Time since last request: 3.926142 seconds.
  path: Assets/BrokenVector/LowPolyStoragePack/Models/Giftbox_03.dae
  artifactKey: Guid(6e1aa28bf5d4c4b4fa59f8a99be843a6) Importer(815301076,1909f56bfc062723c751e8b465ee728b)
Start importing Assets/BrokenVector/LowPolyStoragePack/Models/Giftbox_03.dae using Guid(6e1aa28bf5d4c4b4fa59f8a99be843a6) Importer(815301076,1909f56bfc062723c751e8b465ee728b)  -> (artifact id: '1f8c83c88392908b4cef607b5a967fa3') in 0.021172 seconds 
========================================================================
Received Import Request.
  Time since last request: 0.558368 seconds.
  path: Assets/BrokenVector/LowPolyStoragePack/Models/Suitcase_01.dae
  artifactKey: Guid(0ea575825eb921d459f33d8288f64917) Importer(815301076,1909f56bfc062723c751e8b465ee728b)
Start importing Assets/BrokenVector/LowPolyStoragePack/Models/Suitcase_01.dae using Guid(0ea575825eb921d459f33d8288f64917) Importer(815301076,1909f56bfc062723c751e8b465ee728b)  -> (artifact id: '1006f428e3f3d3c3b7246f230da1650c') in 0.019067 seconds 
========================================================================
Received Import Request.
  Time since last request: 0.000024 seconds.
  path: Assets/BrokenVector/LowPolyStoragePack/Models/Trashcan_01.dae
  artifactKey: Guid(b4e7baaa5268b264d872a89baff081fe) Importer(815301076,1909f56bfc062723c751e8b465ee728b)
Start importing Assets/BrokenVector/LowPolyStoragePack/Models/Trashcan_01.dae using Guid(b4e7baaa5268b264d872a89baff081fe) Importer(815301076,1909f56bfc062723c751e8b465ee728b)  -> (artifact id: '5ce4aa3e2200017b3feba8e0641607a2') in 0.016944 seconds 
========================================================================
Received Import Request.
  Time since last request: 66.658655 seconds.
  path: Assets/BrokenVector/LowPolyStoragePack/Palettes/Palette_Blue.png
  artifactKey: Guid(f567ed64624c60444914722fbe1cee38) Importer(815301076,1909f56bfc062723c751e8b465ee728b)
Start importing Assets/BrokenVector/LowPolyStoragePack/Palettes/Palette_Blue.png using Guid(f567ed64624c60444914722fbe1cee38) Importer(815301076,1909f56bfc062723c751e8b465ee728b)  -> (artifact id: '94402c5d606a94df14ac2d62aaa66e64') in 0.017365 seconds 
========================================================================
Received Import Request.
  Time since last request: 0.000042 seconds.
  path: Assets/BrokenVector/LowPolyStoragePack/Palettes/Palette_Yellow.png
  artifactKey: Guid(5a69156d521450d41b42825fbceaa971) Importer(815301076,1909f56bfc062723c751e8b465ee728b)
Start importing Assets/BrokenVector/LowPolyStoragePack/Palettes/Palette_Yellow.png using Guid(5a69156d521450d41b42825fbceaa971) Importer(815301076,1909f56bfc062723c751e8b465ee728b)  -> (artifact id: '3319f04e259f5f5f24302473ef6fb37c') in 0.018284 seconds 
========================================================================
Received Import Request.
  Time since last request: 0.000043 seconds.
  path: Assets/BrokenVector/LowPolyStoragePack/Palettes/Palette_Purple.png
  artifactKey: Guid(2f31cca53255f564c986254821a8dd17) Importer(815301076,1909f56bfc062723c751e8b465ee728b)
Start importing Assets/BrokenVector/LowPolyStoragePack/Palettes/Palette_Purple.png using Guid(2f31cca53255f564c986254821a8dd17) Importer(815301076,1909f56bfc062723c751e8b465ee728b)  -> (artifact id: '153cc0443b340c59877cf14881f40a27') in 0.012934 seconds 
========================================================================
Received Import Request.
  Time since last request: 8.968386 seconds.
  path: Assets/BrokenVector/LowPolyStoragePack/Models/TreasureChest.dae
  artifactKey: Guid(f0ba207fffea77846a8a979cf75f36e6) Importer(815301076,1909f56bfc062723c751e8b465ee728b)
Start importing Assets/BrokenVector/LowPolyStoragePack/Models/TreasureChest.dae using Guid(f0ba207fffea77846a8a979cf75f36e6) Importer(815301076,1909f56bfc062723c751e8b465ee728b)  -> (artifact id: '256bb884dd4e44c86df61abe13608e2f') in 0.019291 seconds 
========================================================================
Received Import Request.
  Time since last request: 12.658132 seconds.
  path: Assets/BrokenVector/LowPolyStoragePack/Materials/Storage_Diffuse_Green.mat
  artifactKey: Guid(72b60f1b3e5a4b94f88154af53968158) Importer(815301076,1909f56bfc062723c751e8b465ee728b)
Start importing Assets/BrokenVector/LowPolyStoragePack/Materials/Storage_Diffuse_Green.mat using Guid(72b60f1b3e5a4b94f88154af53968158) Importer(815301076,1909f56bfc062723c751e8b465ee728b)  -> (artifact id: '19137032a515bddad602b0992df8c363') in 0.011020 seconds 
========================================================================
Received Import Request.
  Time since last request: 0.000026 seconds.
  path: Assets/BrokenVector/LowPolyStoragePack/Materials/Storage_Metal_Purple.mat
  artifactKey: Guid(19f1aca6176a7614f899e6d504abc147) Importer(815301076,1909f56bfc062723c751e8b465ee728b)
Start importing Assets/BrokenVector/LowPolyStoragePack/Materials/Storage_Metal_Purple.mat using Guid(19f1aca6176a7614f899e6d504abc147) Importer(815301076,1909f56bfc062723c751e8b465ee728b)  -> (artifact id: '50d7251a862d5ce3b5644e125fd9644f') in 0.016847 seconds 
========================================================================
Received Import Request.
  Time since last request: 0.000052 seconds.
  path: Assets/BrokenVector/LowPolyStoragePack/Materials/Storage_Unlit_Purple.mat
  artifactKey: Guid(35edf0cdeb6723141b37babb56b2ce76) Importer(815301076,1909f56bfc062723c751e8b465ee728b)
Start importing Assets/BrokenVector/LowPolyStoragePack/Materials/Storage_Unlit_Purple.mat using Guid(35edf0cdeb6723141b37babb56b2ce76) Importer(815301076,1909f56bfc062723c751e8b465ee728b)  -> (artifact id: '8daa76682e57a00712fc78c3e0794e93') in 0.070553 seconds 
========================================================================
Received Import Request.
  Time since last request: 0.000035 seconds.
  path: Assets/BrokenVector/LowPolyStoragePack/Materials/Storage_Unlit_Yellow.mat
  artifactKey: Guid(ba0a51ddd31b75443b518751ff4cb263) Importer(815301076,1909f56bfc062723c751e8b465ee728b)
Start importing Assets/BrokenVector/LowPolyStoragePack/Materials/Storage_Unlit_Yellow.mat using Guid(ba0a51ddd31b75443b518751ff4cb263) Importer(815301076,1909f56bfc062723c751e8b465ee728b)  -> (artifact id: '04454f391df232f1d4b77f5e569e7bf1') in 0.011492 seconds 
========================================================================
Received Import Request.
  Time since last request: 43.942214 seconds.
  path: Assets/Storage_Rack_02.prefab
  artifactKey: Guid(34b8a5bfe71cc1844b2d95a6853d2630) Importer(815301076,1909f56bfc062723c751e8b465ee728b)
Start importing Assets/Storage_Rack_02.prefab using Guid(34b8a5bfe71cc1844b2d95a6853d2630) Importer(815301076,1909f56bfc062723c751e8b465ee728b) Tried select unknown importer for id '-2' '00000000000000000000000000000000'
 -> (artifact id: '232e51d0fa9e38c091a5164043a30b86') in 0.016375 seconds 
========================================================================
Received Import Request.
  Time since last request: 38.364745 seconds.
  path: Assets/_TerrainAutoUpgrade/layer_floor_sand13d1cca0d6d0e9938.terrainlayer
  artifactKey: Guid(0e85a152f64602e48882179282aa16f5) Importer(815301076,1909f56bfc062723c751e8b465ee728b)
Start importing Assets/_TerrainAutoUpgrade/layer_floor_sand13d1cca0d6d0e9938.terrainlayer using Guid(0e85a152f64602e48882179282aa16f5) Importer(815301076,1909f56bfc062723c751e8b465ee728b)  -> (artifact id: '7c8042746fffddc28fe314e88685807f') in 0.016892 seconds 
========================================================================
Received Import Request.
  Time since last request: 0.000117 seconds.
  path: Assets/_TerrainAutoUpgrade/layer_waves3a13d1cca0d6d0e9938.terrainlayer
  artifactKey: Guid(bc84a8873e1f15d4b930dc931c2107f4) Importer(815301076,1909f56bfc062723c751e8b465ee728b)
Start importing Assets/_TerrainAutoUpgrade/layer_waves3a13d1cca0d6d0e9938.terrainlayer using Guid(bc84a8873e1f15d4b930dc931c2107f4) Importer(815301076,1909f56bfc062723c751e8b465ee728b)  -> (artifact id: '60bfd0981c658643128ee94da5d2576d') in 0.010693 seconds 
========================================================================
Received Import Request.
  Time since last request: 0.000074 seconds.
  path: Assets/_TerrainAutoUpgrade/layer_sand_pebble23d1cca0d6d0e9938.terrainlayer
  artifactKey: Guid(70975910c42501d4f8b76aa2cf5393d3) Importer(815301076,1909f56bfc062723c751e8b465ee728b)
Start importing Assets/_TerrainAutoUpgrade/layer_sand_pebble23d1cca0d6d0e9938.terrainlayer using Guid(70975910c42501d4f8b76aa2cf5393d3) Importer(815301076,1909f56bfc062723c751e8b465ee728b)  -> (artifact id: '99afef3b1b03a8e865ab61830ed5cf53') in 0.010346 seconds 
========================================================================
Received Import Request.
  Time since last request: 83.424070 seconds.
  path: Assets/Police Car & Helicopter/Models/Helicopter_MeshCollider.fbx
  artifactKey: Guid(e111039dc4b8fd14ab2108eaeff9f9eb) Importer(815301076,1909f56bfc062723c751e8b465ee728b)
Start importing Assets/Police Car & Helicopter/Models/Helicopter_MeshCollider.fbx using Guid(e111039dc4b8fd14ab2108eaeff9f9eb) Importer(815301076,1909f56bfc062723c751e8b465ee728b)  -> (artifact id: '22031625e4de7ce7c9bd41a28b9a392c') in 0.025060 seconds 
========================================================================
Received Import Request.
  Time since last request: 0.000030 seconds.
  path: Assets/Police Car & Helicopter/Models/Interceptor_MeshCollider.fbx
  artifactKey: Guid(7ebd38507cc5db04181efedcf8f2b8fe) Importer(815301076,1909f56bfc062723c751e8b465ee728b)
Start importing Assets/Police Car & Helicopter/Models/Interceptor_MeshCollider.fbx using Guid(7ebd38507cc5db04181efedcf8f2b8fe) Importer(815301076,1909f56bfc062723c751e8b465ee728b)  -> (artifact id: '918862853f60bab883415a8ffaa3f92c') in 0.024064 seconds 
========================================================================
Received Import Request.
  Time since last request: 0.000030 seconds.
  path: Assets/Police Car & Helicopter/Models/Interceptor.fbx
  artifactKey: Guid(d61b66c1a6f31a3448c7945603495569) Importer(815301076,1909f56bfc062723c751e8b465ee728b)
Start importing Assets/Police Car & Helicopter/Models/Interceptor.fbx using Guid(d61b66c1a6f31a3448c7945603495569) Importer(815301076,1909f56bfc062723c751e8b465ee728b)  -> (artifact id: 'bf6014315371b95ff495313aabe37d61') in 0.070152 seconds 
========================================================================
Received Import Request.
  Time since last request: 4.166263 seconds.
  path: Assets/Police Car & Helicopter/Prefabs/Interceptor.prefab
  artifactKey: Guid(7be733fca5977484eab72a8eca73b1b2) Importer(815301076,1909f56bfc062723c751e8b465ee728b)
Start importing Assets/Police Car & Helicopter/Prefabs/Interceptor.prefab using Guid(7be733fca5977484eab72a8eca73b1b2) Importer(815301076,1909f56bfc062723c751e8b465ee728b)  -> (artifact id: '5a55d2b524f4293b1682ef07800474c5') in 0.015441 seconds 
========================================================================
Received Import Request.
  Time since last request: 32.626680 seconds.
  path: Assets/Police Car & Helicopter/Textures/helicopter.tif
  artifactKey: Guid(7c31f642cb6eea54aa8a19abc9988868) Importer(815301076,1909f56bfc062723c751e8b465ee728b)
Start importing Assets/Police Car & Helicopter/Textures/helicopter.tif using Guid(7c31f642cb6eea54aa8a19abc9988868) Importer(815301076,1909f56bfc062723c751e8b465ee728b)  -> (artifact id: 'd017cf1f29b155809bf399fbbfc73c42') in 0.028190 seconds 
========================================================================
Received Import Request.
  Time since last request: 18.408305 seconds.
  path: Assets/Police Car & Helicopter/Models/Materials/helicopter.mat
  artifactKey: Guid(e8ff2f07a7f870144a730c42375c978b) Importer(815301076,1909f56bfc062723c751e8b465ee728b)
Start importing Assets/Police Car & Helicopter/Models/Materials/helicopter.mat using Guid(e8ff2f07a7f870144a730c42375c978b) Importer(815301076,1909f56bfc062723c751e8b465ee728b)  -> (artifact id: '9921fdce99b7cd334d458c31264878f3') in 0.011727 seconds 
========================================================================
Received Import Request.
  Time since last request: 0.000026 seconds.
  path: Assets/Police Car & Helicopter/Models/Materials/unnamed.mat
  artifactKey: Guid(d55b9111c4ce74a8395b6dee966c2603) Importer(815301076,1909f56bfc062723c751e8b465ee728b)
Start importing Assets/Police Car & Helicopter/Models/Materials/unnamed.mat using Guid(d55b9111c4ce74a8395b6dee966c2603) Importer(815301076,1909f56bfc062723c751e8b465ee728b)  -> (artifact id: '3608badbc73e436b5666c3179d95b083') in 0.016388 seconds 
