Using pre-set license
Built from '2021.2/staging' branch; Version is '2021.2.7f1 (6bd9e232123f) revision 7068130'; Using compiler version '192829333'; Build Type 'Release'
OS: 'Windows 10  (10.0.19042) 64bit CoreSingleLanguage' Language: 'en' Physical Memory: 15741 MB
BatchMode: 1, IsHumanControllingUs: 0, StartBugReporterOnCrash: 0, Is64bit: 1, IsPro: 0

COMMAND LINE ARGUMENTS:
C:\Program Files\Unity\Hub\Editor\2021.2.7f1\Editor\Unity.exe
-adb2
-batchMode
-noUpm
-name
AssetImportWorker7
-projectPath
C:/Unity/LogisticsVR
-logFile
Logs/AssetImportWorker7.log
-srvPort
49583
Successfully changed project path to: C:/Unity/LogisticsVR
C:/Unity/LogisticsVR
[UnityMemory] Configuration Parameters - Can be set up in boot.config
    "memorysetup-bucket-allocator-granularity=16"
    "memorysetup-bucket-allocator-bucket-count=8"
    "memorysetup-bucket-allocator-block-size=33554432"
    "memorysetup-bucket-allocator-block-count=8"
    "memorysetup-main-allocator-block-size=16777216"
    "memorysetup-thread-allocator-block-size=16777216"
    "memorysetup-gfx-main-allocator-block-size=16777216"
    "memorysetup-gfx-thread-allocator-block-size=16777216"
    "memorysetup-cache-allocator-block-size=4194304"
    "memorysetup-typetree-allocator-block-size=2097152"
    "memorysetup-profiler-bucket-allocator-granularity=16"
    "memorysetup-profiler-bucket-allocator-bucket-count=8"
    "memorysetup-profiler-bucket-allocator-block-size=33554432"
    "memorysetup-profiler-bucket-allocator-block-count=8"
    "memorysetup-profiler-allocator-block-size=16777216"
    "memorysetup-profiler-editor-allocator-block-size=1048576"
    "memorysetup-temp-allocator-size-main=16777216"
    "memorysetup-job-temp-allocator-block-size=2097152"
    "memorysetup-job-temp-allocator-block-size-background=1048576"
    "memorysetup-job-temp-allocator-reduction-small-platforms=262144"
    "memorysetup-temp-allocator-size-background-worker=32768"
    "memorysetup-temp-allocator-size-job-worker=262144"
    "memorysetup-temp-allocator-size-preload-manager=33554432"
    "memorysetup-temp-allocator-size-nav-mesh-worker=65536"
    "memorysetup-temp-allocator-size-audio-worker=65536"
    "memorysetup-temp-allocator-size-cloud-worker=32768"
    "memorysetup-temp-allocator-size-gi-baking-worker=262144"
    "memorysetup-temp-allocator-size-gfx=262144"
Refreshing native plugins compatible for Editor in 85.80 ms, found 3 plugins.
Preloading 0 native plugins for Editor in 0.00 ms.
Initialize engine version: 2021.2.7f1 (6bd9e232123f)
[Subsystems] Discovering subsystems at path C:/Program Files/Unity/Hub/Editor/2021.2.7f1/Editor/Data/Resources/UnitySubsystems
[Subsystems] Discovering subsystems at path C:/Unity/LogisticsVR/Assets
GfxDevice: creating device client; threaded=0; jobified=0
Direct3D:
    Version:  Direct3D 11.0 [level 11.1]
    Renderer: AMD Radeon(TM) Graphics (ID=0x1636)
    Vendor:   ATI
    VRAM:     7870 MB
    Driver:   30.0.13025.5005
Initialize mono
Mono path[0] = 'C:/Program Files/Unity/Hub/Editor/2021.2.7f1/Editor/Data/Managed'
Mono path[1] = 'C:/Program Files/Unity/Hub/Editor/2021.2.7f1/Editor/Data/MonoBleedingEdge/lib/mono/unityjit-win32'
Mono config path = 'C:/Program Files/Unity/Hub/Editor/2021.2.7f1/Editor/Data/MonoBleedingEdge/etc'
Using monoOptions --debugger-agent=transport=dt_socket,embedding=1,server=y,suspend=n,address=127.0.0.1:56280
Begin MonoManager ReloadAssembly
Registering precompiled unity dll's ...
Register platform support module: C:/Program Files/Unity/Hub/Editor/2021.2.7f1/Editor/Data/PlaybackEngines/WindowsStandaloneSupport/UnityEditor.WindowsStandalone.Extensions.dll
Registered in 0.006222 seconds.
Native extension for WindowsStandalone target not found
Refreshing native plugins compatible for Editor in 86.47 ms, found 3 plugins.
Preloading 0 native plugins for Editor in 0.00 ms.
Mono: successfully reloaded assembly
- Completed reload, in  0.584 seconds
Domain Reload Profiling:
	ReloadAssembly (585ms)
		BeginReloadAssembly (66ms)
			ExecutionOrderSort (0ms)
			DisableScriptedObjects (0ms)
			BackupInstance (0ms)
			ReleaseScriptingObjects (0ms)
			CreateAndSetChildDomain (1ms)
		EndReloadAssembly (443ms)
			LoadAssemblies (64ms)
			RebuildTransferFunctionScriptingTraits (0ms)
			SetupTypeCache (106ms)
			ReleaseScriptCaches (0ms)
			RebuildScriptCaches (25ms)
			SetupLoadedEditorAssemblies (261ms)
				LogAssemblyErrors (0ms)
				InitializePlatformSupportModulesInManaged (14ms)
				SetLoadedEditorAssemblies (0ms)
				RefreshPlugins (87ms)
				BeforeProcessingInitializeOnLoad (1ms)
				ProcessInitializeOnLoadAttributes (117ms)
				ProcessInitializeOnLoadMethodAttributes (42ms)
				AfterProcessingInitializeOnLoad (0ms)
				EditorAssembliesLoaded (0ms)
			ExecutionOrderSort2 (0ms)
			AwakeInstancesAfterBackupRestoration (0ms)
Platform modules already initialized, skipping
Registering precompiled user dll's ...
Registered in 0.005033 seconds.
Begin MonoManager ReloadAssembly
Symbol file LoadedFromMemory doesn't match image C:\Unity\LogisticsVR\Library\PackageCache\com.unity.visualscripting@1.7.6\Editor\VisualScripting.Core\Dependencies\YamlDotNet\Unity.VisualScripting.YamlDotNet.dll
Symbol file LoadedFromMemory doesn't match image C:\Unity\LogisticsVR\Library\PackageCache\com.unity.visualscripting@1.7.6\Editor\VisualScripting.Core\Dependencies\DotNetZip\Unity.VisualScripting.IonicZip.dll
Native extension for WindowsStandalone target not found
Refreshing native plugins compatible for Editor in 0.70 ms, found 3 plugins.
Preloading 0 native plugins for Editor in 0.00 ms.
Mono: successfully reloaded assembly
- Completed reload, in  0.924 seconds
Domain Reload Profiling:
	ReloadAssembly (924ms)
		BeginReloadAssembly (103ms)
			ExecutionOrderSort (0ms)
			DisableScriptedObjects (5ms)
			BackupInstance (0ms)
			ReleaseScriptingObjects (0ms)
			CreateAndSetChildDomain (22ms)
		EndReloadAssembly (731ms)
			LoadAssemblies (67ms)
			RebuildTransferFunctionScriptingTraits (0ms)
			SetupTypeCache (244ms)
			ReleaseScriptCaches (1ms)
			RebuildScriptCaches (48ms)
			SetupLoadedEditorAssemblies (334ms)
				LogAssemblyErrors (0ms)
				InitializePlatformSupportModulesInManaged (12ms)
				SetLoadedEditorAssemblies (0ms)
				RefreshPlugins (1ms)
				BeforeProcessingInitializeOnLoad (82ms)
				ProcessInitializeOnLoadAttributes (210ms)
				ProcessInitializeOnLoadMethodAttributes (22ms)
				AfterProcessingInitializeOnLoad (7ms)
				EditorAssembliesLoaded (0ms)
			ExecutionOrderSort2 (0ms)
			AwakeInstancesAfterBackupRestoration (5ms)
Platform modules already initialized, skipping
========================================================================
Worker process is ready to serve import requests
Launched and connected shader compiler UnityShaderCompiler.exe after 0.05 seconds
Refreshing native plugins compatible for Editor in 0.71 ms, found 3 plugins.
Preloading 0 native plugins for Editor in 0.00 ms.
Unloading 3216 Unused Serialized files (Serialized files now loaded: 0)
Unloading 26 unused Assets / (112.5 KB). Loaded Objects now: 3699.
Memory consumption went from 128.3 MB to 128.2 MB.
Total: 3.831700 ms (FindLiveObjects: 0.290900 ms CreateObjectMapping: 0.093200 ms MarkObjects: 3.336900 ms  DeleteObjects: 0.109200 ms)

AssetImportParameters requested are different than current active one (requested -> active):
  custom:video-decoder-ogg-theora: a1e56fd34408186e4bbccfd4996cb3dc -> 
  custom:container-muxer-webm: aa71ff27fc2769a1b78a27578f13a17b -> 
  custom:container-demuxer-webm: 4f35f7cbe854078d1ac9338744f61a02 -> 
  custom:video-encoder-webm-vp8: eb34c28f22e8b96e1ab97ce403110664 -> 
  custom:video-codec-MediaFoundation-h265: 746d11721c4dcdbdad8f713fa42b33f4 -> 
  custom:audio-encoder-webm-vorbis: bf7c407c2cedff20999df2af8eb42d56 -> 
  custom:framework-win-MediaFoundation: 216162199b28c13a410421893ffa2e32 -> 
  custom:container-demuxer-ogg: 62fdf1f143b41e24485cea50d1cbac27 -> 
  custom:video-decoder-webm-vp8: 9c59270c3fd7afecdb556c50c9e8de78 -> 
  custom:audio-decoder-ogg-vorbis: bf7c407c2cedff20999df2af8eb42d56 -> 
========================================================================
Received Import Request.
  Time since last request: 10676.331779 seconds.
  path: Assets/sample_racer/levels/garage/Lightmap-0_comp_light.exr
  artifactKey: Guid(cd6351ae2afeb4d77a5b78f3e73b7c14) Importer(815301076,1909f56bfc062723c751e8b465ee728b)
Start importing Assets/sample_racer/levels/garage/Lightmap-0_comp_light.exr using Guid(cd6351ae2afeb4d77a5b78f3e73b7c14) Importer(815301076,1909f56bfc062723c751e8b465ee728b)  -> (artifact id: 'c8875f2cf317d93a7eb2cfd2cc5e813c') in 0.153780 seconds 
========================================================================
Received Prepare
Registering precompiled user dll's ...
Registered in 0.004975 seconds.
Begin MonoManager ReloadAssembly
Symbol file LoadedFromMemory doesn't match image C:\Unity\LogisticsVR\Library\PackageCache\com.unity.visualscripting@1.7.6\Editor\VisualScripting.Core\Dependencies\YamlDotNet\Unity.VisualScripting.YamlDotNet.dll
Symbol file LoadedFromMemory doesn't match image C:\Unity\LogisticsVR\Library\PackageCache\com.unity.visualscripting@1.7.6\Editor\VisualScripting.Core\Dependencies\DotNetZip\Unity.VisualScripting.IonicZip.dll
Native extension for WindowsStandalone target not found
Refreshing native plugins compatible for Editor in 0.79 ms, found 3 plugins.
Preloading 0 native plugins for Editor in 0.00 ms.
Mono: successfully reloaded assembly
- Completed reload, in  1.033 seconds
Domain Reload Profiling:
	ReloadAssembly (1034ms)
		BeginReloadAssembly (149ms)
			ExecutionOrderSort (0ms)
			DisableScriptedObjects (5ms)
			BackupInstance (0ms)
			ReleaseScriptingObjects (0ms)
			CreateAndSetChildDomain (45ms)
		EndReloadAssembly (782ms)
			LoadAssemblies (80ms)
			RebuildTransferFunctionScriptingTraits (0ms)
			SetupTypeCache (260ms)
			ReleaseScriptCaches (1ms)
			RebuildScriptCaches (38ms)
			SetupLoadedEditorAssemblies (351ms)
				LogAssemblyErrors (0ms)
				InitializePlatformSupportModulesInManaged (12ms)
				SetLoadedEditorAssemblies (0ms)
				RefreshPlugins (1ms)
				BeforeProcessingInitializeOnLoad (67ms)
				ProcessInitializeOnLoadAttributes (233ms)
				ProcessInitializeOnLoadMethodAttributes (29ms)
				AfterProcessingInitializeOnLoad (9ms)
				EditorAssembliesLoaded (0ms)
			ExecutionOrderSort2 (0ms)
			AwakeInstancesAfterBackupRestoration (14ms)
Platform modules already initialized, skipping
Refreshing native plugins compatible for Editor in 0.69 ms, found 3 plugins.
Preloading 0 native plugins for Editor in 0.00 ms.
Unloading 3208 Unused Serialized files (Serialized files now loaded: 0)
Unloading 24 unused Assets / (79.5 KB). Loaded Objects now: 3716.
Memory consumption went from 133.0 MB to 132.9 MB.
Total: 3.260600 ms (FindLiveObjects: 0.329200 ms CreateObjectMapping: 0.120800 ms MarkObjects: 2.708800 ms  DeleteObjects: 0.100500 ms)

AssetImportParameters requested are different than current active one (requested -> active):
  custom:video-decoder-ogg-theora: a1e56fd34408186e4bbccfd4996cb3dc -> 
  custom:container-muxer-webm: aa71ff27fc2769a1b78a27578f13a17b -> 
  custom:container-demuxer-webm: 4f35f7cbe854078d1ac9338744f61a02 -> 
  custom:video-encoder-webm-vp8: eb34c28f22e8b96e1ab97ce403110664 -> 
  custom:video-codec-MediaFoundation-h265: 746d11721c4dcdbdad8f713fa42b33f4 -> 
  custom:audio-encoder-webm-vorbis: bf7c407c2cedff20999df2af8eb42d56 -> 
  custom:framework-win-MediaFoundation: 216162199b28c13a410421893ffa2e32 -> 
  custom:container-demuxer-ogg: 62fdf1f143b41e24485cea50d1cbac27 -> 
  custom:video-decoder-webm-vp8: 9c59270c3fd7afecdb556c50c9e8de78 -> 
  custom:audio-decoder-ogg-vorbis: bf7c407c2cedff20999df2af8eb42d56 -> 
========================================================================
Received Import Request.
  Time since last request: 314.459113 seconds.
  path: Assets/NAACo/Warehouse_Pack_HD/Built-in/Prefabs/Box_2.prefab
  artifactKey: Guid(953158c0bcaac2542b8d951b194a804b) Importer(815301076,1909f56bfc062723c751e8b465ee728b)
Start importing Assets/NAACo/Warehouse_Pack_HD/Built-in/Prefabs/Box_2.prefab using Guid(953158c0bcaac2542b8d951b194a804b) Importer(815301076,1909f56bfc062723c751e8b465ee728b)  -> (artifact id: 'f7631af69077727bd9c845b162841aa4') in 0.372343 seconds 
========================================================================
Received Import Request.
  Time since last request: 0.000080 seconds.
  path: Assets/NAACo/Warehouse_Pack_HD/Built-in/Prefabs/Box_4.prefab
  artifactKey: Guid(d3df2ade733a88b4e8d6e5b99bffd24a) Importer(815301076,1909f56bfc062723c751e8b465ee728b)
Start importing Assets/NAACo/Warehouse_Pack_HD/Built-in/Prefabs/Box_4.prefab using Guid(d3df2ade733a88b4e8d6e5b99bffd24a) Importer(815301076,1909f56bfc062723c751e8b465ee728b)  -> (artifact id: '8b3fb74eb0fef8ea175c610d6bf7ca80') in 0.077459 seconds 
========================================================================
Received Import Request.
  Time since last request: 50.759174 seconds.
  path: Assets/NAACo/Warehouse_Pack_HD/Common/Mesh/Box_2.fbx
  artifactKey: Guid(827b5035a6b95434188645eec8510903) Importer(815301076,1909f56bfc062723c751e8b465ee728b)
Start importing Assets/NAACo/Warehouse_Pack_HD/Common/Mesh/Box_2.fbx using Guid(827b5035a6b95434188645eec8510903) Importer(815301076,1909f56bfc062723c751e8b465ee728b)  -> (artifact id: '2b1ad504daae7bc4a3f433642a8fd0ef') in 0.052640 seconds 
========================================================================
Received Import Request.
  Time since last request: 0.000060 seconds.
  path: Assets/NAACo/Warehouse_Pack_HD/Common/Mesh/Box_4.fbx
  artifactKey: Guid(6af8a99f58ac88f49af8b6be8bf256fb) Importer(815301076,1909f56bfc062723c751e8b465ee728b)
Start importing Assets/NAACo/Warehouse_Pack_HD/Common/Mesh/Box_4.fbx using Guid(6af8a99f58ac88f49af8b6be8bf256fb) Importer(815301076,1909f56bfc062723c751e8b465ee728b)  -> (artifact id: '9a4fd76efa8af67668905ac16624913d') in 0.028685 seconds 
========================================================================
Received Import Request.
  Time since last request: 0.656337 seconds.
  path: Assets/NAACo/Warehouse_Pack_HD/Common/Textures/Cardboard_boxes_1_1_MaskMap.png
  artifactKey: Guid(cc3d4824079b8c649858eaac403170e5) Importer(815301076,1909f56bfc062723c751e8b465ee728b)
Start importing Assets/NAACo/Warehouse_Pack_HD/Common/Textures/Cardboard_boxes_1_1_MaskMap.png using Guid(cc3d4824079b8c649858eaac403170e5) Importer(815301076,1909f56bfc062723c751e8b465ee728b)  -> (artifact id: '762541a81da944983bae9c3bffa476c9') in 0.042135 seconds 
========================================================================
Received Import Request.
  Time since last request: 7.114784 seconds.
  path: Assets/NAACo/Warehouse_Pack_HD/HDRP/Prefabs/Box_2.prefab
  artifactKey: Guid(dd3392c11f58ebd459f866d47de6ac0f) Importer(815301076,1909f56bfc062723c751e8b465ee728b)
Start importing Assets/NAACo/Warehouse_Pack_HD/HDRP/Prefabs/Box_2.prefab using Guid(dd3392c11f58ebd459f866d47de6ac0f) Importer(815301076,1909f56bfc062723c751e8b465ee728b)  -> (artifact id: '3ed95949809408102df2107fd275cf58') in 0.062730 seconds 
========================================================================
Received Import Request.
  Time since last request: 0.000026 seconds.
  path: Assets/NAACo/Warehouse_Pack_HD/HDRP/Prefabs/Box_3.prefab
  artifactKey: Guid(6ea21a7ad97f8ab41bcc4f77f90bbf1f) Importer(815301076,1909f56bfc062723c751e8b465ee728b)
Start importing Assets/NAACo/Warehouse_Pack_HD/HDRP/Prefabs/Box_3.prefab using Guid(6ea21a7ad97f8ab41bcc4f77f90bbf1f) Importer(815301076,1909f56bfc062723c751e8b465ee728b)  -> (artifact id: 'e87af7690dd47280d64ba588d71e6a76') in 0.076923 seconds 
========================================================================
Received Import Request.
  Time since last request: 41.158587 seconds.
  path: Assets/BrokenVector/LowPolyStoragePack/Prefabs/Amp_Rack_02.prefab
  artifactKey: Guid(164922da0c45e13499cbb9c0d181acf4) Importer(815301076,1909f56bfc062723c751e8b465ee728b)
Start importing Assets/BrokenVector/LowPolyStoragePack/Prefabs/Amp_Rack_02.prefab using Guid(164922da0c45e13499cbb9c0d181acf4) Importer(815301076,1909f56bfc062723c751e8b465ee728b)  -> (artifact id: 'cdb7f5d8d4405db74e525fe75ca300d9') in 0.179299 seconds 
========================================================================
Received Import Request.
  Time since last request: 0.000068 seconds.
  path: Assets/BrokenVector/LowPolyStoragePack/Prefabs/Barrel_01.prefab
  artifactKey: Guid(0f950e9a8a9dd2f469026a5b5e908c65) Importer(815301076,1909f56bfc062723c751e8b465ee728b)
Start importing Assets/BrokenVector/LowPolyStoragePack/Prefabs/Barrel_01.prefab using Guid(0f950e9a8a9dd2f469026a5b5e908c65) Importer(815301076,1909f56bfc062723c751e8b465ee728b)  -> (artifact id: '604a32ae5185544aa6ddd8d5fcb2c9ad') in 0.022695 seconds 
========================================================================
Received Import Request.
  Time since last request: 0.000044 seconds.
  path: Assets/BrokenVector/LowPolyStoragePack/Prefabs/Bag_02_Green.prefab
  artifactKey: Guid(0cacfa8ee8c79f6469b49ae380836779) Importer(815301076,1909f56bfc062723c751e8b465ee728b)
Start importing Assets/BrokenVector/LowPolyStoragePack/Prefabs/Bag_02_Green.prefab using Guid(0cacfa8ee8c79f6469b49ae380836779) Importer(815301076,1909f56bfc062723c751e8b465ee728b)  -> (artifact id: '987891bbb5b1bbc51ba65a1f5e64070c') in 0.019542 seconds 
========================================================================
Received Import Request.
  Time since last request: 0.000033 seconds.
  path: Assets/BrokenVector/LowPolyStoragePack/Prefabs/Bag_02_Yellow.prefab
  artifactKey: Guid(d2843574691995046b12777e54a55453) Importer(815301076,1909f56bfc062723c751e8b465ee728b)
Start importing Assets/BrokenVector/LowPolyStoragePack/Prefabs/Bag_02_Yellow.prefab using Guid(d2843574691995046b12777e54a55453) Importer(815301076,1909f56bfc062723c751e8b465ee728b)  -> (artifact id: '352e0330dd6ba481d8a551fb27907a5d') in 0.020876 seconds 
========================================================================
Received Import Request.
  Time since last request: 0.000024 seconds.
  path: Assets/BrokenVector/LowPolyStoragePack/Prefabs/Bag_02_Blue.prefab
  artifactKey: Guid(e90e064552961bb478f9d1b92578b170) Importer(815301076,1909f56bfc062723c751e8b465ee728b)
Start importing Assets/BrokenVector/LowPolyStoragePack/Prefabs/Bag_02_Blue.prefab using Guid(e90e064552961bb478f9d1b92578b170) Importer(815301076,1909f56bfc062723c751e8b465ee728b)  -> (artifact id: 'b701d2f989b4cfc75597d07d7dac9e09') in 0.020199 seconds 
========================================================================
Received Import Request.
  Time since last request: 0.000048 seconds.
  path: Assets/BrokenVector/LowPolyStoragePack/Prefabs/Bag_01_Green.prefab
  artifactKey: Guid(1de3ed2b342c78d468188c47315371cb) Importer(815301076,1909f56bfc062723c751e8b465ee728b)
Start importing Assets/BrokenVector/LowPolyStoragePack/Prefabs/Bag_01_Green.prefab using Guid(1de3ed2b342c78d468188c47315371cb) Importer(815301076,1909f56bfc062723c751e8b465ee728b)  -> (artifact id: '93e252103d4e1348596b6d47a4de8f97') in 0.019067 seconds 
========================================================================
Received Import Request.
  Time since last request: 0.000029 seconds.
  path: Assets/BrokenVector/LowPolyStoragePack/Prefabs/Barrel_03_Blue.prefab
  artifactKey: Guid(53dd11272dbdda346a1936ca914cdac9) Importer(815301076,1909f56bfc062723c751e8b465ee728b)
Start importing Assets/BrokenVector/LowPolyStoragePack/Prefabs/Barrel_03_Blue.prefab using Guid(53dd11272dbdda346a1936ca914cdac9) Importer(815301076,1909f56bfc062723c751e8b465ee728b)  -> (artifact id: '988c755a0bb028c3e52ae783b09ab36c') in 0.019888 seconds 
========================================================================
Received Import Request.
  Time since last request: 0.000047 seconds.
  path: Assets/BrokenVector/LowPolyStoragePack/Prefabs/Barrel_03_Green.prefab
  artifactKey: Guid(410f168ad9e98f543bd001acc1a546cf) Importer(815301076,1909f56bfc062723c751e8b465ee728b)
Start importing Assets/BrokenVector/LowPolyStoragePack/Prefabs/Barrel_03_Green.prefab using Guid(410f168ad9e98f543bd001acc1a546cf) Importer(815301076,1909f56bfc062723c751e8b465ee728b)  -> (artifact id: '2c499a79ede8c93b7e55050c1746b55b') in 0.019459 seconds 
========================================================================
Received Import Request.
  Time since last request: 1.589504 seconds.
  path: Assets/BrokenVector/LowPolyStoragePack/Prefabs/Barrel_03_Yellow.prefab
  artifactKey: Guid(040f36dc3eedcd241a0882592506236a) Importer(815301076,1909f56bfc062723c751e8b465ee728b)
Start importing Assets/BrokenVector/LowPolyStoragePack/Prefabs/Barrel_03_Yellow.prefab using Guid(040f36dc3eedcd241a0882592506236a) Importer(815301076,1909f56bfc062723c751e8b465ee728b)  -> (artifact id: '11fdfaa2e58371a2840b86a15f260b9c') in 0.016550 seconds 
========================================================================
Received Import Request.
  Time since last request: 0.000026 seconds.
  path: Assets/BrokenVector/LowPolyStoragePack/Prefabs/Barrel_04.prefab
  artifactKey: Guid(515fff63c7f669d4abf983437c38c0bb) Importer(815301076,1909f56bfc062723c751e8b465ee728b)
Start importing Assets/BrokenVector/LowPolyStoragePack/Prefabs/Barrel_04.prefab using Guid(515fff63c7f669d4abf983437c38c0bb) Importer(815301076,1909f56bfc062723c751e8b465ee728b)  -> (artifact id: 'beee5e0c9e5fdf3d49aeb83af8d1d735') in 0.025666 seconds 
========================================================================
Received Import Request.
  Time since last request: 0.170648 seconds.
  path: Assets/BrokenVector/LowPolyStoragePack/Prefabs/Box_01_Blue.prefab
  artifactKey: Guid(01d0598bc959e1744a433317fbb1b0c7) Importer(815301076,1909f56bfc062723c751e8b465ee728b)
Start importing Assets/BrokenVector/LowPolyStoragePack/Prefabs/Box_01_Blue.prefab using Guid(01d0598bc959e1744a433317fbb1b0c7) Importer(815301076,1909f56bfc062723c751e8b465ee728b)  -> (artifact id: 'c8a586e86b453dbfe1f4a657a1e5c098') in 0.017803 seconds 
========================================================================
Received Import Request.
  Time since last request: 0.000028 seconds.
  path: Assets/BrokenVector/LowPolyStoragePack/Prefabs/Box_01_Green.prefab
  artifactKey: Guid(52286bfe87fb66749a3c50bd33f61eb6) Importer(815301076,1909f56bfc062723c751e8b465ee728b)
Start importing Assets/BrokenVector/LowPolyStoragePack/Prefabs/Box_01_Green.prefab using Guid(52286bfe87fb66749a3c50bd33f61eb6) Importer(815301076,1909f56bfc062723c751e8b465ee728b)  -> (artifact id: 'bdfc04ad5781f1c68afd51eca0e696f8') in 0.020932 seconds 
========================================================================
Received Import Request.
  Time since last request: 0.129369 seconds.
  path: Assets/BrokenVector/LowPolyStoragePack/Prefabs/Box_01_Yellow.prefab
  artifactKey: Guid(303a8118f0602de4d848c9d7b7e74129) Importer(815301076,1909f56bfc062723c751e8b465ee728b)
Start importing Assets/BrokenVector/LowPolyStoragePack/Prefabs/Box_01_Yellow.prefab using Guid(303a8118f0602de4d848c9d7b7e74129) Importer(815301076,1909f56bfc062723c751e8b465ee728b)  -> (artifact id: 'd40b7383179dcddda246532588a2ba8d') in 0.015557 seconds 
========================================================================
Received Import Request.
  Time since last request: 0.000025 seconds.
  path: Assets/BrokenVector/LowPolyStoragePack/Prefabs/Box_02_Blue.prefab
  artifactKey: Guid(bf8363b0ff810d34eb188506e160156d) Importer(815301076,1909f56bfc062723c751e8b465ee728b)
Start importing Assets/BrokenVector/LowPolyStoragePack/Prefabs/Box_02_Blue.prefab using Guid(bf8363b0ff810d34eb188506e160156d) Importer(815301076,1909f56bfc062723c751e8b465ee728b)  -> (artifact id: '20e93ef407c34a05da37fe9736953d90') in 0.021383 seconds 
========================================================================
Received Import Request.
  Time since last request: 0.091681 seconds.
  path: Assets/BrokenVector/LowPolyStoragePack/Prefabs/Box_02_Red.prefab
  artifactKey: Guid(5dd25028b7dd39f46bf998a8c618ea6e) Importer(815301076,1909f56bfc062723c751e8b465ee728b)
Start importing Assets/BrokenVector/LowPolyStoragePack/Prefabs/Box_02_Red.prefab using Guid(5dd25028b7dd39f46bf998a8c618ea6e) Importer(815301076,1909f56bfc062723c751e8b465ee728b)  -> (artifact id: '2b909f4282218479d4cf0002b7744251') in 0.017146 seconds 
========================================================================
Received Import Request.
  Time since last request: 0.000024 seconds.
  path: Assets/BrokenVector/LowPolyStoragePack/Prefabs/Box_02_Yellow.prefab
  artifactKey: Guid(16ef0ee9e760e614f9acbcbf95b1489f) Importer(815301076,1909f56bfc062723c751e8b465ee728b)
Start importing Assets/BrokenVector/LowPolyStoragePack/Prefabs/Box_02_Yellow.prefab using Guid(16ef0ee9e760e614f9acbcbf95b1489f) Importer(815301076,1909f56bfc062723c751e8b465ee728b)  -> (artifact id: '982b6b24af2d3a21663b6f3a7e71d016') in 0.021493 seconds 
========================================================================
Received Import Request.
  Time since last request: 0.053914 seconds.
  path: Assets/BrokenVector/LowPolyStoragePack/Prefabs/Cabinet_03.prefab
  artifactKey: Guid(d9376b7405d6d344e9079a0f9facffd8) Importer(815301076,1909f56bfc062723c751e8b465ee728b)
Start importing Assets/BrokenVector/LowPolyStoragePack/Prefabs/Cabinet_03.prefab using Guid(d9376b7405d6d344e9079a0f9facffd8) Importer(815301076,1909f56bfc062723c751e8b465ee728b)  -> (artifact id: '154bc13939a6f57033fc8c39424dd92f') in 0.016490 seconds 
========================================================================
Received Import Request.
  Time since last request: 0.000039 seconds.
  path: Assets/BrokenVector/LowPolyStoragePack/Prefabs/Cabinet_04.prefab
  artifactKey: Guid(83e0b760e96651c448d56f34e3e1a2bd) Importer(815301076,1909f56bfc062723c751e8b465ee728b)
Start importing Assets/BrokenVector/LowPolyStoragePack/Prefabs/Cabinet_04.prefab using Guid(83e0b760e96651c448d56f34e3e1a2bd) Importer(815301076,1909f56bfc062723c751e8b465ee728b)  -> (artifact id: '2b752400d825fed8d66e18963996ba91') in 0.024563 seconds 
========================================================================
Received Import Request.
  Time since last request: 0.342726 seconds.
  path: Assets/BrokenVector/LowPolyStoragePack/Prefabs/Container_01_Purple.prefab
  artifactKey: Guid(27358e8da8bf48a45a53bba64a04724c) Importer(815301076,1909f56bfc062723c751e8b465ee728b)
Start importing Assets/BrokenVector/LowPolyStoragePack/Prefabs/Container_01_Purple.prefab using Guid(27358e8da8bf48a45a53bba64a04724c) Importer(815301076,1909f56bfc062723c751e8b465ee728b)  -> (artifact id: 'c3a229b09ea2eabba3a6d4f033c429c1') in 0.015866 seconds 
========================================================================
Received Import Request.
  Time since last request: 0.000020 seconds.
  path: Assets/BrokenVector/LowPolyStoragePack/Prefabs/Container_01_Yellow.prefab
  artifactKey: Guid(1176569b9499a164d81752415b902a1e) Importer(815301076,1909f56bfc062723c751e8b465ee728b)
Start importing Assets/BrokenVector/LowPolyStoragePack/Prefabs/Container_01_Yellow.prefab using Guid(1176569b9499a164d81752415b902a1e) Importer(815301076,1909f56bfc062723c751e8b465ee728b)  -> (artifact id: '82c5617da9b055bbddb1d17b6e93eece') in 0.020901 seconds 
========================================================================
Received Import Request.
  Time since last request: 0.018057 seconds.
  path: Assets/BrokenVector/LowPolyStoragePack/Prefabs/Container_02_Green.prefab
  artifactKey: Guid(74c1cb39435213641b90be5965575f63) Importer(815301076,1909f56bfc062723c751e8b465ee728b)
Start importing Assets/BrokenVector/LowPolyStoragePack/Prefabs/Container_02_Green.prefab using Guid(74c1cb39435213641b90be5965575f63) Importer(815301076,1909f56bfc062723c751e8b465ee728b)  -> (artifact id: '728a026e54cb645a5e71fe0561c41321') in 0.021803 seconds 
========================================================================
Received Import Request.
  Time since last request: 0.000028 seconds.
  path: Assets/BrokenVector/LowPolyStoragePack/Prefabs/Container_02_Purple.prefab
  artifactKey: Guid(f7506201fa8dd234da8643bc58c1fad3) Importer(815301076,1909f56bfc062723c751e8b465ee728b)
Start importing Assets/BrokenVector/LowPolyStoragePack/Prefabs/Container_02_Purple.prefab using Guid(f7506201fa8dd234da8643bc58c1fad3) Importer(815301076,1909f56bfc062723c751e8b465ee728b)  -> (artifact id: '89eff81df8ea27f783cc55cbfe6feac0') in 0.019827 seconds 
========================================================================
Received Import Request.
  Time since last request: 0.213959 seconds.
  path: Assets/BrokenVector/LowPolyStoragePack/Prefabs/Crate_01.prefab
  artifactKey: Guid(208ca54455d8ac34d8e8c32f367a245d) Importer(815301076,1909f56bfc062723c751e8b465ee728b)
Start importing Assets/BrokenVector/LowPolyStoragePack/Prefabs/Crate_01.prefab using Guid(208ca54455d8ac34d8e8c32f367a245d) Importer(815301076,1909f56bfc062723c751e8b465ee728b)  -> (artifact id: '21861d2cb250b6042b528531c0456e80') in 0.016542 seconds 
========================================================================
Received Import Request.
  Time since last request: 0.000026 seconds.
  path: Assets/BrokenVector/LowPolyStoragePack/Prefabs/Electric_Box_01.prefab
  artifactKey: Guid(a578316b64ef8fa4ea35895600971894) Importer(815301076,1909f56bfc062723c751e8b465ee728b)
Start importing Assets/BrokenVector/LowPolyStoragePack/Prefabs/Electric_Box_01.prefab using Guid(a578316b64ef8fa4ea35895600971894) Importer(815301076,1909f56bfc062723c751e8b465ee728b)  -> (artifact id: 'bf53ed43c3a5bbd591562b88920457bc') in 0.021202 seconds 
========================================================================
Received Import Request.
  Time since last request: 0.028628 seconds.
  path: Assets/BrokenVector/LowPolyStoragePack/Prefabs/EUR-Pallet.prefab
  artifactKey: Guid(be11ab6aad4338d4d8ad965540935796) Importer(815301076,1909f56bfc062723c751e8b465ee728b)
Start importing Assets/BrokenVector/LowPolyStoragePack/Prefabs/EUR-Pallet.prefab using Guid(be11ab6aad4338d4d8ad965540935796) Importer(815301076,1909f56bfc062723c751e8b465ee728b)  -> (artifact id: '5aac0ac97e766230d4e5a9e9d734fdd1') in 0.019749 seconds 
========================================================================
Received Import Request.
  Time since last request: 0.000033 seconds.
  path: Assets/BrokenVector/LowPolyStoragePack/Prefabs/Garbage_Can_Green.prefab
  artifactKey: Guid(cddf3d66c16cf1c4eb4d9646cc4d763f) Importer(815301076,1909f56bfc062723c751e8b465ee728b)
Start importing Assets/BrokenVector/LowPolyStoragePack/Prefabs/Garbage_Can_Green.prefab using Guid(cddf3d66c16cf1c4eb4d9646cc4d763f) Importer(815301076,1909f56bfc062723c751e8b465ee728b)  -> (artifact id: '56bb0932bf764688480bebafe07ee2b7') in 0.022422 seconds 
========================================================================
Received Import Request.
  Time since last request: 5.973974 seconds.
  path: Assets/BrokenVector/LowPolyStoragePack/Prefabs/Garbage_Can_Yellow.prefab
  artifactKey: Guid(70cbdc76e81f516488de49d9acbef175) Importer(815301076,1909f56bfc062723c751e8b465ee728b)
Start importing Assets/BrokenVector/LowPolyStoragePack/Prefabs/Garbage_Can_Yellow.prefab using Guid(70cbdc76e81f516488de49d9acbef175) Importer(815301076,1909f56bfc062723c751e8b465ee728b)  -> (artifact id: '683415c722e66d60b8cf5875f1509baf') in 0.018046 seconds 
========================================================================
Received Import Request.
  Time since last request: 0.000033 seconds.
  path: Assets/BrokenVector/LowPolyStoragePack/Prefabs/Giftbox_01_Blue.prefab
  artifactKey: Guid(7d7bf6c92ae13cd478d73a6c6bc5fb4e) Importer(815301076,1909f56bfc062723c751e8b465ee728b)
Start importing Assets/BrokenVector/LowPolyStoragePack/Prefabs/Giftbox_01_Blue.prefab using Guid(7d7bf6c92ae13cd478d73a6c6bc5fb4e) Importer(815301076,1909f56bfc062723c751e8b465ee728b)  -> (artifact id: 'eb0acfa0bac81ef7f052ed0fa0312216') in 0.021447 seconds 
========================================================================
Received Import Request.
  Time since last request: 0.000039 seconds.
  path: Assets/BrokenVector/LowPolyStoragePack/Prefabs/Giftbox_02_Blue.prefab
  artifactKey: Guid(8d899f85a0dd1cb4983d94fdae0e1939) Importer(815301076,1909f56bfc062723c751e8b465ee728b)
Start importing Assets/BrokenVector/LowPolyStoragePack/Prefabs/Giftbox_02_Blue.prefab using Guid(8d899f85a0dd1cb4983d94fdae0e1939) Importer(815301076,1909f56bfc062723c751e8b465ee728b)  -> (artifact id: 'ec93ca109b236168fddf861aa3404eef') in 0.021425 seconds 
========================================================================
Received Import Request.
  Time since last request: 0.000062 seconds.
  path: Assets/BrokenVector/LowPolyStoragePack/Prefabs/Giftbox_01_Purple.prefab
  artifactKey: Guid(429ebdcdf0ae3ce4c9f3279a683e72ed) Importer(815301076,1909f56bfc062723c751e8b465ee728b)
Start importing Assets/BrokenVector/LowPolyStoragePack/Prefabs/Giftbox_01_Purple.prefab using Guid(429ebdcdf0ae3ce4c9f3279a683e72ed) Importer(815301076,1909f56bfc062723c751e8b465ee728b)  -> (artifact id: 'e9dc457f996569c888dff8e605d8fe08') in 0.021426 seconds 
========================================================================
Received Import Request.
  Time since last request: 0.000023 seconds.
  path: Assets/BrokenVector/LowPolyStoragePack/Prefabs/Giftbox_02_Purple.prefab
  artifactKey: Guid(6f254a04acf0892448fb03144a1b5cc8) Importer(815301076,1909f56bfc062723c751e8b465ee728b)
Start importing Assets/BrokenVector/LowPolyStoragePack/Prefabs/Giftbox_02_Purple.prefab using Guid(6f254a04acf0892448fb03144a1b5cc8) Importer(815301076,1909f56bfc062723c751e8b465ee728b)  -> (artifact id: '2cc6f9290e108970f0d1bfa45accb50b') in 0.024213 seconds 
========================================================================
Received Import Request.
  Time since last request: 0.654621 seconds.
  path: Assets/BrokenVector/LowPolyStoragePack/Prefabs/Giftbox_03_Green.prefab
  artifactKey: Guid(548e7859459572b49b76cdb658d13bf9) Importer(815301076,1909f56bfc062723c751e8b465ee728b)
Start importing Assets/BrokenVector/LowPolyStoragePack/Prefabs/Giftbox_03_Green.prefab using Guid(548e7859459572b49b76cdb658d13bf9) Importer(815301076,1909f56bfc062723c751e8b465ee728b)  -> (artifact id: '62dc0d514d2ddfb7efedbef143e3554f') in 0.019056 seconds 
========================================================================
Received Import Request.
  Time since last request: 0.000025 seconds.
  path: Assets/BrokenVector/LowPolyStoragePack/Prefabs/Giftbox_03_Yellow.prefab
  artifactKey: Guid(a950da56b2e37e74a881eb9cd2ce72cb) Importer(815301076,1909f56bfc062723c751e8b465ee728b)
Start importing Assets/BrokenVector/LowPolyStoragePack/Prefabs/Giftbox_03_Yellow.prefab using Guid(a950da56b2e37e74a881eb9cd2ce72cb) Importer(815301076,1909f56bfc062723c751e8b465ee728b)  -> (artifact id: 'b2d02d1423c874dd02e13358f12c66f3') in 0.021282 seconds 
========================================================================
Received Import Request.
  Time since last request: 0.000022 seconds.
  path: Assets/BrokenVector/LowPolyStoragePack/Prefabs/Storage_Rack_01.prefab
  artifactKey: Guid(3732512b24557ac43933b8085c822b18) Importer(815301076,1909f56bfc062723c751e8b465ee728b)
Start importing Assets/BrokenVector/LowPolyStoragePack/Prefabs/Storage_Rack_01.prefab using Guid(3732512b24557ac43933b8085c822b18) Importer(815301076,1909f56bfc062723c751e8b465ee728b)  -> (artifact id: 'ce0180591ba906ef63e8d1fd2ffba68f') in 0.020206 seconds 
========================================================================
Received Import Request.
  Time since last request: 0.090572 seconds.
  path: Assets/BrokenVector/LowPolyStoragePack/Prefabs/Suitcase_01_Green.prefab
  artifactKey: Guid(cc206acf3c629e549a79e89b26695245) Importer(815301076,1909f56bfc062723c751e8b465ee728b)
Start importing Assets/BrokenVector/LowPolyStoragePack/Prefabs/Suitcase_01_Green.prefab using Guid(cc206acf3c629e549a79e89b26695245) Importer(815301076,1909f56bfc062723c751e8b465ee728b)  -> (artifact id: '990d8f69bca8688dad9d34c8bcb4620a') in 0.016918 seconds 
========================================================================
Received Import Request.
  Time since last request: 0.067804 seconds.
  path: Assets/BrokenVector/LowPolyStoragePack/Prefabs/Suitcase_02_Blue.prefab
  artifactKey: Guid(42f519ff7e5f3d54e94c9d02963441cb) Importer(815301076,1909f56bfc062723c751e8b465ee728b)
Start importing Assets/BrokenVector/LowPolyStoragePack/Prefabs/Suitcase_02_Blue.prefab using Guid(42f519ff7e5f3d54e94c9d02963441cb) Importer(815301076,1909f56bfc062723c751e8b465ee728b)  -> (artifact id: 'c0411c93e84e74a01392c18ce55357e8') in 0.017774 seconds 
========================================================================
Received Import Request.
  Time since last request: 0.170372 seconds.
  path: Assets/BrokenVector/LowPolyStoragePack/Prefabs/Suitcase_02_Yellow.prefab
  artifactKey: Guid(2d1c8780b5053c94e8e1b008b8dc2b50) Importer(815301076,1909f56bfc062723c751e8b465ee728b)
Start importing Assets/BrokenVector/LowPolyStoragePack/Prefabs/Suitcase_02_Yellow.prefab using Guid(2d1c8780b5053c94e8e1b008b8dc2b50) Importer(815301076,1909f56bfc062723c751e8b465ee728b)  -> (artifact id: 'b7b7b17e178252aec22d3665c1b78dbc') in 0.016888 seconds 
========================================================================
Received Import Request.
  Time since last request: 26.731123 seconds.
  path: Assets/sample_racer/entities/misc/Materials/misc_fance_wire_horiz.mat
  artifactKey: Guid(37658596bc4f5e14b8393ca09c55e957) Importer(815301076,1909f56bfc062723c751e8b465ee728b)
Start importing Assets/sample_racer/entities/misc/Materials/misc_fance_wire_horiz.mat using Guid(37658596bc4f5e14b8393ca09c55e957) Importer(815301076,1909f56bfc062723c751e8b465ee728b)  -> (artifact id: '198b3c1b2afa1477010df96e9ac8ff08') in 0.018784 seconds 
========================================================================
Received Import Request.
  Time since last request: 5.981855 seconds.
  path: Assets/sample_racer/entities/misc/misc_sand_top.png
  artifactKey: Guid(17c7f789e3a5d4b38aad1e6d8c2ceb05) Importer(815301076,1909f56bfc062723c751e8b465ee728b)
Start importing Assets/sample_racer/entities/misc/misc_sand_top.png using Guid(17c7f789e3a5d4b38aad1e6d8c2ceb05) Importer(815301076,1909f56bfc062723c751e8b465ee728b)  -> (artifact id: 'f805c07c791ff50c7b0605dc5ecb893e') in 0.016845 seconds 
========================================================================
Received Import Request.
  Time since last request: 0.000029 seconds.
  path: Assets/sample_racer/entities/misc/misc_tree_palm_a.png
  artifactKey: Guid(dca6c8f7d65d941ca91f396dc60ba355) Importer(815301076,1909f56bfc062723c751e8b465ee728b)
Start importing Assets/sample_racer/entities/misc/misc_tree_palm_a.png using Guid(dca6c8f7d65d941ca91f396dc60ba355) Importer(815301076,1909f56bfc062723c751e8b465ee728b)  -> (artifact id: '824c8a30103279519c58ade311cb8c4b') in 0.012504 seconds 
========================================================================
Received Import Request.
  Time since last request: 0.047046 seconds.
  path: Assets/sample_racer/entities/misc/misc_wall_b.png
  artifactKey: Guid(a488da60301d547759adf1c8f0cfa992) Importer(815301076,1909f56bfc062723c751e8b465ee728b)
Start importing Assets/sample_racer/entities/misc/misc_wall_b.png using Guid(a488da60301d547759adf1c8f0cfa992) Importer(815301076,1909f56bfc062723c751e8b465ee728b)  -> (artifact id: '5c52898080ed52cea6e12fdf1930c3cb') in 0.015263 seconds 
========================================================================
Received Import Request.
  Time since last request: 7.704518 seconds.
  path: Assets/sample_racer/entities/skyboxes/skyStadium.mat
  artifactKey: Guid(5ca9c2b135500514092da889baaee88b) Importer(815301076,1909f56bfc062723c751e8b465ee728b)
Start importing Assets/sample_racer/entities/skyboxes/skyStadium.mat using Guid(5ca9c2b135500514092da889baaee88b) Importer(815301076,1909f56bfc062723c751e8b465ee728b)  -> (artifact id: 'a7f2a206ebf0f613734ff2321e93714c') in 0.018313 seconds 
========================================================================
Received Import Request.
  Time since last request: 4.492611 seconds.
  path: Assets/sample_racer/entities/waterfront/waterfront_textures/waterfront_crane.png
  artifactKey: Guid(4b4e32084eba14700944bdb6a19eb354) Importer(815301076,1909f56bfc062723c751e8b465ee728b)
Start importing Assets/sample_racer/entities/waterfront/waterfront_textures/waterfront_crane.png using Guid(4b4e32084eba14700944bdb6a19eb354) Importer(815301076,1909f56bfc062723c751e8b465ee728b)  -> (artifact id: 'b88fbd222dc25bcf0278749d20acf9dd') in 0.017207 seconds 
========================================================================
Received Import Request.
  Time since last request: 0.000022 seconds.
  path: Assets/sample_racer/entities/waterfront/waterfront_textures/waterfront_dock_side.png
  artifactKey: Guid(83d0275aa7bdd4adf90f1c9e94f2daf9) Importer(815301076,1909f56bfc062723c751e8b465ee728b)
Start importing Assets/sample_racer/entities/waterfront/waterfront_textures/waterfront_dock_side.png using Guid(83d0275aa7bdd4adf90f1c9e94f2daf9) Importer(815301076,1909f56bfc062723c751e8b465ee728b)  -> (artifact id: '2dc7fbce457949881adb840a85267a43') in 0.017155 seconds 
========================================================================
Received Import Request.
  Time since last request: 0.000031 seconds.
  path: Assets/sample_racer/entities/waterfront/waterfront_textures/waterfront_warehouse_door.png
  artifactKey: Guid(70d7fd819cfcb49ef9c348cc2a26a827) Importer(815301076,1909f56bfc062723c751e8b465ee728b)
Start importing Assets/sample_racer/entities/waterfront/waterfront_textures/waterfront_warehouse_door.png using Guid(70d7fd819cfcb49ef9c348cc2a26a827) Importer(815301076,1909f56bfc062723c751e8b465ee728b)  -> (artifact id: '82de7f9cadf5ca24f53a2a4c5b1de36c') in 0.016596 seconds 
========================================================================
Received Import Request.
  Time since last request: 0.000023 seconds.
  path: Assets/sample_racer/entities/waterfront/waterfront_textures/waterfront_warehouse_concrete_d.png
  artifactKey: Guid(cd69238a7085d49d796d545bb15244e5) Importer(815301076,1909f56bfc062723c751e8b465ee728b)
Start importing Assets/sample_racer/entities/waterfront/waterfront_textures/waterfront_warehouse_concrete_d.png using Guid(cd69238a7085d49d796d545bb15244e5) Importer(815301076,1909f56bfc062723c751e8b465ee728b)  -> (artifact id: 'a0ffa41175c53f782942b08fa939f052') in 0.015818 seconds 
========================================================================
Received Import Request.
  Time since last request: 0.000036 seconds.
  path: Assets/sample_racer/entities/waterfront/waterfront_textures/waterfront_warehouse_concrete_a.png
  artifactKey: Guid(db83d8e1b227a4b7aacbdcc8a1d0c57d) Importer(815301076,1909f56bfc062723c751e8b465ee728b)
Start importing Assets/sample_racer/entities/waterfront/waterfront_textures/waterfront_warehouse_concrete_a.png using Guid(db83d8e1b227a4b7aacbdcc8a1d0c57d) Importer(815301076,1909f56bfc062723c751e8b465ee728b)  -> (artifact id: '54903c14a8e9951ab79ae16e51bc0bc9') in 0.016348 seconds 
========================================================================
Received Import Request.
  Time since last request: 0.000031 seconds.
  path: Assets/sample_racer/entities/waterfront/waterfront_textures/waterfront_warehouse_roof_top_b.png
  artifactKey: Guid(0df44c1e9f8d94bfc83087bd66ccdd52) Importer(815301076,1909f56bfc062723c751e8b465ee728b)
Start importing Assets/sample_racer/entities/waterfront/waterfront_textures/waterfront_warehouse_roof_top_b.png using Guid(0df44c1e9f8d94bfc83087bd66ccdd52) Importer(815301076,1909f56bfc062723c751e8b465ee728b)  -> (artifact id: 'a62d365fbe99d5880689668b0b977728') in 0.015754 seconds 
========================================================================
Received Import Request.
  Time since last request: 4.196471 seconds.
  path: Assets/sample_racer/entities/garage/Materials/misc_drain.mat
  artifactKey: Guid(170f455cee7f02a459bc585e5c7fa873) Importer(815301076,1909f56bfc062723c751e8b465ee728b)
Start importing Assets/sample_racer/entities/garage/Materials/misc_drain.mat using Guid(170f455cee7f02a459bc585e5c7fa873) Importer(815301076,1909f56bfc062723c751e8b465ee728b)  -> (artifact id: '0765ff788d8f76b07692a638fc325bec') in 0.013546 seconds 
========================================================================
Received Import Request.
  Time since last request: 0.000024 seconds.
  path: Assets/sample_racer/entities/garage/Materials/warehouse_toolshelf_orgenizer.mat
  artifactKey: Guid(168355c6d638483458a0e797454332d8) Importer(815301076,1909f56bfc062723c751e8b465ee728b)
Start importing Assets/sample_racer/entities/garage/Materials/warehouse_toolshelf_orgenizer.mat using Guid(168355c6d638483458a0e797454332d8) Importer(815301076,1909f56bfc062723c751e8b465ee728b)  -> (artifact id: '741cb694ecd86f9f7c8eef9552329c93') in 0.018662 seconds 
========================================================================
Received Import Request.
  Time since last request: 0.000023 seconds.
  path: Assets/sample_racer/entities/garage/Materials/warehouse_oilshelfs_wood.mat
  artifactKey: Guid(bd1a9be1b64059d4bab79264fa0e40e8) Importer(815301076,1909f56bfc062723c751e8b465ee728b)
Start importing Assets/sample_racer/entities/garage/Materials/warehouse_oilshelfs_wood.mat using Guid(bd1a9be1b64059d4bab79264fa0e40e8) Importer(815301076,1909f56bfc062723c751e8b465ee728b)  -> (artifact id: '09782208b1d7982e3314f9b3195b80ed') in 0.015828 seconds 
========================================================================
Received Import Request.
  Time since last request: 0.000031 seconds.
  path: Assets/sample_racer/entities/garage/Materials/warehouse_cardbox.mat
  artifactKey: Guid(d8be06db331eeff468384033e2341126) Importer(815301076,1909f56bfc062723c751e8b465ee728b)
Start importing Assets/sample_racer/entities/garage/Materials/warehouse_cardbox.mat using Guid(d8be06db331eeff468384033e2341126) Importer(815301076,1909f56bfc062723c751e8b465ee728b)  -> (artifact id: '6b87baa3fdcab015226d132fc0b72a15') in 0.016801 seconds 
========================================================================
Received Import Request.
  Time since last request: 0.000040 seconds.
  path: Assets/sample_racer/entities/garage/Materials/warehouse_floor_metal.mat
  artifactKey: Guid(58a4fb54d3a111a4ebf5b1cc6f045eae) Importer(815301076,1909f56bfc062723c751e8b465ee728b)
Start importing Assets/sample_racer/entities/garage/Materials/warehouse_floor_metal.mat using Guid(58a4fb54d3a111a4ebf5b1cc6f045eae) Importer(815301076,1909f56bfc062723c751e8b465ee728b)  -> (artifact id: '06b9b613dd3232e6d35f0013fd814b50') in 0.017434 seconds 
========================================================================
Received Import Request.
  Time since last request: 0.000030 seconds.
  path: Assets/sample_racer/entities/garage/Materials/warehouse_atlas_b.mat
  artifactKey: Guid(9f885a002fa01754789ed9d5360757b2) Importer(815301076,1909f56bfc062723c751e8b465ee728b)
Start importing Assets/sample_racer/entities/garage/Materials/warehouse_atlas_b.mat using Guid(9f885a002fa01754789ed9d5360757b2) Importer(815301076,1909f56bfc062723c751e8b465ee728b)  -> (artifact id: '08d991213c654658d63cee3324ed5832') in 0.015220 seconds 
========================================================================
Received Import Request.
  Time since last request: 3.322276 seconds.
  path: Assets/sample_racer/entities/garage/warehouse_textures/warehouse_topdoors_b.png
  artifactKey: Guid(26958fad571ef40beb578195561ab069) Importer(815301076,1909f56bfc062723c751e8b465ee728b)
Start importing Assets/sample_racer/entities/garage/warehouse_textures/warehouse_topdoors_b.png using Guid(26958fad571ef40beb578195561ab069) Importer(815301076,1909f56bfc062723c751e8b465ee728b)  -> (artifact id: '07bc22b7c9ab67ebc6620e478c7423d6') in 0.015731 seconds 
========================================================================
Received Import Request.
  Time since last request: 0.011956 seconds.
  path: Assets/sample_racer/entities/garage/warehouse_textures/warehouse_wall_plaster.png
  artifactKey: Guid(cd7c98f3bbdbf47cfb1da3a042bc0adc) Importer(815301076,1909f56bfc062723c751e8b465ee728b)
Start importing Assets/sample_racer/entities/garage/warehouse_textures/warehouse_wall_plaster.png using Guid(cd7c98f3bbdbf47cfb1da3a042bc0adc) Importer(815301076,1909f56bfc062723c751e8b465ee728b)  -> (artifact id: '2fd4b59d97817b39b20cc6cba174bafc') in 0.014065 seconds 
========================================================================
Received Import Request.
  Time since last request: 0.002376 seconds.
  path: Assets/sample_racer/entities/garage/warehouse_textures/warehouse_wheel_c.png
  artifactKey: Guid(337013d3779cd43a896991d020c8e955) Importer(815301076,1909f56bfc062723c751e8b465ee728b)
Start importing Assets/sample_racer/entities/garage/warehouse_textures/warehouse_wheel_c.png using Guid(337013d3779cd43a896991d020c8e955) Importer(815301076,1909f56bfc062723c751e8b465ee728b)  -> (artifact id: '2a84c73eaf59802a9afa25b6b346996c') in 0.016271 seconds 
========================================================================
Received Import Request.
  Time since last request: 0.000038 seconds.
  path: Assets/sample_racer/entities/garage/warehouse_textures/warehouse_whiteboard.png
  artifactKey: Guid(041d80fa660434edb8788879bf3711e1) Importer(815301076,1909f56bfc062723c751e8b465ee728b)
Start importing Assets/sample_racer/entities/garage/warehouse_textures/warehouse_whiteboard.png using Guid(041d80fa660434edb8788879bf3711e1) Importer(815301076,1909f56bfc062723c751e8b465ee728b)  -> (artifact id: 'b327e3ca735437c97331210ba7935e37') in 0.019260 seconds 
========================================================================
Received Import Request.
  Time since last request: 0.000031 seconds.
  path: Assets/sample_racer/entities/garage/warehouse_textures/warehouse_wood_b.png
  artifactKey: Guid(1ff144442ad2c4dc3bb84827b689861d) Importer(815301076,1909f56bfc062723c751e8b465ee728b)
Start importing Assets/sample_racer/entities/garage/warehouse_textures/warehouse_wood_b.png using Guid(1ff144442ad2c4dc3bb84827b689861d) Importer(815301076,1909f56bfc062723c751e8b465ee728b)  -> (artifact id: 'f98fd8df5d0c7f533650d309551d510a') in 0.014159 seconds 
========================================================================
Received Import Request.
  Time since last request: 49.985328 seconds.
  path: Assets/BrokenVector/LowPolyStoragePack/Materials/Storage_Diffuse_Purple.mat
  artifactKey: Guid(17b827be00b46de49b67f1a66e3c874a) Importer(815301076,1909f56bfc062723c751e8b465ee728b)
Start importing Assets/BrokenVector/LowPolyStoragePack/Materials/Storage_Diffuse_Purple.mat using Guid(17b827be00b46de49b67f1a66e3c874a) Importer(815301076,1909f56bfc062723c751e8b465ee728b)  -> (artifact id: '0584cbe23ea0e61f0060e03e9da95a53') in 0.016537 seconds 
========================================================================
Received Import Request.
  Time since last request: 0.000037 seconds.
  path: Assets/BrokenVector/LowPolyStoragePack/Materials/Storage_Unlit_Purple.mat
  artifactKey: Guid(35edf0cdeb6723141b37babb56b2ce76) Importer(815301076,1909f56bfc062723c751e8b465ee728b)
Start importing Assets/BrokenVector/LowPolyStoragePack/Materials/Storage_Unlit_Purple.mat using Guid(35edf0cdeb6723141b37babb56b2ce76) Importer(815301076,1909f56bfc062723c751e8b465ee728b)  -> (artifact id: '9ca5e593e8ceee84efe32c828c77188a') in 0.066273 seconds 
========================================================================
Received Import Request.
  Time since last request: 0.000027 seconds.
  path: Assets/BrokenVector/LowPolyStoragePack/Materials/Storage_Unlit_Green.mat
  artifactKey: Guid(2c2fa0db6f0ab4e49a518ffedd66cc22) Importer(815301076,1909f56bfc062723c751e8b465ee728b)
Start importing Assets/BrokenVector/LowPolyStoragePack/Materials/Storage_Unlit_Green.mat using Guid(2c2fa0db6f0ab4e49a518ffedd66cc22) Importer(815301076,1909f56bfc062723c751e8b465ee728b)  -> (artifact id: 'f294a64cfb07f2a653f456be73716f81') in 0.017285 seconds 
========================================================================
Received Import Request.
  Time since last request: 0.000026 seconds.
  path: Assets/BrokenVector/LowPolyStoragePack/Materials/Storage_Metal_Blue.mat
  artifactKey: Guid(2baa316d3d6d44d44b49de38958c3fcc) Importer(815301076,1909f56bfc062723c751e8b465ee728b)
Start importing Assets/BrokenVector/LowPolyStoragePack/Materials/Storage_Metal_Blue.mat using Guid(2baa316d3d6d44d44b49de38958c3fcc) Importer(815301076,1909f56bfc062723c751e8b465ee728b)  -> (artifact id: 'feeb287be321b2c67d0bf00bfce8a582') in 0.021131 seconds 
========================================================================
Received Import Request.
  Time since last request: 0.610353 seconds.
  path: Assets/BrokenVector/LowPolyStoragePack/Models/Bag_01.dae
  artifactKey: Guid(c7d246b320fbfff4093aa541d6a54a80) Importer(815301076,1909f56bfc062723c751e8b465ee728b)
Start importing Assets/BrokenVector/LowPolyStoragePack/Models/Bag_01.dae using Guid(c7d246b320fbfff4093aa541d6a54a80) Importer(815301076,1909f56bfc062723c751e8b465ee728b)  -> (artifact id: '345f35362d16eb3df1343620c2a1d7f7') in 0.028527 seconds 
========================================================================
Received Import Request.
  Time since last request: 0.000024 seconds.
  path: Assets/BrokenVector/LowPolyStoragePack/Models/Barrel_01.dae
  artifactKey: Guid(4570ffb3502664541b65ea4a55f1d760) Importer(815301076,1909f56bfc062723c751e8b465ee728b)
Start importing Assets/BrokenVector/LowPolyStoragePack/Models/Barrel_01.dae using Guid(4570ffb3502664541b65ea4a55f1d760) Importer(815301076,1909f56bfc062723c751e8b465ee728b)  -> (artifact id: '8066efa71c3f94fe9f94004a33a0ef7f') in 0.023102 seconds 
========================================================================
Received Import Request.
  Time since last request: 0.000029 seconds.
  path: Assets/BrokenVector/LowPolyStoragePack/Models/Barrel_03.dae
  artifactKey: Guid(f1a871656407f1843a8eea3435a3ef93) Importer(815301076,1909f56bfc062723c751e8b465ee728b)
Start importing Assets/BrokenVector/LowPolyStoragePack/Models/Barrel_03.dae using Guid(f1a871656407f1843a8eea3435a3ef93) Importer(815301076,1909f56bfc062723c751e8b465ee728b)  -> (artifact id: 'd2e231c975c3123943ff12f8186a2a82') in 0.021812 seconds 
========================================================================
Received Import Request.
  Time since last request: 0.000034 seconds.
  path: Assets/BrokenVector/LowPolyStoragePack/Models/Cabinet_02.dae
  artifactKey: Guid(a9cbe19c5ceb4e34e89fe52e9d4d8918) Importer(815301076,1909f56bfc062723c751e8b465ee728b)
Start importing Assets/BrokenVector/LowPolyStoragePack/Models/Cabinet_02.dae using Guid(a9cbe19c5ceb4e34e89fe52e9d4d8918) Importer(815301076,1909f56bfc062723c751e8b465ee728b)  -> (artifact id: '0c5d02aea6c2621581570817e5d678a2') in 0.025065 seconds 
========================================================================
Received Import Request.
  Time since last request: 0.000028 seconds.
  path: Assets/BrokenVector/LowPolyStoragePack/Models/Barrel_02.dae
  artifactKey: Guid(fd5373b161d0d3e40a2d2ff740e3f795) Importer(815301076,1909f56bfc062723c751e8b465ee728b)
Start importing Assets/BrokenVector/LowPolyStoragePack/Models/Barrel_02.dae using Guid(fd5373b161d0d3e40a2d2ff740e3f795) Importer(815301076,1909f56bfc062723c751e8b465ee728b)  -> (artifact id: '5883388b9a22b67522cfcebd6f87d7d3') in 0.019874 seconds 
========================================================================
Received Import Request.
  Time since last request: 0.000032 seconds.
  path: Assets/BrokenVector/LowPolyStoragePack/Models/Cabinet_04.dae
  artifactKey: Guid(600ba151e48aa1b42afe71cd57559343) Importer(815301076,1909f56bfc062723c751e8b465ee728b)
Start importing Assets/BrokenVector/LowPolyStoragePack/Models/Cabinet_04.dae using Guid(600ba151e48aa1b42afe71cd57559343) Importer(815301076,1909f56bfc062723c751e8b465ee728b)  -> (artifact id: 'ec3f2ecaec5ad3482baa0593ec999d34') in 0.021324 seconds 
========================================================================
Received Import Request.
  Time since last request: 2.778676 seconds.
  path: Assets/BrokenVector/LowPolyStoragePack/Models/Crate_02.dae
  artifactKey: Guid(5453a8aedae39ad4a8f64c24f9fc848a) Importer(815301076,1909f56bfc062723c751e8b465ee728b)
Start importing Assets/BrokenVector/LowPolyStoragePack/Models/Crate_02.dae using Guid(5453a8aedae39ad4a8f64c24f9fc848a) Importer(815301076,1909f56bfc062723c751e8b465ee728b)  -> (artifact id: '3b7e53f5cf4a6fa951eaeec56f9bee96') in 0.018729 seconds 
========================================================================
Received Import Request.
  Time since last request: 0.000027 seconds.
  path: Assets/BrokenVector/LowPolyStoragePack/Models/ElectricBox_01.dae
  artifactKey: Guid(183ba50f754853448ac7cdd8ed8d0597) Importer(815301076,1909f56bfc062723c751e8b465ee728b)
Start importing Assets/BrokenVector/LowPolyStoragePack/Models/ElectricBox_01.dae using Guid(183ba50f754853448ac7cdd8ed8d0597) Importer(815301076,1909f56bfc062723c751e8b465ee728b)  -> (artifact id: '0a3578f5e39f94d3cbdc4abbdf3ecead') in 0.019709 seconds 
========================================================================
Received Import Request.
  Time since last request: 0.189632 seconds.
  path: Assets/BrokenVector/LowPolyStoragePack/Models/GarbageCan.dae
  artifactKey: Guid(f4169bae00484c948a2b9d782b10b298) Importer(815301076,1909f56bfc062723c751e8b465ee728b)
Start importing Assets/BrokenVector/LowPolyStoragePack/Models/GarbageCan.dae using Guid(f4169bae00484c948a2b9d782b10b298) Importer(815301076,1909f56bfc062723c751e8b465ee728b)  -> (artifact id: '05189a944440282358d1c75d415359bc') in 0.019407 seconds 
========================================================================
Received Import Request.
  Time since last request: 3.950592 seconds.
  path: Assets/BrokenVector/LowPolyStoragePack/Models/Locker.dae
  artifactKey: Guid(2d260eb281c666c428d94133569434d4) Importer(815301076,1909f56bfc062723c751e8b465ee728b)
Start importing Assets/BrokenVector/LowPolyStoragePack/Models/Locker.dae using Guid(2d260eb281c666c428d94133569434d4) Importer(815301076,1909f56bfc062723c751e8b465ee728b)  -> (artifact id: '6a6b75f013a876947ac0c83d4f166aa8') in 0.019438 seconds 
========================================================================
Received Import Request.
  Time since last request: 0.000024 seconds.
  path: Assets/BrokenVector/LowPolyStoragePack/Models/StorageRack_01.dae
  artifactKey: Guid(cc04a9baa919bfe47af3b3cfc2bf1975) Importer(815301076,1909f56bfc062723c751e8b465ee728b)
Start importing Assets/BrokenVector/LowPolyStoragePack/Models/StorageRack_01.dae using Guid(cc04a9baa919bfe47af3b3cfc2bf1975) Importer(815301076,1909f56bfc062723c751e8b465ee728b)  -> (artifact id: '41c8b6ebbef8880945f1e221d47cd4c4') in 0.017615 seconds 
========================================================================
Received Import Request.
  Time since last request: 0.535928 seconds.
  path: Assets/BrokenVector/LowPolyStoragePack/Models/Suitcase_02.dae
  artifactKey: Guid(e63b8c6b9fc029b4aa263a770e49bf72) Importer(815301076,1909f56bfc062723c751e8b465ee728b)
Start importing Assets/BrokenVector/LowPolyStoragePack/Models/Suitcase_02.dae using Guid(e63b8c6b9fc029b4aa263a770e49bf72) Importer(815301076,1909f56bfc062723c751e8b465ee728b)  -> (artifact id: '56f8b008d6545e7e3546833df61992e4') in 0.019008 seconds 
========================================================================
Received Import Request.
  Time since last request: 66.680674 seconds.
  path: Assets/BrokenVector/LowPolyStoragePack/Palettes/Palette_Green.png
  artifactKey: Guid(a36f7aa6d9d45e14c8a942398aa6f468) Importer(815301076,1909f56bfc062723c751e8b465ee728b)
Start importing Assets/BrokenVector/LowPolyStoragePack/Palettes/Palette_Green.png using Guid(a36f7aa6d9d45e14c8a942398aa6f468) Importer(815301076,1909f56bfc062723c751e8b465ee728b)  -> (artifact id: '570608125ff7808d921438ddeb2b0d6b') in 0.019593 seconds 
========================================================================
Received Import Request.
  Time since last request: 0.000032 seconds.
  path: Assets/BrokenVector/LowPolyStoragePack/Palettes/Palette_Red.png
  artifactKey: Guid(f0463186e997f36448fb3d42cf65bdc8) Importer(815301076,1909f56bfc062723c751e8b465ee728b)
Start importing Assets/BrokenVector/LowPolyStoragePack/Palettes/Palette_Red.png using Guid(f0463186e997f36448fb3d42cf65bdc8) Importer(815301076,1909f56bfc062723c751e8b465ee728b)  -> (artifact id: '728f5f41946ea9000d1fb857d4f67456') in 0.015578 seconds 
========================================================================
Received Import Request.
  Time since last request: 21.671274 seconds.
  path: Assets/BrokenVector/LowPolyStoragePack/Materials/Storage_Diffuse_Purple.mat
  artifactKey: Guid(17b827be00b46de49b67f1a66e3c874a) Importer(815301076,1909f56bfc062723c751e8b465ee728b)
Start importing Assets/BrokenVector/LowPolyStoragePack/Materials/Storage_Diffuse_Purple.mat using Guid(17b827be00b46de49b67f1a66e3c874a) Importer(815301076,1909f56bfc062723c751e8b465ee728b)  -> (artifact id: '0b748ffe8cc808e27ccbd61bc0bde706') in 0.012161 seconds 
========================================================================
Received Import Request.
  Time since last request: 0.000028 seconds.
  path: Assets/BrokenVector/LowPolyStoragePack/Materials/Storage_Unlit_Blue.mat
  artifactKey: Guid(0be69c02f81c03846bb3d5d7b79e19a2) Importer(815301076,1909f56bfc062723c751e8b465ee728b)
Start importing Assets/BrokenVector/LowPolyStoragePack/Materials/Storage_Unlit_Blue.mat using Guid(0be69c02f81c03846bb3d5d7b79e19a2) Importer(815301076,1909f56bfc062723c751e8b465ee728b)  -> (artifact id: 'e1dd702405c7d1c6486a12a2d5b77bd9') in 0.022939 seconds 
========================================================================
Received Import Request.
  Time since last request: 0.000037 seconds.
  path: Assets/BrokenVector/LowPolyStoragePack/Materials/Storage_Metal_Yellow.mat
  artifactKey: Guid(42b72ec56c0ab8047879964b928f6fe9) Importer(815301076,1909f56bfc062723c751e8b465ee728b)
Start importing Assets/BrokenVector/LowPolyStoragePack/Materials/Storage_Metal_Yellow.mat using Guid(42b72ec56c0ab8047879964b928f6fe9) Importer(815301076,1909f56bfc062723c751e8b465ee728b)  -> (artifact id: 'e1235bddffa3156befa29d514bd68bce') in 0.016325 seconds 
========================================================================
Received Import Request.
  Time since last request: 0.000035 seconds.
  path: Assets/BrokenVector/LowPolyStoragePack/Materials/Storage_Unlit_Red.mat
  artifactKey: Guid(c361b9c61d93b424c972e2699e35553d) Importer(815301076,1909f56bfc062723c751e8b465ee728b)
Start importing Assets/BrokenVector/LowPolyStoragePack/Materials/Storage_Unlit_Red.mat using Guid(c361b9c61d93b424c972e2699e35553d) Importer(815301076,1909f56bfc062723c751e8b465ee728b)  -> (artifact id: '506c0a732e64607814468066700a4570') in 0.013155 seconds 
========================================================================
Received Import Request.
  Time since last request: 0.000033 seconds.
  path: Assets/BrokenVector/LowPolyStoragePack/Materials/Storage_Diffuse_Yellow.mat
  artifactKey: Guid(527353d9e6270254680287bb2593d299) Importer(815301076,1909f56bfc062723c751e8b465ee728b)
Start importing Assets/BrokenVector/LowPolyStoragePack/Materials/Storage_Diffuse_Yellow.mat using Guid(527353d9e6270254680287bb2593d299) Importer(815301076,1909f56bfc062723c751e8b465ee728b)  -> (artifact id: '97fccb9f58ac86a05ce10e418b44355a') in 0.014239 seconds 
========================================================================
Received Import Request.
  Time since last request: 0.000038 seconds.
  path: Assets/BrokenVector/LowPolyStoragePack/Materials/Storage_Metal_Red.mat
  artifactKey: Guid(974e4860cba7dbd478b90327dbc32482) Importer(815301076,1909f56bfc062723c751e8b465ee728b)
Start importing Assets/BrokenVector/LowPolyStoragePack/Materials/Storage_Metal_Red.mat using Guid(974e4860cba7dbd478b90327dbc32482) Importer(815301076,1909f56bfc062723c751e8b465ee728b)  -> (artifact id: '6eeab27d17bb5347f597be78a112de07') in 0.012690 seconds 
Editor requested this worker to shutdown with reason: Scaling down because of idle timeout
AssetImportWorker is now disconnected from the server
Process exiting
Exiting without the bug reporter. Application will terminate with return code 0