Using pre-set license
Built from '2021.2/staging' branch; Version is '2021.2.7f1 (6bd9e232123f) revision 7068130'; Using compiler version '192829333'; Build Type 'Release'
OS: 'Windows 10  (10.0.19042) 64bit CoreSingleLanguage' Language: 'en' Physical Memory: 15741 MB
BatchMode: 1, IsHumanControllingUs: 0, StartBugReporterOnCrash: 0, Is64bit: 1, IsPro: 0

COMMAND LINE ARGUMENTS:
C:\Program Files\Unity\Hub\Editor\2021.2.7f1\Editor\Unity.exe
-adb2
-batchMode
-noUpm
-name
AssetImportWorker8
-projectPath
C:/Unity/LogisticsVR
-logFile
Logs/AssetImportWorker8.log
-srvPort
49583
Successfully changed project path to: C:/Unity/LogisticsVR
C:/Unity/LogisticsVR
[UnityMemory] Configuration Parameters - Can be set up in boot.config
    "memorysetup-bucket-allocator-granularity=16"
    "memorysetup-bucket-allocator-bucket-count=8"
    "memorysetup-bucket-allocator-block-size=33554432"
    "memorysetup-bucket-allocator-block-count=8"
    "memorysetup-main-allocator-block-size=16777216"
    "memorysetup-thread-allocator-block-size=16777216"
    "memorysetup-gfx-main-allocator-block-size=16777216"
    "memorysetup-gfx-thread-allocator-block-size=16777216"
    "memorysetup-cache-allocator-block-size=4194304"
    "memorysetup-typetree-allocator-block-size=2097152"
    "memorysetup-profiler-bucket-allocator-granularity=16"
    "memorysetup-profiler-bucket-allocator-bucket-count=8"
    "memorysetup-profiler-bucket-allocator-block-size=33554432"
    "memorysetup-profiler-bucket-allocator-block-count=8"
    "memorysetup-profiler-allocator-block-size=16777216"
    "memorysetup-profiler-editor-allocator-block-size=1048576"
    "memorysetup-temp-allocator-size-main=16777216"
    "memorysetup-job-temp-allocator-block-size=2097152"
    "memorysetup-job-temp-allocator-block-size-background=1048576"
    "memorysetup-job-temp-allocator-reduction-small-platforms=262144"
    "memorysetup-temp-allocator-size-background-worker=32768"
    "memorysetup-temp-allocator-size-job-worker=262144"
    "memorysetup-temp-allocator-size-preload-manager=33554432"
    "memorysetup-temp-allocator-size-nav-mesh-worker=65536"
    "memorysetup-temp-allocator-size-audio-worker=65536"
    "memorysetup-temp-allocator-size-cloud-worker=32768"
    "memorysetup-temp-allocator-size-gi-baking-worker=262144"
    "memorysetup-temp-allocator-size-gfx=262144"
Refreshing native plugins compatible for Editor in 86.76 ms, found 3 plugins.
Preloading 0 native plugins for Editor in 0.00 ms.
Initialize engine version: 2021.2.7f1 (6bd9e232123f)
[Subsystems] Discovering subsystems at path C:/Program Files/Unity/Hub/Editor/2021.2.7f1/Editor/Data/Resources/UnitySubsystems
[Subsystems] Discovering subsystems at path C:/Unity/LogisticsVR/Assets
GfxDevice: creating device client; threaded=0; jobified=0
Direct3D:
    Version:  Direct3D 11.0 [level 11.1]
    Renderer: AMD Radeon(TM) Graphics (ID=0x1636)
    Vendor:   ATI
    VRAM:     7870 MB
    Driver:   30.0.13025.5005
Initialize mono
Mono path[0] = 'C:/Program Files/Unity/Hub/Editor/2021.2.7f1/Editor/Data/Managed'
Mono path[1] = 'C:/Program Files/Unity/Hub/Editor/2021.2.7f1/Editor/Data/MonoBleedingEdge/lib/mono/unityjit-win32'
Mono config path = 'C:/Program Files/Unity/Hub/Editor/2021.2.7f1/Editor/Data/MonoBleedingEdge/etc'
Using monoOptions --debugger-agent=transport=dt_socket,embedding=1,server=y,suspend=n,address=127.0.0.1:56988
Begin MonoManager ReloadAssembly
Registering precompiled unity dll's ...
Register platform support module: C:/Program Files/Unity/Hub/Editor/2021.2.7f1/Editor/Data/PlaybackEngines/WindowsStandaloneSupport/UnityEditor.WindowsStandalone.Extensions.dll
Registered in 0.006173 seconds.
Native extension for WindowsStandalone target not found
Refreshing native plugins compatible for Editor in 85.39 ms, found 3 plugins.
Preloading 0 native plugins for Editor in 0.00 ms.
Mono: successfully reloaded assembly
- Completed reload, in  0.570 seconds
Domain Reload Profiling:
	ReloadAssembly (570ms)
		BeginReloadAssembly (65ms)
			ExecutionOrderSort (0ms)
			DisableScriptedObjects (0ms)
			BackupInstance (0ms)
			ReleaseScriptingObjects (0ms)
			CreateAndSetChildDomain (1ms)
		EndReloadAssembly (431ms)
			LoadAssemblies (63ms)
			RebuildTransferFunctionScriptingTraits (0ms)
			SetupTypeCache (92ms)
			ReleaseScriptCaches (0ms)
			RebuildScriptCaches (26ms)
			SetupLoadedEditorAssemblies (263ms)
				LogAssemblyErrors (0ms)
				InitializePlatformSupportModulesInManaged (14ms)
				SetLoadedEditorAssemblies (0ms)
				RefreshPlugins (85ms)
				BeforeProcessingInitializeOnLoad (1ms)
				ProcessInitializeOnLoadAttributes (117ms)
				ProcessInitializeOnLoadMethodAttributes (44ms)
				AfterProcessingInitializeOnLoad (0ms)
				EditorAssembliesLoaded (0ms)
			ExecutionOrderSort2 (0ms)
			AwakeInstancesAfterBackupRestoration (0ms)
Platform modules already initialized, skipping
Registering precompiled user dll's ...
Registered in 0.005065 seconds.
Begin MonoManager ReloadAssembly
Symbol file LoadedFromMemory doesn't match image C:\Unity\LogisticsVR\Library\PackageCache\com.unity.visualscripting@1.7.6\Editor\VisualScripting.Core\Dependencies\YamlDotNet\Unity.VisualScripting.YamlDotNet.dll
Symbol file LoadedFromMemory doesn't match image C:\Unity\LogisticsVR\Library\PackageCache\com.unity.visualscripting@1.7.6\Editor\VisualScripting.Core\Dependencies\DotNetZip\Unity.VisualScripting.IonicZip.dll
Native extension for WindowsStandalone target not found
Refreshing native plugins compatible for Editor in 0.71 ms, found 3 plugins.
Preloading 0 native plugins for Editor in 0.00 ms.
Mono: successfully reloaded assembly
- Completed reload, in  0.916 seconds
Domain Reload Profiling:
	ReloadAssembly (917ms)
		BeginReloadAssembly (99ms)
			ExecutionOrderSort (0ms)
			DisableScriptedObjects (5ms)
			BackupInstance (0ms)
			ReleaseScriptingObjects (0ms)
			CreateAndSetChildDomain (19ms)
		EndReloadAssembly (729ms)
			LoadAssemblies (65ms)
			RebuildTransferFunctionScriptingTraits (0ms)
			SetupTypeCache (235ms)
			ReleaseScriptCaches (1ms)
			RebuildScriptCaches (48ms)
			SetupLoadedEditorAssemblies (339ms)
				LogAssemblyErrors (0ms)
				InitializePlatformSupportModulesInManaged (11ms)
				SetLoadedEditorAssemblies (0ms)
				RefreshPlugins (1ms)
				BeforeProcessingInitializeOnLoad (82ms)
				ProcessInitializeOnLoadAttributes (215ms)
				ProcessInitializeOnLoadMethodAttributes (23ms)
				AfterProcessingInitializeOnLoad (7ms)
				EditorAssembliesLoaded (0ms)
			ExecutionOrderSort2 (0ms)
			AwakeInstancesAfterBackupRestoration (5ms)
Platform modules already initialized, skipping
========================================================================
Worker process is ready to serve import requests
Launched and connected shader compiler UnityShaderCompiler.exe after 0.05 seconds
Refreshing native plugins compatible for Editor in 0.70 ms, found 3 plugins.
Preloading 0 native plugins for Editor in 0.00 ms.
Unloading 3216 Unused Serialized files (Serialized files now loaded: 0)
Unloading 26 unused Assets / (112.5 KB). Loaded Objects now: 3699.
Memory consumption went from 128.3 MB to 128.2 MB.
Total: 3.623600 ms (FindLiveObjects: 0.336600 ms CreateObjectMapping: 0.175100 ms MarkObjects: 3.000200 ms  DeleteObjects: 0.110300 ms)

AssetImportParameters requested are different than current active one (requested -> active):
  custom:video-decoder-ogg-theora: a1e56fd34408186e4bbccfd4996cb3dc -> 
  custom:container-muxer-webm: aa71ff27fc2769a1b78a27578f13a17b -> 
  custom:container-demuxer-webm: 4f35f7cbe854078d1ac9338744f61a02 -> 
  custom:video-encoder-webm-vp8: eb34c28f22e8b96e1ab97ce403110664 -> 
  custom:video-codec-MediaFoundation-h265: 746d11721c4dcdbdad8f713fa42b33f4 -> 
  custom:audio-encoder-webm-vorbis: bf7c407c2cedff20999df2af8eb42d56 -> 
  custom:framework-win-MediaFoundation: 216162199b28c13a410421893ffa2e32 -> 
  custom:container-demuxer-ogg: 62fdf1f143b41e24485cea50d1cbac27 -> 
  custom:video-decoder-webm-vp8: 9c59270c3fd7afecdb556c50c9e8de78 -> 
  custom:audio-decoder-ogg-vorbis: bf7c407c2cedff20999df2af8eb42d56 -> 
========================================================================
Received Prepare
Registering precompiled user dll's ...
Registered in 0.005086 seconds.
Begin MonoManager ReloadAssembly
Symbol file LoadedFromMemory doesn't match image C:\Unity\LogisticsVR\Library\PackageCache\com.unity.visualscripting@1.7.6\Editor\VisualScripting.Core\Dependencies\YamlDotNet\Unity.VisualScripting.YamlDotNet.dll
Symbol file LoadedFromMemory doesn't match image C:\Unity\LogisticsVR\Library\PackageCache\com.unity.visualscripting@1.7.6\Editor\VisualScripting.Core\Dependencies\DotNetZip\Unity.VisualScripting.IonicZip.dll
Native extension for WindowsStandalone target not found
Refreshing native plugins compatible for Editor in 0.75 ms, found 3 plugins.
Preloading 0 native plugins for Editor in 0.00 ms.
Mono: successfully reloaded assembly
- Completed reload, in  1.035 seconds
Domain Reload Profiling:
	ReloadAssembly (1036ms)
		BeginReloadAssembly (147ms)
			ExecutionOrderSort (0ms)
			DisableScriptedObjects (7ms)
			BackupInstance (0ms)
			ReleaseScriptingObjects (0ms)
			CreateAndSetChildDomain (43ms)
		EndReloadAssembly (786ms)
			LoadAssemblies (81ms)
			RebuildTransferFunctionScriptingTraits (0ms)
			SetupTypeCache (260ms)
			ReleaseScriptCaches (2ms)
			RebuildScriptCaches (40ms)
			SetupLoadedEditorAssemblies (357ms)
				LogAssemblyErrors (0ms)
				InitializePlatformSupportModulesInManaged (12ms)
				SetLoadedEditorAssemblies (0ms)
				RefreshPlugins (1ms)
				BeforeProcessingInitializeOnLoad (69ms)
				ProcessInitializeOnLoadAttributes (241ms)
				ProcessInitializeOnLoadMethodAttributes (27ms)
				AfterProcessingInitializeOnLoad (7ms)
				EditorAssembliesLoaded (0ms)
			ExecutionOrderSort2 (0ms)
			AwakeInstancesAfterBackupRestoration (7ms)
Platform modules already initialized, skipping
Refreshing native plugins compatible for Editor in 0.78 ms, found 3 plugins.
Preloading 0 native plugins for Editor in 0.00 ms.
Unloading 3208 Unused Serialized files (Serialized files now loaded: 0)
Unloading 24 unused Assets / (79.5 KB). Loaded Objects now: 3698.
Memory consumption went from 128.2 MB to 128.2 MB.
Total: 3.264100 ms (FindLiveObjects: 0.311000 ms CreateObjectMapping: 0.093200 ms MarkObjects: 2.768900 ms  DeleteObjects: 0.089800 ms)

AssetImportParameters requested are different than current active one (requested -> active):
  custom:video-decoder-ogg-theora: a1e56fd34408186e4bbccfd4996cb3dc -> 
  custom:container-muxer-webm: aa71ff27fc2769a1b78a27578f13a17b -> 
  custom:container-demuxer-webm: 4f35f7cbe854078d1ac9338744f61a02 -> 
  custom:video-encoder-webm-vp8: eb34c28f22e8b96e1ab97ce403110664 -> 
  custom:video-codec-MediaFoundation-h265: 746d11721c4dcdbdad8f713fa42b33f4 -> 
  custom:audio-encoder-webm-vorbis: bf7c407c2cedff20999df2af8eb42d56 -> 
  custom:framework-win-MediaFoundation: 216162199b28c13a410421893ffa2e32 -> 
  custom:container-demuxer-ogg: 62fdf1f143b41e24485cea50d1cbac27 -> 
  custom:video-decoder-webm-vp8: 9c59270c3fd7afecdb556c50c9e8de78 -> 
  custom:audio-decoder-ogg-vorbis: bf7c407c2cedff20999df2af8eb42d56 -> 
========================================================================
Received Import Request.
  Time since last request: 10699.324416 seconds.
  path: Assets/sample_racer/entities/waterfront/waterfront.fbx
  artifactKey: Guid(85a4112bbf320491fba417c3c27f0367) Importer(815301076,1909f56bfc062723c751e8b465ee728b)
Start importing Assets/sample_racer/entities/waterfront/waterfront.fbx using Guid(85a4112bbf320491fba417c3c27f0367) Importer(815301076,1909f56bfc062723c751e8b465ee728b)  -> (artifact id: '45ebf4ff9356dd737bdbd05e48632419') in 0.290083 seconds 
========================================================================
Received Import Request.
  Time since last request: 291.329054 seconds.
  path: Assets/NAACo/Warehouse_Pack_HD/Built-in/Prefabs/Box_1.prefab
  artifactKey: Guid(7f37b8877f7adc1478448e61f51ba5db) Importer(815301076,1909f56bfc062723c751e8b465ee728b)
Start importing Assets/NAACo/Warehouse_Pack_HD/Built-in/Prefabs/Box_1.prefab using Guid(7f37b8877f7adc1478448e61f51ba5db) Importer(815301076,1909f56bfc062723c751e8b465ee728b)  -> (artifact id: '8b6b13b8acadf05c72c94731156257a6') in 0.320925 seconds 
========================================================================
Received Import Request.
  Time since last request: 0.000038 seconds.
  path: Assets/NAACo/Warehouse_Pack_HD/Built-in/Prefabs/Box_3.prefab
  artifactKey: Guid(c8d104e8cc86ab540871e7c8a9d01224) Importer(815301076,1909f56bfc062723c751e8b465ee728b)
Start importing Assets/NAACo/Warehouse_Pack_HD/Built-in/Prefabs/Box_3.prefab using Guid(c8d104e8cc86ab540871e7c8a9d01224) Importer(815301076,1909f56bfc062723c751e8b465ee728b)  -> (artifact id: '4fbfaded004f64e4be195026bd99f73d') in 0.080705 seconds 
========================================================================
Received Import Request.
  Time since last request: 50.809379 seconds.
  path: Assets/NAACo/Warehouse_Pack_HD/Common/Mesh/Box_1.fbx
  artifactKey: Guid(8bc1bfe5feb012949a1377d05e68fbb4) Importer(815301076,1909f56bfc062723c751e8b465ee728b)
Start importing Assets/NAACo/Warehouse_Pack_HD/Common/Mesh/Box_1.fbx using Guid(8bc1bfe5feb012949a1377d05e68fbb4) Importer(815301076,1909f56bfc062723c751e8b465ee728b)  -> (artifact id: '65e7ed88e1d4a99a8c2e03043b2a069e') in 0.037153 seconds 
========================================================================
Received Import Request.
  Time since last request: 0.000031 seconds.
  path: Assets/NAACo/Warehouse_Pack_HD/Common/Mesh/Box_3.fbx
  artifactKey: Guid(e5c39c5db741fbf4cbb1338dddf28d85) Importer(815301076,1909f56bfc062723c751e8b465ee728b)
Start importing Assets/NAACo/Warehouse_Pack_HD/Common/Mesh/Box_3.fbx using Guid(e5c39c5db741fbf4cbb1338dddf28d85) Importer(815301076,1909f56bfc062723c751e8b465ee728b)  -> (artifact id: 'f0d5109fd2f164b2e3504cc942d4ce4f') in 0.029352 seconds 
========================================================================
Received Import Request.
  Time since last request: 0.672140 seconds.
  path: Assets/NAACo/Warehouse_Pack_HD/Common/Textures/Cardboard_boxes_1_1_BaseMap.png
  artifactKey: Guid(3ad66fc23fd64b94b9215b33d832caaf) Importer(815301076,1909f56bfc062723c751e8b465ee728b)
Start importing Assets/NAACo/Warehouse_Pack_HD/Common/Textures/Cardboard_boxes_1_1_BaseMap.png using Guid(3ad66fc23fd64b94b9215b33d832caaf) Importer(815301076,1909f56bfc062723c751e8b465ee728b)  -> (artifact id: '2810bad54a106bddb9ac80ee01e0a060') in 0.036840 seconds 
========================================================================
Received Import Request.
  Time since last request: 0.000027 seconds.
  path: Assets/NAACo/Warehouse_Pack_HD/Common/Textures/Cardboard_boxes_1_1_Normal.png
  artifactKey: Guid(95d3ccdd85353f24caad45eab42ba9c8) Importer(815301076,1909f56bfc062723c751e8b465ee728b)
Start importing Assets/NAACo/Warehouse_Pack_HD/Common/Textures/Cardboard_boxes_1_1_Normal.png using Guid(95d3ccdd85353f24caad45eab42ba9c8) Importer(815301076,1909f56bfc062723c751e8b465ee728b)  -> (artifact id: 'ab4c3b9bdf864264e747485e54c7e7ee') in 0.034031 seconds 
========================================================================
Received Import Request.
  Time since last request: 7.080577 seconds.
  path: Assets/NAACo/Warehouse_Pack_HD/HDRP/Prefabs/Box_1.prefab
  artifactKey: Guid(22898ab3ca29c83499839ed0b7a9a5a3) Importer(815301076,1909f56bfc062723c751e8b465ee728b)
Start importing Assets/NAACo/Warehouse_Pack_HD/HDRP/Prefabs/Box_1.prefab using Guid(22898ab3ca29c83499839ed0b7a9a5a3) Importer(815301076,1909f56bfc062723c751e8b465ee728b)  -> (artifact id: '1e4b37c5788ff77f16f460989753ec41') in 0.062645 seconds 
========================================================================
Received Import Request.
  Time since last request: 0.000038 seconds.
  path: Assets/NAACo/Warehouse_Pack_HD/HDRP/Prefabs/Box_4.prefab
  artifactKey: Guid(3ea940b6017ad94439c52f853482820d) Importer(815301076,1909f56bfc062723c751e8b465ee728b)
Start importing Assets/NAACo/Warehouse_Pack_HD/HDRP/Prefabs/Box_4.prefab using Guid(3ea940b6017ad94439c52f853482820d) Importer(815301076,1909f56bfc062723c751e8b465ee728b)  -> (artifact id: 'f76631c5f804a10c3ae415653c69accf') in 0.075032 seconds 
========================================================================
Received Import Request.
  Time since last request: 10.048835 seconds.
  path: Assets/NAACo/Warehouse_Pack_HD/HDRP/Materials/Cardboard_boxes_1_1_BaseMap.mat
  artifactKey: Guid(8c7e71d3a1ce15b478aa707b745520f9) Importer(815301076,1909f56bfc062723c751e8b465ee728b)
Start importing Assets/NAACo/Warehouse_Pack_HD/HDRP/Materials/Cardboard_boxes_1_1_BaseMap.mat using Guid(8c7e71d3a1ce15b478aa707b745520f9) Importer(815301076,1909f56bfc062723c751e8b465ee728b)  -> (artifact id: '978123a76705309e71e71a6e51a765ea') in 0.049905 seconds 
========================================================================
Received Import Request.
  Time since last request: 5.957022 seconds.
  path: Assets/NAACo/Warehouse_Pack_HD/Built-in/Materials/Cardboard_boxes_1_1_BaseMap.mat
  artifactKey: Guid(ecb6b19825362ce45b3572f5766acbb9) Importer(815301076,1909f56bfc062723c751e8b465ee728b)
Start importing Assets/NAACo/Warehouse_Pack_HD/Built-in/Materials/Cardboard_boxes_1_1_BaseMap.mat using Guid(ecb6b19825362ce45b3572f5766acbb9) Importer(815301076,1909f56bfc062723c751e8b465ee728b)  -> (artifact id: '52b9b6b5edfea73e36d4c69eec8071d3') in 0.051731 seconds 
========================================================================
Received Import Request.
  Time since last request: 24.973184 seconds.
  path: Assets/BrokenVector/LowPolyStoragePack/Prefabs
  artifactKey: Guid(b9bb9fb95e7904d429606f4dcd653b7d) Importer(815301076,1909f56bfc062723c751e8b465ee728b)
Start importing Assets/BrokenVector/LowPolyStoragePack/Prefabs using Guid(b9bb9fb95e7904d429606f4dcd653b7d) Importer(815301076,1909f56bfc062723c751e8b465ee728b)  -> (artifact id: '934663d220cbf314a1641b0aa4d5b0d7') in 0.008279 seconds 
========================================================================
Received Import Request.
  Time since last request: 0.049666 seconds.
  path: Assets/BrokenVector/LowPolyStoragePack/Prefabs/Amp_Rack_01.prefab
  artifactKey: Guid(705d933b89ad2d94a8a505a85bc0a4fd) Importer(815301076,1909f56bfc062723c751e8b465ee728b)
Start importing Assets/BrokenVector/LowPolyStoragePack/Prefabs/Amp_Rack_01.prefab using Guid(705d933b89ad2d94a8a505a85bc0a4fd) Importer(815301076,1909f56bfc062723c751e8b465ee728b)  -> (artifact id: '4cace314d6687495550d7bd076ad8c8e') in 0.174284 seconds 
========================================================================
Received Import Request.
  Time since last request: 0.000022 seconds.
  path: Assets/BrokenVector/LowPolyStoragePack/Prefabs/Bag_01_Red.prefab
  artifactKey: Guid(1cab31799405bf54a952bc3881c055fb) Importer(815301076,1909f56bfc062723c751e8b465ee728b)
Start importing Assets/BrokenVector/LowPolyStoragePack/Prefabs/Bag_01_Red.prefab using Guid(1cab31799405bf54a952bc3881c055fb) Importer(815301076,1909f56bfc062723c751e8b465ee728b)  -> (artifact id: '73990f34b7f96d9170ae44f773dfd6ec') in 0.022665 seconds 
========================================================================
Received Import Request.
  Time since last request: 0.000046 seconds.
  path: Assets/BrokenVector/LowPolyStoragePack/Prefabs/Bag_01_Purple.prefab
  artifactKey: Guid(5a9cf2eaaa5dfef4f88b25565c281777) Importer(815301076,1909f56bfc062723c751e8b465ee728b)
Start importing Assets/BrokenVector/LowPolyStoragePack/Prefabs/Bag_01_Purple.prefab using Guid(5a9cf2eaaa5dfef4f88b25565c281777) Importer(815301076,1909f56bfc062723c751e8b465ee728b)  -> (artifact id: '630e55af8ac650197858141dc75b144e') in 0.021905 seconds 
========================================================================
Received Import Request.
  Time since last request: 0.000032 seconds.
  path: Assets/BrokenVector/LowPolyStoragePack/Prefabs/Barrel_02.prefab
  artifactKey: Guid(393666a36512b694893fb4b95c67c386) Importer(815301076,1909f56bfc062723c751e8b465ee728b)
Start importing Assets/BrokenVector/LowPolyStoragePack/Prefabs/Barrel_02.prefab using Guid(393666a36512b694893fb4b95c67c386) Importer(815301076,1909f56bfc062723c751e8b465ee728b)  -> (artifact id: 'a953edf36b6a2466da29f4a6f886a619') in 0.020633 seconds 
========================================================================
Received Import Request.
  Time since last request: 0.000022 seconds.
  path: Assets/BrokenVector/LowPolyStoragePack/Prefabs/Barrel_03_Purple.prefab
  artifactKey: Guid(ae8c8e436c4cd634d9d09709c9537a72) Importer(815301076,1909f56bfc062723c751e8b465ee728b)
Start importing Assets/BrokenVector/LowPolyStoragePack/Prefabs/Barrel_03_Purple.prefab using Guid(ae8c8e436c4cd634d9d09709c9537a72) Importer(815301076,1909f56bfc062723c751e8b465ee728b)  -> (artifact id: 'a6918286c4d615b7fe6850f9d33a12f3') in 0.020211 seconds 
========================================================================
Received Import Request.
  Time since last request: 0.000033 seconds.
  path: Assets/BrokenVector/LowPolyStoragePack/Prefabs/Bag_01_Yellow.prefab
  artifactKey: Guid(54e51794795d1cd4b85e485eb05d8d89) Importer(815301076,1909f56bfc062723c751e8b465ee728b)
Start importing Assets/BrokenVector/LowPolyStoragePack/Prefabs/Bag_01_Yellow.prefab using Guid(54e51794795d1cd4b85e485eb05d8d89) Importer(815301076,1909f56bfc062723c751e8b465ee728b)  -> (artifact id: 'ecfd261bb60fdda1b3ab71a9fa8f9b8d') in 0.019338 seconds 
========================================================================
Received Import Request.
  Time since last request: 0.000029 seconds.
  path: Assets/BrokenVector/LowPolyStoragePack/Prefabs/Bag_02_Purple.prefab
  artifactKey: Guid(cb67168c0b7373f40bee1fd44669f986) Importer(815301076,1909f56bfc062723c751e8b465ee728b)
Start importing Assets/BrokenVector/LowPolyStoragePack/Prefabs/Bag_02_Purple.prefab using Guid(cb67168c0b7373f40bee1fd44669f986) Importer(815301076,1909f56bfc062723c751e8b465ee728b)  -> (artifact id: 'b85798bffa0c48b37cfa7520c904d02d') in 0.021042 seconds 
========================================================================
Received Import Request.
  Time since last request: 0.000035 seconds.
  path: Assets/BrokenVector/LowPolyStoragePack/Prefabs/Bag_01_Blue.prefab
  artifactKey: Guid(53feeaf808cce28429d051dcbd6642ec) Importer(815301076,1909f56bfc062723c751e8b465ee728b)
Start importing Assets/BrokenVector/LowPolyStoragePack/Prefabs/Bag_01_Blue.prefab using Guid(53feeaf808cce28429d051dcbd6642ec) Importer(815301076,1909f56bfc062723c751e8b465ee728b)  -> (artifact id: '710b635edbbc56a4df9f006d7c761cb4') in 0.022994 seconds 
========================================================================
Received Import Request.
  Time since last request: 0.000033 seconds.
  path: Assets/BrokenVector/LowPolyStoragePack/Prefabs/Bag_02_Red.prefab
  artifactKey: Guid(7997690bee8c7cd45a58d92cc3ea5dff) Importer(815301076,1909f56bfc062723c751e8b465ee728b)
Start importing Assets/BrokenVector/LowPolyStoragePack/Prefabs/Bag_02_Red.prefab using Guid(7997690bee8c7cd45a58d92cc3ea5dff) Importer(815301076,1909f56bfc062723c751e8b465ee728b)  -> (artifact id: 'ec12b7b1f6a8f7ba61ecd45e6213c4dd') in 0.021564 seconds 
========================================================================
Received Import Request.
  Time since last request: 1.562529 seconds.
  path: Assets/BrokenVector/LowPolyStoragePack/Prefabs/Barrel_03_Red.prefab
  artifactKey: Guid(016291d4f25026846b760aa140d85aa1) Importer(815301076,1909f56bfc062723c751e8b465ee728b)
Start importing Assets/BrokenVector/LowPolyStoragePack/Prefabs/Barrel_03_Red.prefab using Guid(016291d4f25026846b760aa140d85aa1) Importer(815301076,1909f56bfc062723c751e8b465ee728b)  -> (artifact id: 'd1e17240da8bf6675d3dbc27701da0f5') in 0.017021 seconds 
========================================================================
Received Import Request.
  Time since last request: 0.000019 seconds.
  path: Assets/BrokenVector/LowPolyStoragePack/Prefabs/Basket_01.prefab
  artifactKey: Guid(e331e7340eca68541a71e53e5f80b86a) Importer(815301076,1909f56bfc062723c751e8b465ee728b)
Start importing Assets/BrokenVector/LowPolyStoragePack/Prefabs/Basket_01.prefab using Guid(e331e7340eca68541a71e53e5f80b86a) Importer(815301076,1909f56bfc062723c751e8b465ee728b)  -> (artifact id: '9b168fa86eb05e7652febe6f25d68acc') in 0.022268 seconds 
========================================================================
Received Import Request.
  Time since last request: 0.172860 seconds.
  path: Assets/BrokenVector/LowPolyStoragePack/Prefabs/Basket_02.prefab
  artifactKey: Guid(b2eebec45f249ba4e959a5e0cf96b1de) Importer(815301076,1909f56bfc062723c751e8b465ee728b)
Start importing Assets/BrokenVector/LowPolyStoragePack/Prefabs/Basket_02.prefab using Guid(b2eebec45f249ba4e959a5e0cf96b1de) Importer(815301076,1909f56bfc062723c751e8b465ee728b)  -> (artifact id: '5c042d8f19074a56ec182546747d6742') in 0.017270 seconds 
========================================================================
Received Import Request.
  Time since last request: 0.000026 seconds.
  path: Assets/BrokenVector/LowPolyStoragePack/Prefabs/Box_01_Purple.prefab
  artifactKey: Guid(c63b9848197795b43805d085f853e976) Importer(815301076,1909f56bfc062723c751e8b465ee728b)
Start importing Assets/BrokenVector/LowPolyStoragePack/Prefabs/Box_01_Purple.prefab using Guid(c63b9848197795b43805d085f853e976) Importer(815301076,1909f56bfc062723c751e8b465ee728b)  -> (artifact id: '98625108ff22a7b045f9ae99932dc211') in 0.021802 seconds 
========================================================================
Received Import Request.
  Time since last request: 0.129081 seconds.
  path: Assets/BrokenVector/LowPolyStoragePack/Prefabs/Box_01_Red.prefab
  artifactKey: Guid(68e540a3efa72554cad20028e9747fe1) Importer(815301076,1909f56bfc062723c751e8b465ee728b)
Start importing Assets/BrokenVector/LowPolyStoragePack/Prefabs/Box_01_Red.prefab using Guid(68e540a3efa72554cad20028e9747fe1) Importer(815301076,1909f56bfc062723c751e8b465ee728b)  -> (artifact id: 'a3dba35a8d17d9f87852d9a313dd463e') in 0.017549 seconds 
========================================================================
Received Import Request.
  Time since last request: 0.000032 seconds.
  path: Assets/BrokenVector/LowPolyStoragePack/Prefabs/Box_02_Green.prefab
  artifactKey: Guid(006f68bc96878b04e9657bc5fcecb726) Importer(815301076,1909f56bfc062723c751e8b465ee728b)
Start importing Assets/BrokenVector/LowPolyStoragePack/Prefabs/Box_02_Green.prefab using Guid(006f68bc96878b04e9657bc5fcecb726) Importer(815301076,1909f56bfc062723c751e8b465ee728b)  -> (artifact id: '5892f0e7e1b9da7eaaf0d9b59449a8e0') in 0.021069 seconds 
========================================================================
Received Import Request.
  Time since last request: 0.088978 seconds.
  path: Assets/BrokenVector/LowPolyStoragePack/Prefabs/Box_02_Purple.prefab
  artifactKey: Guid(0261ec717e40f9641ad55ee135e1a813) Importer(815301076,1909f56bfc062723c751e8b465ee728b)
Start importing Assets/BrokenVector/LowPolyStoragePack/Prefabs/Box_02_Purple.prefab using Guid(0261ec717e40f9641ad55ee135e1a813) Importer(815301076,1909f56bfc062723c751e8b465ee728b)  -> (artifact id: '35715555e2987050c71816e964f6ed8a') in 0.017363 seconds 
========================================================================
Received Import Request.
  Time since last request: 0.000024 seconds.
  path: Assets/BrokenVector/LowPolyStoragePack/Prefabs/Cabinet_01.prefab
  artifactKey: Guid(e32f6a0e129409b49ab1ada5d1090113) Importer(815301076,1909f56bfc062723c751e8b465ee728b)
Start importing Assets/BrokenVector/LowPolyStoragePack/Prefabs/Cabinet_01.prefab using Guid(e32f6a0e129409b49ab1ada5d1090113) Importer(815301076,1909f56bfc062723c751e8b465ee728b)  -> (artifact id: 'a3580308fecbda8a85bf0cc6b286ecad') in 0.022627 seconds 
========================================================================
Received Import Request.
  Time since last request: 0.053308 seconds.
  path: Assets/BrokenVector/LowPolyStoragePack/Prefabs/Cabinet_02.prefab
  artifactKey: Guid(f2f081c540b0d8f4aa94075355020bfd) Importer(815301076,1909f56bfc062723c751e8b465ee728b)
Start importing Assets/BrokenVector/LowPolyStoragePack/Prefabs/Cabinet_02.prefab using Guid(f2f081c540b0d8f4aa94075355020bfd) Importer(815301076,1909f56bfc062723c751e8b465ee728b)  -> (artifact id: '50983f8a30bbfa34af33e9b39c215cd0') in 0.016734 seconds 
========================================================================
Received Import Request.
  Time since last request: 0.000048 seconds.
  path: Assets/BrokenVector/LowPolyStoragePack/Prefabs/Container_01_Blue.prefab
  artifactKey: Guid(8795553cb16bf3940892b7adf8761504) Importer(815301076,1909f56bfc062723c751e8b465ee728b)
Start importing Assets/BrokenVector/LowPolyStoragePack/Prefabs/Container_01_Blue.prefab using Guid(8795553cb16bf3940892b7adf8761504) Importer(815301076,1909f56bfc062723c751e8b465ee728b)  -> (artifact id: 'f30881fb8bd973e5a70061802c3def0e') in 0.019624 seconds 
========================================================================
Received Import Request.
  Time since last request: 0.346495 seconds.
  path: Assets/BrokenVector/LowPolyStoragePack/Prefabs/Container_01_Green.prefab
  artifactKey: Guid(ed6ed70884be26a479dd8a819af56329) Importer(815301076,1909f56bfc062723c751e8b465ee728b)
Start importing Assets/BrokenVector/LowPolyStoragePack/Prefabs/Container_01_Green.prefab using Guid(ed6ed70884be26a479dd8a819af56329) Importer(815301076,1909f56bfc062723c751e8b465ee728b)  -> (artifact id: 'bd2761fa2b813ce5ee269c7e3fe262fe') in 0.017297 seconds 
========================================================================
Received Import Request.
  Time since last request: 0.000022 seconds.
  path: Assets/BrokenVector/LowPolyStoragePack/Prefabs/Container_01_Red.prefab
  artifactKey: Guid(bcaff6085a83be0418ea2028313d78ee) Importer(815301076,1909f56bfc062723c751e8b465ee728b)
Start importing Assets/BrokenVector/LowPolyStoragePack/Prefabs/Container_01_Red.prefab using Guid(bcaff6085a83be0418ea2028313d78ee) Importer(815301076,1909f56bfc062723c751e8b465ee728b)  -> (artifact id: '9a8f75b19c2fb9034df05775edc94fc6') in 0.019813 seconds 
========================================================================
Received Import Request.
  Time since last request: 0.018386 seconds.
  path: Assets/BrokenVector/LowPolyStoragePack/Prefabs/Container_02_Blue.prefab
  artifactKey: Guid(2f3eeb9b037e853489950df7ec0c4eb2) Importer(815301076,1909f56bfc062723c751e8b465ee728b)
Start importing Assets/BrokenVector/LowPolyStoragePack/Prefabs/Container_02_Blue.prefab using Guid(2f3eeb9b037e853489950df7ec0c4eb2) Importer(815301076,1909f56bfc062723c751e8b465ee728b)  -> (artifact id: '2a70c11bcdaa935bf234475fa7bba2f3') in 0.022215 seconds 
========================================================================
Received Import Request.
  Time since last request: 0.000054 seconds.
  path: Assets/BrokenVector/LowPolyStoragePack/Prefabs/Container_02_Red.prefab
  artifactKey: Guid(466f5a12c6bdcc54dac02fd25e22b515) Importer(815301076,1909f56bfc062723c751e8b465ee728b)
Start importing Assets/BrokenVector/LowPolyStoragePack/Prefabs/Container_02_Red.prefab using Guid(466f5a12c6bdcc54dac02fd25e22b515) Importer(815301076,1909f56bfc062723c751e8b465ee728b)  -> (artifact id: 'db56136e78c2cdd8e05c76abeaa3d556') in 0.019811 seconds 
========================================================================
Received Import Request.
  Time since last request: 0.213882 seconds.
  path: Assets/BrokenVector/LowPolyStoragePack/Prefabs/Container_02_Yellow.prefab
  artifactKey: Guid(a366be596fd1924488b647425e458433) Importer(815301076,1909f56bfc062723c751e8b465ee728b)
Start importing Assets/BrokenVector/LowPolyStoragePack/Prefabs/Container_02_Yellow.prefab using Guid(a366be596fd1924488b647425e458433) Importer(815301076,1909f56bfc062723c751e8b465ee728b)  -> (artifact id: '95c5ece3ff70be1500791c001d3f6a57') in 0.017045 seconds 
========================================================================
Received Import Request.
  Time since last request: 0.000020 seconds.
  path: Assets/BrokenVector/LowPolyStoragePack/Prefabs/Crate_02.prefab
  artifactKey: Guid(4af2e69a3f0348b44a982423be88c83d) Importer(815301076,1909f56bfc062723c751e8b465ee728b)
Start importing Assets/BrokenVector/LowPolyStoragePack/Prefabs/Crate_02.prefab using Guid(4af2e69a3f0348b44a982423be88c83d) Importer(815301076,1909f56bfc062723c751e8b465ee728b)  -> (artifact id: '725f50fbb072c7c8d523825132269f34') in 0.021156 seconds 
========================================================================
Received Import Request.
  Time since last request: 0.028202 seconds.
  path: Assets/BrokenVector/LowPolyStoragePack/Prefabs/Electric_Box_02.prefab
  artifactKey: Guid(1f0bf28e3bca88e43ad25cf888971634) Importer(815301076,1909f56bfc062723c751e8b465ee728b)
Start importing Assets/BrokenVector/LowPolyStoragePack/Prefabs/Electric_Box_02.prefab using Guid(1f0bf28e3bca88e43ad25cf888971634) Importer(815301076,1909f56bfc062723c751e8b465ee728b)  -> (artifact id: '8681fdb8f3b85383fc43f90282978fa0') in 0.021047 seconds 
========================================================================
Received Import Request.
  Time since last request: 0.000028 seconds.
  path: Assets/BrokenVector/LowPolyStoragePack/Prefabs/Garbage_Can_Blue.prefab
  artifactKey: Guid(18d51fb81a136504a8012d9c99ca47de) Importer(815301076,1909f56bfc062723c751e8b465ee728b)
Start importing Assets/BrokenVector/LowPolyStoragePack/Prefabs/Garbage_Can_Blue.prefab using Guid(18d51fb81a136504a8012d9c99ca47de) Importer(815301076,1909f56bfc062723c751e8b465ee728b)  -> (artifact id: 'f0bcc9a9feb109de4b152aed2f5757ce') in 0.021765 seconds 
========================================================================
Received Import Request.
  Time since last request: 5.976007 seconds.
  path: Assets/BrokenVector/LowPolyStoragePack/Prefabs/Garbage_Can_Purple.prefab
  artifactKey: Guid(f502427f83e10e247a87212504fcc298) Importer(815301076,1909f56bfc062723c751e8b465ee728b)
Start importing Assets/BrokenVector/LowPolyStoragePack/Prefabs/Garbage_Can_Purple.prefab using Guid(f502427f83e10e247a87212504fcc298) Importer(815301076,1909f56bfc062723c751e8b465ee728b)  -> (artifact id: 'cf1a265c3761803781576f4c873053ac') in 0.018989 seconds 
========================================================================
Received Import Request.
  Time since last request: 0.000031 seconds.
  path: Assets/BrokenVector/LowPolyStoragePack/Prefabs/Giftbox_01_Green.prefab
  artifactKey: Guid(f4dfdc4587263744f96196217d1976b7) Importer(815301076,1909f56bfc062723c751e8b465ee728b)
Start importing Assets/BrokenVector/LowPolyStoragePack/Prefabs/Giftbox_01_Green.prefab using Guid(f4dfdc4587263744f96196217d1976b7) Importer(815301076,1909f56bfc062723c751e8b465ee728b)  -> (artifact id: '071d6e25c34ae2748c1620ebd4307acc') in 0.021942 seconds 
========================================================================
Received Import Request.
  Time since last request: 0.000029 seconds.
  path: Assets/BrokenVector/LowPolyStoragePack/Prefabs/Giftbox_01_Red.prefab
  artifactKey: Guid(13e2ed0fe08f41e47b8c83e610b93d2d) Importer(815301076,1909f56bfc062723c751e8b465ee728b)
Start importing Assets/BrokenVector/LowPolyStoragePack/Prefabs/Giftbox_01_Red.prefab using Guid(13e2ed0fe08f41e47b8c83e610b93d2d) Importer(815301076,1909f56bfc062723c751e8b465ee728b)  -> (artifact id: 'cd5646aa33a8e21815b7589ebe274a23') in 0.021252 seconds 
========================================================================
Received Import Request.
  Time since last request: 0.000030 seconds.
  path: Assets/BrokenVector/LowPolyStoragePack/Prefabs/Giftbox_01_Yellow.prefab
  artifactKey: Guid(41f004686382a67468525c4a27865c20) Importer(815301076,1909f56bfc062723c751e8b465ee728b)
Start importing Assets/BrokenVector/LowPolyStoragePack/Prefabs/Giftbox_01_Yellow.prefab using Guid(41f004686382a67468525c4a27865c20) Importer(815301076,1909f56bfc062723c751e8b465ee728b)  -> (artifact id: 'ffe9dd01c6661dbd5de428169e3ff634') in 0.020274 seconds 
========================================================================
Received Import Request.
  Time since last request: 0.000033 seconds.
  path: Assets/BrokenVector/LowPolyStoragePack/Prefabs/Giftbox_02_Red.prefab
  artifactKey: Guid(c526998ace67d04498684066f2a75d3d) Importer(815301076,1909f56bfc062723c751e8b465ee728b)
Start importing Assets/BrokenVector/LowPolyStoragePack/Prefabs/Giftbox_02_Red.prefab using Guid(c526998ace67d04498684066f2a75d3d) Importer(815301076,1909f56bfc062723c751e8b465ee728b)  -> (artifact id: 'c5f1f1fbe8a0fabf6de0b9413bd1b5f8') in 0.023050 seconds 
========================================================================
Received Import Request.
  Time since last request: 0.000041 seconds.
  path: Assets/BrokenVector/LowPolyStoragePack/Prefabs/Giftbox_02_Green.prefab
  artifactKey: Guid(f132b7480e2d1db40a65bbae13a582fc) Importer(815301076,1909f56bfc062723c751e8b465ee728b)
Start importing Assets/BrokenVector/LowPolyStoragePack/Prefabs/Giftbox_02_Green.prefab using Guid(f132b7480e2d1db40a65bbae13a582fc) Importer(815301076,1909f56bfc062723c751e8b465ee728b)  -> (artifact id: '3c03002975a28c13aabf1342201d10d2') in 0.019361 seconds 
========================================================================
Received Import Request.
  Time since last request: 0.630435 seconds.
  path: Assets/BrokenVector/LowPolyStoragePack/Prefabs/Giftbox_02_Yellow.prefab
  artifactKey: Guid(ae3ef10b277161d41ab5e71e3cbc9983) Importer(815301076,1909f56bfc062723c751e8b465ee728b)
Start importing Assets/BrokenVector/LowPolyStoragePack/Prefabs/Giftbox_02_Yellow.prefab using Guid(ae3ef10b277161d41ab5e71e3cbc9983) Importer(815301076,1909f56bfc062723c751e8b465ee728b)  -> (artifact id: 'aaaa3507aa6bb186f5c99beb856bb0da') in 0.018309 seconds 
========================================================================
Received Import Request.
  Time since last request: 0.000033 seconds.
  path: Assets/BrokenVector/LowPolyStoragePack/Prefabs/Giftbox_03_Red.prefab
  artifactKey: Guid(35380f0d2bbbc714691343711ab2194d) Importer(815301076,1909f56bfc062723c751e8b465ee728b)
Start importing Assets/BrokenVector/LowPolyStoragePack/Prefabs/Giftbox_03_Red.prefab using Guid(35380f0d2bbbc714691343711ab2194d) Importer(815301076,1909f56bfc062723c751e8b465ee728b)  -> (artifact id: 'f32cb310a150b296a4f26617c37ba30a') in 0.022017 seconds 
========================================================================
Received Import Request.
  Time since last request: 0.115890 seconds.
  path: Assets/BrokenVector/LowPolyStoragePack/Prefabs/Storage_Rack_02.prefab
  artifactKey: Guid(34b8a5bfe71cc1844b2d95a6853d2630) Importer(815301076,1909f56bfc062723c751e8b465ee728b)
Start importing Assets/BrokenVector/LowPolyStoragePack/Prefabs/Storage_Rack_02.prefab using Guid(34b8a5bfe71cc1844b2d95a6853d2630) Importer(815301076,1909f56bfc062723c751e8b465ee728b)  -> (artifact id: 'efaaebfc5a1e074fda5e0d01d2c84009') in 0.016519 seconds 
========================================================================
Received Import Request.
  Time since last request: 0.066721 seconds.
  path: Assets/BrokenVector/LowPolyStoragePack/Prefabs/Suitcase_01_Red.prefab
  artifactKey: Guid(90ee87c3535ae7a4bb03b7a82142209c) Importer(815301076,1909f56bfc062723c751e8b465ee728b)
Start importing Assets/BrokenVector/LowPolyStoragePack/Prefabs/Suitcase_01_Red.prefab using Guid(90ee87c3535ae7a4bb03b7a82142209c) Importer(815301076,1909f56bfc062723c751e8b465ee728b)  -> (artifact id: '78acaf580fb047bfdb529eddad10688c') in 0.016479 seconds 
========================================================================
Received Import Request.
  Time since last request: 0.170573 seconds.
  path: Assets/BrokenVector/LowPolyStoragePack/Prefabs/Suitcase_02_Purple.prefab
  artifactKey: Guid(22362e7eebd4876428d832d6aa3e4ecc) Importer(815301076,1909f56bfc062723c751e8b465ee728b)
Start importing Assets/BrokenVector/LowPolyStoragePack/Prefabs/Suitcase_02_Purple.prefab using Guid(22362e7eebd4876428d832d6aa3e4ecc) Importer(815301076,1909f56bfc062723c751e8b465ee728b)  -> (artifact id: '2d2e93437c4765d6dddf2858144b9677') in 0.017090 seconds 
========================================================================
Received Import Request.
  Time since last request: 0.029055 seconds.
  path: Assets/BrokenVector/LowPolyStoragePack/Prefabs/Trashcan_02.prefab
  artifactKey: Guid(0ffd42e52125bc740b173f3df62f1518) Importer(815301076,1909f56bfc062723c751e8b465ee728b)
Start importing Assets/BrokenVector/LowPolyStoragePack/Prefabs/Trashcan_02.prefab using Guid(0ffd42e52125bc740b173f3df62f1518) Importer(815301076,1909f56bfc062723c751e8b465ee728b)  -> (artifact id: '0466a4337569d019f51aaae46fa76c5b') in 0.018311 seconds 
========================================================================
Received Import Request.
  Time since last request: 26.674794 seconds.
  path: Assets/sample_racer/entities/misc/Materials/misc_entourage.mat
  artifactKey: Guid(f6704a2c5e4ca134688a291367615b4c) Importer(815301076,1909f56bfc062723c751e8b465ee728b)
Start importing Assets/sample_racer/entities/misc/Materials/misc_entourage.mat using Guid(f6704a2c5e4ca134688a291367615b4c) Importer(815301076,1909f56bfc062723c751e8b465ee728b)  -> (artifact id: '9e2797dc6f946c8c794910b35409eeeb') in 0.014942 seconds 
========================================================================
Received Import Request.
  Time since last request: 0.000023 seconds.
  path: Assets/sample_racer/entities/misc/Materials/No Name.mat
  artifactKey: Guid(2d0e7d7117a83dc48b0bd7076d9f83d6) Importer(815301076,1909f56bfc062723c751e8b465ee728b)
Start importing Assets/sample_racer/entities/misc/Materials/No Name.mat using Guid(2d0e7d7117a83dc48b0bd7076d9f83d6) Importer(815301076,1909f56bfc062723c751e8b465ee728b)  -> (artifact id: '28b37e5a8f8298126715873bcfaf18f2') in 0.016450 seconds 
========================================================================
Received Import Request.
  Time since last request: 1.650632 seconds.
  path: Assets/sample_racer/entities/misc/misc_fance.fbx
  artifactKey: Guid(45b73f0350363416688c2094e68bcd97) Importer(815301076,1909f56bfc062723c751e8b465ee728b)
Start importing Assets/sample_racer/entities/misc/misc_fance.fbx using Guid(45b73f0350363416688c2094e68bcd97) Importer(815301076,1909f56bfc062723c751e8b465ee728b)  -> (artifact id: '38d3773565272dd19cdd316d15e497f5') in 0.039513 seconds 
========================================================================
Received Import Request.
  Time since last request: 4.266159 seconds.
  path: Assets/sample_racer/entities/misc/misc_sand_b.png
  artifactKey: Guid(55063ea6e341c4941ab95425f790c98a) Importer(815301076,1909f56bfc062723c751e8b465ee728b)
Start importing Assets/sample_racer/entities/misc/misc_sand_b.png using Guid(55063ea6e341c4941ab95425f790c98a) Importer(815301076,1909f56bfc062723c751e8b465ee728b)  -> (artifact id: '2dc7a36a114d12f64056c51f65d735f2') in 0.016622 seconds 
========================================================================
Received Import Request.
  Time since last request: 0.064239 seconds.
  path: Assets/sample_racer/entities/misc/misc_tree_palm_b.png
  artifactKey: Guid(febbd953fd839441b84aa50f9c9a2af5) Importer(815301076,1909f56bfc062723c751e8b465ee728b)
Start importing Assets/sample_racer/entities/misc/misc_tree_palm_b.png using Guid(febbd953fd839441b84aa50f9c9a2af5) Importer(815301076,1909f56bfc062723c751e8b465ee728b)  -> (artifact id: '884a8e9873c55faa81b959234a9785a3') in 0.015192 seconds 
========================================================================
Received Import Request.
  Time since last request: 0.571043 seconds.
  path: Assets/sample_racer/entities/misc/misc_window.png
  artifactKey: Guid(91f54fe2ac3af4293b05200c742c316e) Importer(815301076,1909f56bfc062723c751e8b465ee728b)
Start importing Assets/sample_racer/entities/misc/misc_window.png using Guid(91f54fe2ac3af4293b05200c742c316e) Importer(815301076,1909f56bfc062723c751e8b465ee728b)  -> (artifact id: '672df605596048c49460ee7845ae7ddc') in 0.013630 seconds 
========================================================================
Received Import Request.
  Time since last request: 7.113474 seconds.
  path: Assets/sample_racer/entities/skyboxes/skyDesert.mat
  artifactKey: Guid(2066515a15bfcb44cb9efe4165c804b4) Importer(815301076,1909f56bfc062723c751e8b465ee728b)
Start importing Assets/sample_racer/entities/skyboxes/skyDesert.mat using Guid(2066515a15bfcb44cb9efe4165c804b4) Importer(815301076,1909f56bfc062723c751e8b465ee728b)  -> (artifact id: 'e01f50a35ff9f50bc54da0b1cc972c1e') in 0.017036 seconds 
========================================================================
Received Import Request.
  Time since last request: 0.000029 seconds.
  path: Assets/sample_racer/entities/skyboxes/skyWaterfront.mat
  artifactKey: Guid(b6b3cb744db667d48b2cb3540112cae1) Importer(815301076,1909f56bfc062723c751e8b465ee728b)
Start importing Assets/sample_racer/entities/skyboxes/skyWaterfront.mat using Guid(b6b3cb744db667d48b2cb3540112cae1) Importer(815301076,1909f56bfc062723c751e8b465ee728b)  -> (artifact id: 'e999975611f06fc50d42a1450f075213') in 0.012326 seconds 
========================================================================
Received Import Request.
  Time since last request: 4.253296 seconds.
  path: Assets/sample_racer/entities/waterfront/waterfront_textures
  artifactKey: Guid(d9411cec5b866410d83bf728f88effe9) Importer(815301076,1909f56bfc062723c751e8b465ee728b)
Start importing Assets/sample_racer/entities/waterfront/waterfront_textures using Guid(d9411cec5b866410d83bf728f88effe9) Importer(815301076,1909f56bfc062723c751e8b465ee728b)  -> (artifact id: 'fbefca2813c0b52b401bba4d0d4ab1cf') in 0.006843 seconds 
========================================================================
Received Import Request.
  Time since last request: 0.209054 seconds.
  path: Assets/sample_racer/entities/waterfront/waterfront_textures/waterfront_atlas_a.png
  artifactKey: Guid(1777199d8799b4f51892bf9713468bd1) Importer(815301076,1909f56bfc062723c751e8b465ee728b)
Start importing Assets/sample_racer/entities/waterfront/waterfront_textures/waterfront_atlas_a.png using Guid(1777199d8799b4f51892bf9713468bd1) Importer(815301076,1909f56bfc062723c751e8b465ee728b)  -> (artifact id: '12ac99dd15d10c5b5eb76085e343dd71') in 0.017475 seconds 
========================================================================
Received Import Request.
  Time since last request: 0.000019 seconds.
  path: Assets/sample_racer/entities/waterfront/waterfront_textures/waterfront_warehouse_fence.png
  artifactKey: Guid(de48dd707e42549c281d28c42e95bfaa) Importer(815301076,1909f56bfc062723c751e8b465ee728b)
Start importing Assets/sample_racer/entities/waterfront/waterfront_textures/waterfront_warehouse_fence.png using Guid(de48dd707e42549c281d28c42e95bfaa) Importer(815301076,1909f56bfc062723c751e8b465ee728b)  -> (artifact id: '0e1259c00893c76018312a655c18665b') in 0.015995 seconds 
========================================================================
Received Import Request.
  Time since last request: 0.000028 seconds.
  path: Assets/sample_racer/entities/waterfront/waterfront_textures/waterfront_warehouse_concrete_b.png
  artifactKey: Guid(875774c4c5185418882b338336477c4f) Importer(815301076,1909f56bfc062723c751e8b465ee728b)
Start importing Assets/sample_racer/entities/waterfront/waterfront_textures/waterfront_warehouse_concrete_b.png using Guid(875774c4c5185418882b338336477c4f) Importer(815301076,1909f56bfc062723c751e8b465ee728b)  -> (artifact id: '9de1064f31abde384f51c97727f9647e') in 0.017778 seconds 
========================================================================
Received Import Request.
  Time since last request: 0.000038 seconds.
  path: Assets/sample_racer/entities/waterfront/waterfront_textures/waterfront_warehouse_door_big.png
  artifactKey: Guid(0c765d34c0e8f4853978d067b3fdfe11) Importer(815301076,1909f56bfc062723c751e8b465ee728b)
Start importing Assets/sample_racer/entities/waterfront/waterfront_textures/waterfront_warehouse_door_big.png using Guid(0c765d34c0e8f4853978d067b3fdfe11) Importer(815301076,1909f56bfc062723c751e8b465ee728b)  -> (artifact id: 'cc10e96e35176916f5631c41d92159f3') in 0.016571 seconds 
========================================================================
Received Import Request.
  Time since last request: 0.000047 seconds.
  path: Assets/sample_racer/entities/waterfront/waterfront_textures/waterfront_warehouse_concrete_c.png
  artifactKey: Guid(d78c7505bae2045c68f4c24ef36b8cf1) Importer(815301076,1909f56bfc062723c751e8b465ee728b)
Start importing Assets/sample_racer/entities/waterfront/waterfront_textures/waterfront_warehouse_concrete_c.png using Guid(d78c7505bae2045c68f4c24ef36b8cf1) Importer(815301076,1909f56bfc062723c751e8b465ee728b)  -> (artifact id: 'dcc4dc3896b84a6c217850034d00f6f0') in 0.016635 seconds 
========================================================================
Received Import Request.
  Time since last request: 0.000035 seconds.
  path: Assets/sample_racer/entities/waterfront/waterfront_textures/waterfront_warehouse_roof_top_a.png
  artifactKey: Guid(774ffc59cf5904daebc758983055c3a0) Importer(815301076,1909f56bfc062723c751e8b465ee728b)
Start importing Assets/sample_racer/entities/waterfront/waterfront_textures/waterfront_warehouse_roof_top_a.png using Guid(774ffc59cf5904daebc758983055c3a0) Importer(815301076,1909f56bfc062723c751e8b465ee728b)  -> (artifact id: '57b81802f7c98715081efb14b096147b') in 0.014137 seconds 
========================================================================
Received Import Request.
  Time since last request: 4.194722 seconds.
  path: Assets/sample_racer/entities/garage/Materials/misc_asphalt_45d.mat
  artifactKey: Guid(528b10df9b647954c85f15b16fbd130d) Importer(815301076,1909f56bfc062723c751e8b465ee728b)
Start importing Assets/sample_racer/entities/garage/Materials/misc_asphalt_45d.mat using Guid(528b10df9b647954c85f15b16fbd130d) Importer(815301076,1909f56bfc062723c751e8b465ee728b)  -> (artifact id: 'cd1b3368f56af913ccc68adaad6b5793') in 0.015114 seconds 
========================================================================
Received Import Request.
  Time since last request: 0.000022 seconds.
  path: Assets/sample_racer/entities/garage/Materials/warehouse_pinboard.mat
  artifactKey: Guid(e5a84a3ad70a93b4db32cc88ff9fc3a7) Importer(815301076,1909f56bfc062723c751e8b465ee728b)
Start importing Assets/sample_racer/entities/garage/Materials/warehouse_pinboard.mat using Guid(e5a84a3ad70a93b4db32cc88ff9fc3a7) Importer(815301076,1909f56bfc062723c751e8b465ee728b)  -> (artifact id: '4c0d1d5e9f3a9e446550ae3441e569e6') in 0.017724 seconds 
========================================================================
Received Import Request.
  Time since last request: 0.000025 seconds.
  path: Assets/sample_racer/entities/garage/Materials/warehouse_atlas_a.mat
  artifactKey: Guid(f403032e0a72b784a89e49e20acb4ec1) Importer(815301076,1909f56bfc062723c751e8b465ee728b)
Start importing Assets/sample_racer/entities/garage/Materials/warehouse_atlas_a.mat using Guid(f403032e0a72b784a89e49e20acb4ec1) Importer(815301076,1909f56bfc062723c751e8b465ee728b)  -> (artifact id: '8b5747ff9896c90731ecf40006a04f69') in 0.014543 seconds 
========================================================================
Received Import Request.
  Time since last request: 0.000034 seconds.
  path: Assets/sample_racer/entities/garage/Materials/warehouse_floor_metal_frame_a.mat
  artifactKey: Guid(be1d8fdcaae8f1747a722513182aa3c4) Importer(815301076,1909f56bfc062723c751e8b465ee728b)
Start importing Assets/sample_racer/entities/garage/Materials/warehouse_floor_metal_frame_a.mat using Guid(be1d8fdcaae8f1747a722513182aa3c4) Importer(815301076,1909f56bfc062723c751e8b465ee728b)  -> (artifact id: '963de999c8e2c9617a40739e884cf94a') in 0.015511 seconds 
========================================================================
Received Import Request.
  Time since last request: 0.000029 seconds.
  path: Assets/sample_racer/entities/garage/Materials/warehouse_floor.mat
  artifactKey: Guid(466c9bcd272b2ab4d9c6528be5f63fff) Importer(815301076,1909f56bfc062723c751e8b465ee728b)
Start importing Assets/sample_racer/entities/garage/Materials/warehouse_floor.mat using Guid(466c9bcd272b2ab4d9c6528be5f63fff) Importer(815301076,1909f56bfc062723c751e8b465ee728b)  -> (artifact id: '518dbc4cd1d4f2dcfdb777a1923b0e65') in 0.018786 seconds 
========================================================================
Received Import Request.
  Time since last request: 0.000043 seconds.
  path: Assets/sample_racer/entities/garage/Materials/warehouse_rollupdoor.mat
  artifactKey: Guid(05215235b888d8b47bcd076fa4e58c6e) Importer(815301076,1909f56bfc062723c751e8b465ee728b)
Start importing Assets/sample_racer/entities/garage/Materials/warehouse_rollupdoor.mat using Guid(05215235b888d8b47bcd076fa4e58c6e) Importer(815301076,1909f56bfc062723c751e8b465ee728b)  -> (artifact id: '2b62aacdd1ddb643148fcbe6f1f5a619') in 0.014983 seconds 
========================================================================
Received Import Request.
  Time since last request: 3.322110 seconds.
  path: Assets/sample_racer/entities/garage/warehouse_textures/warehouse_toostorage_b.png
  artifactKey: Guid(f70e56912233948088ea21e4eeffd267) Importer(815301076,1909f56bfc062723c751e8b465ee728b)
Start importing Assets/sample_racer/entities/garage/warehouse_textures/warehouse_toostorage_b.png using Guid(f70e56912233948088ea21e4eeffd267) Importer(815301076,1909f56bfc062723c751e8b465ee728b)  -> (artifact id: 'fa6a5b07bcfa6c9f45bb4e68b0bc67ce') in 0.016610 seconds 
========================================================================
Received Import Request.
  Time since last request: 0.000025 seconds.
  path: Assets/sample_racer/entities/garage/warehouse_textures/warehouse_wall_brick_a.png
  artifactKey: Guid(66fd28a649a04484797d5eeff8f10fd5) Importer(815301076,1909f56bfc062723c751e8b465ee728b)
Start importing Assets/sample_racer/entities/garage/warehouse_textures/warehouse_wall_brick_a.png using Guid(66fd28a649a04484797d5eeff8f10fd5) Importer(815301076,1909f56bfc062723c751e8b465ee728b)  -> (artifact id: 'e341cdba7c6b9d262d4b33df8748f343') in 0.016216 seconds 
========================================================================
Received Import Request.
  Time since last request: 0.000026 seconds.
  path: Assets/sample_racer/entities/garage/warehouse_textures/warehouse_wheel_a.png
  artifactKey: Guid(b83dabc327c5e492aa5951a5ce95f79b) Importer(815301076,1909f56bfc062723c751e8b465ee728b)
Start importing Assets/sample_racer/entities/garage/warehouse_textures/warehouse_wheel_a.png using Guid(b83dabc327c5e492aa5951a5ce95f79b) Importer(815301076,1909f56bfc062723c751e8b465ee728b)  -> (artifact id: '6c8699671e19624bfd302d7509e378f9') in 0.016799 seconds 
========================================================================
Received Import Request.
  Time since last request: 0.000062 seconds.
  path: Assets/sample_racer/entities/garage/warehouse_textures/warehouse_wheel_d.png
  artifactKey: Guid(50f2fad57037449fa986ce2600a42965) Importer(815301076,1909f56bfc062723c751e8b465ee728b)
Start importing Assets/sample_racer/entities/garage/warehouse_textures/warehouse_wheel_d.png using Guid(50f2fad57037449fa986ce2600a42965) Importer(815301076,1909f56bfc062723c751e8b465ee728b)  -> (artifact id: '902f32ab1b2b0282ce611e2822805234') in 0.018014 seconds 
========================================================================
Received Import Request.
  Time since last request: 0.000033 seconds.
  path: Assets/sample_racer/entities/garage/warehouse_textures/warehouse_wood_a.png
  artifactKey: Guid(bc37a1e19d9ad4340b74cccd46ad6632) Importer(815301076,1909f56bfc062723c751e8b465ee728b)
Start importing Assets/sample_racer/entities/garage/warehouse_textures/warehouse_wood_a.png using Guid(bc37a1e19d9ad4340b74cccd46ad6632) Importer(815301076,1909f56bfc062723c751e8b465ee728b)  -> (artifact id: '9145c8704df757d5c0c8776a9a8f833b') in 0.019114 seconds 
========================================================================
Received Import Request.
  Time since last request: 49.996552 seconds.
  path: Assets/BrokenVector/LowPolyStoragePack/Materials/Storage_Diffuse_Blue.mat
  artifactKey: Guid(b0cfeb8b980746945a0afedcf4ec2880) Importer(815301076,1909f56bfc062723c751e8b465ee728b)
Start importing Assets/BrokenVector/LowPolyStoragePack/Materials/Storage_Diffuse_Blue.mat using Guid(b0cfeb8b980746945a0afedcf4ec2880) Importer(815301076,1909f56bfc062723c751e8b465ee728b)  -> (artifact id: '2f02c09667b3a5d361ed6ae5a137f7d0') in 0.016894 seconds 
========================================================================
Received Import Request.
  Time since last request: 0.000017 seconds.
  path: Assets/BrokenVector/LowPolyStoragePack/Materials/Storage_Unlit_Blue.mat
  artifactKey: Guid(0be69c02f81c03846bb3d5d7b79e19a2) Importer(815301076,1909f56bfc062723c751e8b465ee728b)
Start importing Assets/BrokenVector/LowPolyStoragePack/Materials/Storage_Unlit_Blue.mat using Guid(0be69c02f81c03846bb3d5d7b79e19a2) Importer(815301076,1909f56bfc062723c751e8b465ee728b)  -> (artifact id: 'de28a4deb795ba5d1d24741802534381') in 0.066371 seconds 
========================================================================
Received Import Request.
  Time since last request: 0.000027 seconds.
  path: Assets/BrokenVector/LowPolyStoragePack/Materials/Storage_Unlit_Red.mat
  artifactKey: Guid(c361b9c61d93b424c972e2699e35553d) Importer(815301076,1909f56bfc062723c751e8b465ee728b)
Start importing Assets/BrokenVector/LowPolyStoragePack/Materials/Storage_Unlit_Red.mat using Guid(c361b9c61d93b424c972e2699e35553d) Importer(815301076,1909f56bfc062723c751e8b465ee728b)  -> (artifact id: '44fd025159c013edf586c0bd58245de1') in 0.018879 seconds 
========================================================================
Received Import Request.
  Time since last request: 0.000033 seconds.
  path: Assets/BrokenVector/LowPolyStoragePack/Materials/Storage_Unlit_Yellow.mat
  artifactKey: Guid(ba0a51ddd31b75443b518751ff4cb263) Importer(815301076,1909f56bfc062723c751e8b465ee728b)
Start importing Assets/BrokenVector/LowPolyStoragePack/Materials/Storage_Unlit_Yellow.mat using Guid(ba0a51ddd31b75443b518751ff4cb263) Importer(815301076,1909f56bfc062723c751e8b465ee728b)  -> (artifact id: '87266d05f78ccaeb77867b426d2c140b') in 0.018009 seconds 
========================================================================
Received Import Request.
  Time since last request: 0.612097 seconds.
  path: Assets/BrokenVector/LowPolyStoragePack/Models/AmpRack_01.dae
  artifactKey: Guid(7b7512508ff7ea348a9e143ad109ed99) Importer(815301076,1909f56bfc062723c751e8b465ee728b)
Start importing Assets/BrokenVector/LowPolyStoragePack/Models/AmpRack_01.dae using Guid(7b7512508ff7ea348a9e143ad109ed99) Importer(815301076,1909f56bfc062723c751e8b465ee728b)  -> (artifact id: 'ea98b1875dd77b9bcd3c3e6a227e1faa') in 0.027884 seconds 
========================================================================
Received Import Request.
  Time since last request: 0.000030 seconds.
  path: Assets/BrokenVector/LowPolyStoragePack/Models/Cabinet_03.dae
  artifactKey: Guid(1ed15304222a5714492c11688b4476ce) Importer(815301076,1909f56bfc062723c751e8b465ee728b)
Start importing Assets/BrokenVector/LowPolyStoragePack/Models/Cabinet_03.dae using Guid(1ed15304222a5714492c11688b4476ce) Importer(815301076,1909f56bfc062723c751e8b465ee728b)  -> (artifact id: 'b602bb462663de379dd8fa2d1e8131b2') in 0.020488 seconds 
========================================================================
Received Import Request.
  Time since last request: 0.000088 seconds.
  path: Assets/BrokenVector/LowPolyStoragePack/Models/Container_01.dae
  artifactKey: Guid(69aae84d594b6f24995327e55246f937) Importer(815301076,1909f56bfc062723c751e8b465ee728b)
Start importing Assets/BrokenVector/LowPolyStoragePack/Models/Container_01.dae using Guid(69aae84d594b6f24995327e55246f937) Importer(815301076,1909f56bfc062723c751e8b465ee728b)  -> (artifact id: '88dc51d75351e1ec6491245d82ca9ab3') in 0.022677 seconds 
========================================================================
Received Import Request.
  Time since last request: 0.000032 seconds.
  path: Assets/BrokenVector/LowPolyStoragePack/Models/Basket_01.dae
  artifactKey: Guid(2d8033975589a264aa189c915aa5d9d9) Importer(815301076,1909f56bfc062723c751e8b465ee728b)
Start importing Assets/BrokenVector/LowPolyStoragePack/Models/Basket_01.dae using Guid(2d8033975589a264aa189c915aa5d9d9) Importer(815301076,1909f56bfc062723c751e8b465ee728b)  -> (artifact id: '2c58d8adac1c7fc987b4b1fad475bbe0') in 0.022720 seconds 
========================================================================
Received Import Request.
  Time since last request: 0.000028 seconds.
  path: Assets/BrokenVector/LowPolyStoragePack/Models/Basket_02.dae
  artifactKey: Guid(982b488cfea6b424b84c9ed986a74f04) Importer(815301076,1909f56bfc062723c751e8b465ee728b)
Start importing Assets/BrokenVector/LowPolyStoragePack/Models/Basket_02.dae using Guid(982b488cfea6b424b84c9ed986a74f04) Importer(815301076,1909f56bfc062723c751e8b465ee728b)  -> (artifact id: '31b03382f444e9e587b5eb096d1ae2d2') in 0.019615 seconds 
========================================================================
Received Import Request.
  Time since last request: 0.000032 seconds.
  path: Assets/BrokenVector/LowPolyStoragePack/Models/Cabinet_01.dae
  artifactKey: Guid(ffda0faa00b197942bab9c63c81e74e5) Importer(815301076,1909f56bfc062723c751e8b465ee728b)
Start importing Assets/BrokenVector/LowPolyStoragePack/Models/Cabinet_01.dae using Guid(ffda0faa00b197942bab9c63c81e74e5) Importer(815301076,1909f56bfc062723c751e8b465ee728b)  -> (artifact id: 'cd60534b491755bd43e371c83ed7dee8') in 0.021392 seconds 
========================================================================
Received Import Request.
  Time since last request: 2.782349 seconds.
  path: Assets/BrokenVector/LowPolyStoragePack/Models/Container_02.dae
  artifactKey: Guid(58b2a76bf4bc9d343ac061af00f7c612) Importer(815301076,1909f56bfc062723c751e8b465ee728b)
Start importing Assets/BrokenVector/LowPolyStoragePack/Models/Container_02.dae using Guid(58b2a76bf4bc9d343ac061af00f7c612) Importer(815301076,1909f56bfc062723c751e8b465ee728b)  -> (artifact id: 'e43722b2a4b11fdf55f81e3c9d663b02') in 0.019158 seconds 
========================================================================
Received Import Request.
  Time since last request: 0.213645 seconds.
  path: Assets/BrokenVector/LowPolyStoragePack/Models/ElectricBox_02.dae
  artifactKey: Guid(8b31306a55f55a443a1ae198d8098127) Importer(815301076,1909f56bfc062723c751e8b465ee728b)
Start importing Assets/BrokenVector/LowPolyStoragePack/Models/ElectricBox_02.dae using Guid(8b31306a55f55a443a1ae198d8098127) Importer(815301076,1909f56bfc062723c751e8b465ee728b)  -> (artifact id: '36b80c8b55675565993ef28edfa34f67') in 0.018951 seconds 
========================================================================
Received Import Request.
  Time since last request: 3.949919 seconds.
  path: Assets/BrokenVector/LowPolyStoragePack/Models/Giftbox_02.dae
  artifactKey: Guid(ad0f380d466940048bdd16c9160d04aa) Importer(815301076,1909f56bfc062723c751e8b465ee728b)
Start importing Assets/BrokenVector/LowPolyStoragePack/Models/Giftbox_02.dae using Guid(ad0f380d466940048bdd16c9160d04aa) Importer(815301076,1909f56bfc062723c751e8b465ee728b)  -> (artifact id: '37caedd6e22e988e1e9235db42994258') in 0.020470 seconds 
========================================================================
Received Import Request.
  Time since last request: 0.557933 seconds.
  path: Assets/BrokenVector/LowPolyStoragePack/Models/StorageRack_02.dae
  artifactKey: Guid(7ba0b5a941909f2499cfeed8a6d6a591) Importer(815301076,1909f56bfc062723c751e8b465ee728b)
Start importing Assets/BrokenVector/LowPolyStoragePack/Models/StorageRack_02.dae using Guid(7ba0b5a941909f2499cfeed8a6d6a591) Importer(815301076,1909f56bfc062723c751e8b465ee728b)  -> (artifact id: 'd6004d14753339ee4eae77a03879aff4') in 0.020088 seconds 
Editor requested this worker to shutdown with reason: Scaling down because of idle timeout
AssetImportWorker is now disconnected from the server
Process exiting
Exiting without the bug reporter. Application will terminate with return code 0